2022-04-05 16:33:13.488 [main] INFO  DataBaseTestConfig - Create DB connection
2022-04-05 16:33:15.135 [main] INFO  DataBaseTestConfig - Closing DB connection
2022-04-05 16:33:15.142 [main] INFO  DataBaseTestConfig - Create DB connection
2022-04-05 16:33:15.267 [main] INFO  DataBaseTestConfig - Closing Result Set
2022-04-05 16:33:15.268 [main] INFO  DataBaseTestConfig - Closing Prepared Statement
2022-04-05 16:33:15.269 [main] INFO  DataBaseTestConfig - Closing DB connection
2022-04-05 16:33:15.269 [main] INFO  DataBaseTestConfig - Create DB connection
2022-04-05 16:33:15.357 [main] INFO  DataBaseTestConfig - Closing Prepared Statement
2022-04-05 16:33:15.359 [main] INFO  DataBaseTestConfig - Closing DB connection
2022-04-05 16:33:15.361 [main] INFO  DataBaseTestConfig - Create DB connection
2022-04-05 16:33:15.434 [main] INFO  DataBaseTestConfig - Closing Result Set
2022-04-05 16:33:15.435 [main] INFO  DataBaseTestConfig - Closing Prepared Statement
2022-04-05 16:33:15.436 [main] INFO  DataBaseTestConfig - Closing DB connection
2022-04-05 16:33:15.436 [main] INFO  DataBaseTestConfig - Create DB connection
2022-04-05 16:33:15.507 [main] INFO  DataBaseTestConfig - Closing DB connection
2022-04-05 16:33:15.508 [main] INFO  DataBaseTestConfig - Create DB connection
2022-04-05 16:33:15.578 [main] INFO  DataBaseTestConfig - Closing Result Set
2022-04-05 16:33:15.578 [main] INFO  DataBaseTestConfig - Closing Prepared Statement
2022-04-05 16:33:15.580 [main] INFO  DataBaseTestConfig - Closing DB connection
2022-04-05 16:33:15.583 [main] INFO  DataBaseTestConfig - Create DB connection
2022-04-05 16:33:15.635 [main] INFO  DataBaseTestConfig - Closing Result Set
2022-04-05 16:33:15.636 [main] INFO  DataBaseTestConfig - Closing Prepared Statement
2022-04-05 16:33:15.636 [main] INFO  DataBaseTestConfig - Closing DB connection
2022-04-05 16:33:15.638 [main] INFO  DataBaseTestConfig - Create DB connection
2022-04-05 16:33:15.693 [main] INFO  DataBaseTestConfig - Closing Result Set
2022-04-05 16:33:15.694 [main] INFO  DataBaseTestConfig - Closing Prepared Statement
2022-04-05 16:33:15.695 [main] INFO  DataBaseTestConfig - Closing DB connection
2022-04-05 16:33:15.695 [main] INFO  DataBaseTestConfig - Create DB connection
2022-04-05 16:33:15.734 [main] INFO  DataBaseTestConfig - Closing DB connection
2022-04-05 16:33:15.734 [main] INFO  DataBaseTestConfig - Create DB connection
2022-04-05 16:33:15.773 [main] INFO  DataBaseTestConfig - Closing Prepared Statement
2022-04-05 16:33:15.774 [main] INFO  DataBaseTestConfig - Closing DB connection
2022-04-05 16:33:15.776 [main] INFO  DataBaseTestConfig - Create DB connection
2022-04-05 16:33:15.814 [main] INFO  DataBaseTestConfig - Closing Result Set
2022-04-05 16:33:15.815 [main] INFO  DataBaseTestConfig - Closing Prepared Statement
2022-04-05 16:33:15.817 [main] INFO  DataBaseTestConfig - Closing DB connection
2022-04-05 16:33:15.818 [main] INFO  DataBaseTestConfig - Create DB connection
2022-04-05 16:33:15.853 [main] INFO  DataBaseTestConfig - Closing Result Set
2022-04-05 16:33:15.853 [main] INFO  DataBaseTestConfig - Closing Prepared Statement
2022-04-05 16:33:15.854 [main] INFO  DataBaseTestConfig - Closing DB connection
2022-04-05 16:33:15.871 [main] INFO  DataBaseTestConfig - Create DB connection
2022-04-05 16:33:16.004 [main] INFO  DataBaseTestConfig - Closing DB connection
2022-04-05 16:33:16.005 [main] INFO  DataBaseTestConfig - Create DB connection
2022-04-05 16:33:16.040 [main] INFO  DataBaseTestConfig - Closing Result Set
2022-04-05 16:33:16.040 [main] INFO  DataBaseTestConfig - Closing Prepared Statement
2022-04-05 16:33:16.041 [main] INFO  DataBaseTestConfig - Closing DB connection
2022-04-05 16:33:16.042 [main] INFO  DataBaseTestConfig - Create DB connection
2022-04-05 16:33:16.071 [main] INFO  DataBaseTestConfig - Closing Prepared Statement
2022-04-05 16:33:16.071 [main] INFO  DataBaseTestConfig - Closing DB connection
2022-04-05 16:33:16.072 [main] INFO  DataBaseTestConfig - Create DB connection
2022-04-05 16:33:16.117 [main] INFO  DataBaseTestConfig - Closing Result Set
2022-04-05 16:33:16.119 [main] INFO  DataBaseTestConfig - Closing Prepared Statement
2022-04-05 16:33:16.122 [main] INFO  DataBaseTestConfig - Closing DB connection
2022-04-05 16:33:16.123 [main] INFO  DataBaseTestConfig - Create DB connection
2022-04-05 16:33:16.149 [main] INFO  DataBaseTestConfig - Closing DB connection
2022-04-05 16:33:16.150 [main] INFO  DataBaseTestConfig - Create DB connection
2022-04-05 16:33:16.182 [main] INFO  DataBaseTestConfig - Closing Result Set
2022-04-05 16:33:16.182 [main] INFO  DataBaseTestConfig - Closing Prepared Statement
2022-04-05 16:33:16.183 [main] INFO  DataBaseTestConfig - Closing DB connection
2022-04-05 16:33:16.183 [main] INFO  DataBaseTestConfig - Create DB connection
2022-04-05 16:33:16.230 [main] INFO  DataBaseTestConfig - Closing Result Set
2022-04-05 16:33:16.230 [main] INFO  DataBaseTestConfig - Closing Prepared Statement
2022-04-05 16:33:16.232 [main] INFO  DataBaseTestConfig - Closing DB connection
2022-04-05 16:33:16.237 [main] INFO  DataBaseTestConfig - Create DB connection
2022-04-05 16:33:16.393 [main] INFO  DataBaseTestConfig - Closing DB connection
2022-04-05 16:33:16.395 [main] INFO  DataBaseTestConfig - Create DB connection
2022-04-05 16:33:16.436 [main] INFO  DataBaseTestConfig - Closing Result Set
2022-04-05 16:33:16.436 [main] INFO  DataBaseTestConfig - Closing Prepared Statement
2022-04-05 16:33:16.438 [main] INFO  DataBaseTestConfig - Closing DB connection
2022-04-05 16:33:16.439 [main] INFO  DataBaseTestConfig - Create DB connection
2022-04-05 16:33:16.481 [main] INFO  DataBaseTestConfig - Closing Prepared Statement
2022-04-05 16:33:16.482 [main] INFO  DataBaseTestConfig - Closing DB connection
2022-04-05 16:33:16.482 [main] INFO  DataBaseTestConfig - Create DB connection
2022-04-05 16:33:16.512 [main] INFO  DataBaseTestConfig - Closing Result Set
2022-04-05 16:33:16.512 [main] INFO  DataBaseTestConfig - Closing Prepared Statement
2022-04-05 16:33:16.513 [main] INFO  DataBaseTestConfig - Closing DB connection
2022-04-05 16:33:16.513 [main] INFO  DataBaseTestConfig - Create DB connection
2022-04-05 16:33:16.556 [main] INFO  DataBaseTestConfig - Closing DB connection
2022-04-05 16:33:16.556 [main] INFO  DataBaseTestConfig - Create DB connection
2022-04-05 16:33:16.588 [main] INFO  DataBaseTestConfig - Closing Result Set
2022-04-05 16:33:16.589 [main] INFO  DataBaseTestConfig - Closing Prepared Statement
2022-04-05 16:33:16.590 [main] INFO  DataBaseTestConfig - Closing DB connection
2022-04-05 16:33:16.591 [main] INFO  DataBaseTestConfig - Create DB connection
2022-04-05 16:33:16.627 [main] INFO  DataBaseTestConfig - Closing Result Set
2022-04-05 16:33:16.628 [main] INFO  DataBaseTestConfig - Closing Prepared Statement
2022-04-05 16:33:16.628 [main] INFO  DataBaseTestConfig - Closing DB connection
2022-04-05 16:33:16.629 [main] INFO  DataBaseTestConfig - Create DB connection
2022-04-05 16:33:16.736 [main] INFO  DataBaseTestConfig - Closing DB connection
2022-04-05 16:40:56.911 [main] INFO  DataBaseTestConfig - Create DB connection
2022-04-05 16:40:58.249 [main] INFO  DataBaseTestConfig - Closing DB connection
2022-04-05 16:40:58.259 [main] INFO  DataBaseTestConfig - Create DB connection
2022-04-05 16:40:58.357 [main] INFO  DataBaseTestConfig - Closing Result Set
2022-04-05 16:40:58.358 [main] INFO  DataBaseTestConfig - Closing Prepared Statement
2022-04-05 16:40:58.359 [main] INFO  DataBaseTestConfig - Closing DB connection
2022-04-05 16:40:58.361 [main] INFO  DataBaseTestConfig - Create DB connection
2022-04-05 16:40:58.417 [main] INFO  DataBaseTestConfig - Closing Prepared Statement
2022-04-05 16:40:58.418 [main] INFO  DataBaseTestConfig - Closing DB connection
2022-04-05 16:40:58.419 [main] INFO  DataBaseTestConfig - Create DB connection
2022-04-05 16:40:58.476 [main] INFO  DataBaseTestConfig - Closing Result Set
2022-04-05 16:40:58.476 [main] INFO  DataBaseTestConfig - Closing Prepared Statement
2022-04-05 16:40:58.477 [main] INFO  DataBaseTestConfig - Closing DB connection
2022-04-05 16:40:58.477 [main] INFO  DataBaseTestConfig - Create DB connection
2022-04-05 16:40:58.539 [main] INFO  DataBaseTestConfig - Closing DB connection
2022-04-05 16:40:58.539 [main] INFO  DataBaseTestConfig - Create DB connection
2022-04-05 16:40:58.585 [main] INFO  DataBaseTestConfig - Closing Result Set
2022-04-05 16:40:58.585 [main] INFO  DataBaseTestConfig - Closing Prepared Statement
2022-04-05 16:40:58.586 [main] INFO  DataBaseTestConfig - Closing DB connection
2022-04-05 16:40:58.589 [main] INFO  DataBaseTestConfig - Create DB connection
2022-04-05 16:40:58.630 [main] INFO  DataBaseTestConfig - Closing Result Set
2022-04-05 16:40:58.631 [main] INFO  DataBaseTestConfig - Closing Prepared Statement
2022-04-05 16:40:58.632 [main] INFO  DataBaseTestConfig - Closing DB connection
2022-04-05 16:40:58.677 [main] INFO  DataBaseTestConfig - Create DB connection
2022-04-05 16:40:58.925 [main] INFO  DataBaseTestConfig - Closing DB connection
2022-04-05 16:41:49.282 [main] INFO  DataBaseTestConfig - Create DB connection
2022-04-05 16:41:50.282 [main] INFO  DataBaseTestConfig - Closing DB connection
2022-04-05 16:41:50.291 [main] INFO  DataBaseTestConfig - Create DB connection
2022-04-05 16:41:50.360 [main] INFO  DataBaseTestConfig - Closing Result Set
2022-04-05 16:41:50.360 [main] INFO  DataBaseTestConfig - Closing Prepared Statement
2022-04-05 16:41:50.361 [main] INFO  DataBaseTestConfig - Closing DB connection
2022-04-05 16:41:50.361 [main] INFO  DataBaseTestConfig - Create DB connection
2022-04-05 16:41:50.398 [main] INFO  DataBaseTestConfig - Closing Prepared Statement
2022-04-05 16:41:50.399 [main] INFO  DataBaseTestConfig - Closing DB connection
2022-04-05 16:41:50.399 [main] INFO  DataBaseTestConfig - Create DB connection
2022-04-05 16:41:50.450 [main] INFO  DataBaseTestConfig - Closing Result Set
2022-04-05 16:41:50.450 [main] INFO  DataBaseTestConfig - Closing Prepared Statement
2022-04-05 16:41:50.451 [main] INFO  DataBaseTestConfig - Closing DB connection
2022-04-05 16:41:50.452 [main] INFO  DataBaseTestConfig - Create DB connection
2022-04-05 16:41:50.494 [main] INFO  DataBaseTestConfig - Closing DB connection
2022-04-05 16:41:50.495 [main] INFO  DataBaseTestConfig - Create DB connection
2022-04-05 16:41:50.549 [main] INFO  DataBaseTestConfig - Closing Result Set
2022-04-05 16:41:50.550 [main] INFO  DataBaseTestConfig - Closing Prepared Statement
2022-04-05 16:41:50.551 [main] INFO  DataBaseTestConfig - Closing DB connection
2022-04-05 16:41:50.553 [main] INFO  DataBaseTestConfig - Create DB connection
2022-04-05 16:41:50.591 [main] INFO  DataBaseTestConfig - Closing Result Set
2022-04-05 16:41:50.591 [main] INFO  DataBaseTestConfig - Closing Prepared Statement
2022-04-05 16:41:50.592 [main] INFO  DataBaseTestConfig - Closing DB connection
2022-04-05 16:41:50.594 [main] INFO  DataBaseTestConfig - Create DB connection
2022-04-05 16:41:50.622 [main] INFO  DataBaseTestConfig - Closing Result Set
2022-04-05 16:41:50.622 [main] INFO  DataBaseTestConfig - Closing Prepared Statement
2022-04-05 16:41:50.623 [main] INFO  DataBaseTestConfig - Closing DB connection
2022-04-05 16:41:50.623 [main] INFO  DataBaseTestConfig - Create DB connection
2022-04-05 16:41:50.653 [main] INFO  DataBaseTestConfig - Closing DB connection
2022-04-05 16:41:50.654 [main] INFO  DataBaseTestConfig - Create DB connection
2022-04-05 16:41:50.682 [main] INFO  DataBaseTestConfig - Closing Prepared Statement
2022-04-05 16:41:50.683 [main] INFO  DataBaseTestConfig - Closing DB connection
2022-04-05 16:41:50.684 [main] INFO  DataBaseTestConfig - Create DB connection
2022-04-05 16:41:50.710 [main] INFO  DataBaseTestConfig - Closing Result Set
2022-04-05 16:41:50.711 [main] INFO  DataBaseTestConfig - Closing Prepared Statement
2022-04-05 16:41:50.711 [main] INFO  DataBaseTestConfig - Closing DB connection
2022-04-05 16:41:50.712 [main] INFO  DataBaseTestConfig - Create DB connection
2022-04-05 16:41:50.735 [main] INFO  DataBaseTestConfig - Closing Result Set
2022-04-05 16:41:50.736 [main] INFO  DataBaseTestConfig - Closing Prepared Statement
2022-04-05 16:41:50.736 [main] INFO  DataBaseTestConfig - Closing DB connection
2022-04-05 16:41:50.745 [main] INFO  DataBaseTestConfig - Create DB connection
2022-04-05 16:41:50.841 [main] INFO  DataBaseTestConfig - Closing DB connection
2022-04-05 16:41:50.843 [main] INFO  DataBaseTestConfig - Create DB connection
2022-04-05 16:41:50.891 [main] INFO  DataBaseTestConfig - Closing Result Set
2022-04-05 16:41:50.891 [main] INFO  DataBaseTestConfig - Closing Prepared Statement
2022-04-05 16:41:50.892 [main] INFO  DataBaseTestConfig - Closing DB connection
2022-04-05 16:41:50.894 [main] INFO  DataBaseTestConfig - Create DB connection
2022-04-05 16:41:50.929 [main] INFO  DataBaseTestConfig - Closing Prepared Statement
2022-04-05 16:41:50.930 [main] INFO  DataBaseTestConfig - Closing DB connection
2022-04-05 16:41:50.930 [main] INFO  DataBaseTestConfig - Create DB connection
2022-04-05 16:41:50.964 [main] INFO  DataBaseTestConfig - Closing Result Set
2022-04-05 16:41:50.964 [main] INFO  DataBaseTestConfig - Closing Prepared Statement
2022-04-05 16:41:50.965 [main] INFO  DataBaseTestConfig - Closing DB connection
2022-04-05 16:41:50.965 [main] INFO  DataBaseTestConfig - Create DB connection
2022-04-05 16:41:50.990 [main] INFO  DataBaseTestConfig - Closing DB connection
2022-04-05 16:41:50.991 [main] INFO  DataBaseTestConfig - Create DB connection
2022-04-05 16:41:51.012 [main] INFO  DataBaseTestConfig - Closing Result Set
2022-04-05 16:41:51.012 [main] INFO  DataBaseTestConfig - Closing Prepared Statement
2022-04-05 16:41:51.013 [main] INFO  DataBaseTestConfig - Closing DB connection
2022-04-05 16:41:51.013 [main] INFO  DataBaseTestConfig - Create DB connection
2022-04-05 16:41:51.033 [main] INFO  DataBaseTestConfig - Closing Result Set
2022-04-05 16:41:51.034 [main] INFO  DataBaseTestConfig - Closing Prepared Statement
2022-04-05 16:41:51.035 [main] INFO  DataBaseTestConfig - Closing DB connection
2022-04-05 16:41:51.036 [main] INFO  DataBaseTestConfig - Create DB connection
2022-04-05 16:41:51.156 [main] INFO  DataBaseTestConfig - Closing DB connection
2022-04-05 16:41:51.157 [main] INFO  DataBaseTestConfig - Create DB connection
2022-04-05 16:41:51.201 [main] INFO  DataBaseTestConfig - Closing Result Set
2022-04-05 16:41:51.202 [main] INFO  DataBaseTestConfig - Closing Prepared Statement
2022-04-05 16:41:51.202 [main] INFO  DataBaseTestConfig - Closing DB connection
2022-04-05 16:41:51.203 [main] INFO  DataBaseTestConfig - Create DB connection
2022-04-05 16:41:51.231 [main] INFO  DataBaseTestConfig - Closing Prepared Statement
2022-04-05 16:41:51.231 [main] INFO  DataBaseTestConfig - Closing DB connection
2022-04-05 16:41:51.231 [main] INFO  DataBaseTestConfig - Create DB connection
2022-04-05 16:41:51.256 [main] INFO  DataBaseTestConfig - Closing Result Set
2022-04-05 16:41:51.256 [main] INFO  DataBaseTestConfig - Closing Prepared Statement
2022-04-05 16:41:51.257 [main] INFO  DataBaseTestConfig - Closing DB connection
2022-04-05 16:41:51.257 [main] INFO  DataBaseTestConfig - Create DB connection
2022-04-05 16:41:51.285 [main] INFO  DataBaseTestConfig - Closing DB connection
2022-04-05 16:41:51.286 [main] INFO  DataBaseTestConfig - Create DB connection
2022-04-05 16:41:51.304 [main] INFO  DataBaseTestConfig - Closing Result Set
2022-04-05 16:41:51.304 [main] INFO  DataBaseTestConfig - Closing Prepared Statement
2022-04-05 16:41:51.306 [main] INFO  DataBaseTestConfig - Closing DB connection
2022-04-05 16:41:51.306 [main] INFO  DataBaseTestConfig - Create DB connection
2022-04-05 16:41:51.330 [main] INFO  DataBaseTestConfig - Closing Result Set
2022-04-05 16:41:51.330 [main] INFO  DataBaseTestConfig - Closing Prepared Statement
2022-04-05 16:41:51.331 [main] INFO  DataBaseTestConfig - Closing DB connection
2022-04-05 16:41:51.332 [main] INFO  DataBaseTestConfig - Create DB connection
2022-04-05 16:41:51.418 [main] INFO  DataBaseTestConfig - Closing DB connection
2022-04-05 16:43:37.545 [main] INFO  DataBaseTestConfig - Create DB connection
2022-04-05 16:43:38.870 [main] INFO  DataBaseTestConfig - Closing DB connection
2022-04-05 16:43:38.874 [main] INFO  DataBaseTestConfig - Create DB connection
2022-04-05 16:43:38.948 [main] INFO  DataBaseTestConfig - Closing Result Set
2022-04-05 16:43:38.949 [main] INFO  DataBaseTestConfig - Closing Prepared Statement
2022-04-05 16:43:38.949 [main] INFO  DataBaseTestConfig - Closing DB connection
2022-04-05 16:43:38.950 [main] INFO  DataBaseTestConfig - Create DB connection
2022-04-05 16:43:38.991 [main] INFO  DataBaseTestConfig - Closing Prepared Statement
2022-04-05 16:43:38.993 [main] INFO  DataBaseTestConfig - Closing DB connection
2022-04-05 16:43:38.993 [main] INFO  DataBaseTestConfig - Create DB connection
2022-04-05 16:43:39.033 [main] INFO  DataBaseTestConfig - Closing Result Set
2022-04-05 16:43:39.033 [main] INFO  DataBaseTestConfig - Closing Prepared Statement
2022-04-05 16:43:39.035 [main] INFO  DataBaseTestConfig - Closing DB connection
2022-04-05 16:43:39.035 [main] INFO  DataBaseTestConfig - Create DB connection
2022-04-05 16:43:39.067 [main] INFO  DataBaseTestConfig - Closing DB connection
2022-04-05 16:43:39.068 [main] INFO  DataBaseTestConfig - Create DB connection
2022-04-05 16:43:39.103 [main] INFO  DataBaseTestConfig - Closing Result Set
2022-04-05 16:43:39.104 [main] INFO  DataBaseTestConfig - Closing Prepared Statement
2022-04-05 16:43:39.108 [main] INFO  DataBaseTestConfig - Closing DB connection
2022-04-05 16:43:39.112 [main] INFO  DataBaseTestConfig - Create DB connection
2022-04-05 16:43:39.140 [main] INFO  DataBaseTestConfig - Closing Result Set
2022-04-05 16:43:39.140 [main] INFO  DataBaseTestConfig - Closing Prepared Statement
2022-04-05 16:43:39.141 [main] INFO  DataBaseTestConfig - Closing DB connection
2022-04-05 16:43:39.142 [main] INFO  DataBaseTestConfig - Create DB connection
2022-04-05 16:43:39.174 [main] INFO  DataBaseTestConfig - Closing Result Set
2022-04-05 16:43:39.174 [main] INFO  DataBaseTestConfig - Closing Prepared Statement
2022-04-05 16:43:39.174 [main] INFO  DataBaseTestConfig - Closing DB connection
2022-04-05 16:43:39.174 [main] INFO  DataBaseTestConfig - Create DB connection
2022-04-05 16:43:39.208 [main] INFO  DataBaseTestConfig - Closing DB connection
2022-04-05 16:43:39.208 [main] INFO  DataBaseTestConfig - Create DB connection
2022-04-05 16:43:39.240 [main] INFO  DataBaseTestConfig - Closing Prepared Statement
2022-04-05 16:43:39.242 [main] INFO  DataBaseTestConfig - Closing DB connection
2022-04-05 16:43:39.243 [main] INFO  DataBaseTestConfig - Create DB connection
2022-04-05 16:43:39.287 [main] INFO  DataBaseTestConfig - Closing Result Set
2022-04-05 16:43:39.287 [main] INFO  DataBaseTestConfig - Closing Prepared Statement
2022-04-05 16:43:39.288 [main] INFO  DataBaseTestConfig - Closing DB connection
2022-04-05 16:43:39.288 [main] INFO  DataBaseTestConfig - Create DB connection
2022-04-05 16:43:39.331 [main] INFO  DataBaseTestConfig - Closing Result Set
2022-04-05 16:43:39.332 [main] INFO  DataBaseTestConfig - Closing Prepared Statement
2022-04-05 16:43:39.334 [main] INFO  DataBaseTestConfig - Closing DB connection
2022-04-05 16:43:39.367 [main] INFO  DataBaseTestConfig - Create DB connection
2022-04-05 16:43:39.481 [main] INFO  DataBaseTestConfig - Closing DB connection
2022-04-05 16:43:39.483 [main] INFO  DataBaseTestConfig - Create DB connection
2022-04-05 16:43:39.520 [main] INFO  DataBaseTestConfig - Closing Result Set
2022-04-05 16:43:39.522 [main] INFO  DataBaseTestConfig - Closing Prepared Statement
2022-04-05 16:43:39.525 [main] INFO  DataBaseTestConfig - Closing DB connection
2022-04-05 16:43:39.526 [main] INFO  DataBaseTestConfig - Create DB connection
2022-04-05 16:43:39.577 [main] INFO  DataBaseTestConfig - Closing Prepared Statement
2022-04-05 16:43:39.578 [main] INFO  DataBaseTestConfig - Closing DB connection
2022-04-05 16:43:39.578 [main] INFO  DataBaseTestConfig - Create DB connection
2022-04-05 16:43:39.615 [main] INFO  DataBaseTestConfig - Closing Result Set
2022-04-05 16:43:39.616 [main] INFO  DataBaseTestConfig - Closing Prepared Statement
2022-04-05 16:43:39.616 [main] INFO  DataBaseTestConfig - Closing DB connection
2022-04-05 16:43:39.617 [main] INFO  DataBaseTestConfig - Create DB connection
2022-04-05 16:43:39.649 [main] INFO  DataBaseTestConfig - Closing DB connection
2022-04-05 16:43:39.650 [main] INFO  DataBaseTestConfig - Create DB connection
2022-04-05 16:43:39.681 [main] INFO  DataBaseTestConfig - Closing Result Set
2022-04-05 16:43:39.682 [main] INFO  DataBaseTestConfig - Closing Prepared Statement
2022-04-05 16:43:39.683 [main] INFO  DataBaseTestConfig - Closing DB connection
2022-04-05 16:43:39.683 [main] INFO  DataBaseTestConfig - Create DB connection
2022-04-05 16:43:39.719 [main] INFO  DataBaseTestConfig - Closing Result Set
2022-04-05 16:43:39.720 [main] INFO  DataBaseTestConfig - Closing Prepared Statement
2022-04-05 16:43:39.720 [main] INFO  DataBaseTestConfig - Closing DB connection
2022-04-05 16:43:39.723 [main] INFO  DataBaseTestConfig - Create DB connection
2022-04-05 16:43:39.824 [main] INFO  DataBaseTestConfig - Closing DB connection
2022-04-05 16:43:39.825 [main] INFO  DataBaseTestConfig - Create DB connection
2022-04-05 16:43:39.847 [main] INFO  DataBaseTestConfig - Closing Result Set
2022-04-05 16:43:39.848 [main] INFO  DataBaseTestConfig - Closing Prepared Statement
2022-04-05 16:43:39.848 [main] INFO  DataBaseTestConfig - Closing DB connection
2022-04-05 16:43:39.849 [main] INFO  DataBaseTestConfig - Create DB connection
2022-04-05 16:43:39.883 [main] INFO  DataBaseTestConfig - Closing Prepared Statement
2022-04-05 16:43:39.883 [main] INFO  DataBaseTestConfig - Closing DB connection
2022-04-05 16:43:39.884 [main] INFO  DataBaseTestConfig - Create DB connection
2022-04-05 16:43:39.911 [main] INFO  DataBaseTestConfig - Closing Result Set
2022-04-05 16:43:39.911 [main] INFO  DataBaseTestConfig - Closing Prepared Statement
2022-04-05 16:43:39.912 [main] INFO  DataBaseTestConfig - Closing DB connection
2022-04-05 16:43:39.912 [main] INFO  DataBaseTestConfig - Create DB connection
2022-04-05 16:43:39.958 [main] INFO  DataBaseTestConfig - Closing DB connection
2022-04-05 16:43:39.958 [main] INFO  DataBaseTestConfig - Create DB connection
2022-04-05 16:43:39.992 [main] INFO  DataBaseTestConfig - Closing Result Set
2022-04-05 16:43:39.993 [main] INFO  DataBaseTestConfig - Closing Prepared Statement
2022-04-05 16:43:39.994 [main] INFO  DataBaseTestConfig - Closing DB connection
2022-04-05 16:43:39.995 [main] INFO  DataBaseTestConfig - Create DB connection
2022-04-05 16:43:40.036 [main] INFO  DataBaseTestConfig - Closing Result Set
2022-04-05 16:43:40.036 [main] INFO  DataBaseTestConfig - Closing Prepared Statement
2022-04-05 16:43:40.037 [main] INFO  DataBaseTestConfig - Closing DB connection
2022-04-05 16:43:40.039 [main] INFO  DataBaseTestConfig - Create DB connection
2022-04-05 16:43:40.161 [main] INFO  DataBaseTestConfig - Closing DB connection
2022-04-05 16:45:22.093 [main] INFO  DataBaseTestConfig - Create DB connection
2022-04-05 16:45:23.044 [main] INFO  DataBaseTestConfig - Closing DB connection
2022-04-05 16:45:23.049 [main] INFO  DataBaseTestConfig - Create DB connection
2022-04-05 16:45:23.093 [main] INFO  DataBaseTestConfig - Closing Result Set
2022-04-05 16:45:23.093 [main] INFO  DataBaseTestConfig - Closing Prepared Statement
2022-04-05 16:45:23.094 [main] INFO  DataBaseTestConfig - Closing DB connection
2022-04-05 16:45:23.095 [main] INFO  DataBaseTestConfig - Create DB connection
2022-04-05 16:45:23.129 [main] INFO  DataBaseTestConfig - Closing Prepared Statement
2022-04-05 16:45:23.130 [main] INFO  DataBaseTestConfig - Closing DB connection
2022-04-05 16:45:23.130 [main] INFO  DataBaseTestConfig - Create DB connection
2022-04-05 16:45:23.161 [main] INFO  DataBaseTestConfig - Closing Result Set
2022-04-05 16:45:23.161 [main] INFO  DataBaseTestConfig - Closing Prepared Statement
2022-04-05 16:45:23.162 [main] INFO  DataBaseTestConfig - Closing DB connection
2022-04-05 16:45:23.162 [main] INFO  DataBaseTestConfig - Create DB connection
2022-04-05 16:45:23.216 [main] INFO  DataBaseTestConfig - Closing DB connection
2022-04-05 16:45:23.217 [main] INFO  DataBaseTestConfig - Create DB connection
2022-04-05 16:45:23.248 [main] INFO  DataBaseTestConfig - Closing Result Set
2022-04-05 16:45:23.248 [main] INFO  DataBaseTestConfig - Closing Prepared Statement
2022-04-05 16:45:23.249 [main] INFO  DataBaseTestConfig - Closing DB connection
2022-04-05 16:45:23.250 [main] INFO  DataBaseTestConfig - Create DB connection
2022-04-05 16:45:23.275 [main] INFO  DataBaseTestConfig - Closing Result Set
2022-04-05 16:45:23.276 [main] INFO  DataBaseTestConfig - Closing Prepared Statement
2022-04-05 16:45:23.276 [main] INFO  DataBaseTestConfig - Closing DB connection
2022-04-05 16:45:23.278 [main] INFO  DataBaseTestConfig - Create DB connection
2022-04-05 16:45:23.321 [main] INFO  DataBaseTestConfig - Closing Result Set
2022-04-05 16:45:23.322 [main] INFO  DataBaseTestConfig - Closing Prepared Statement
2022-04-05 16:45:23.323 [main] INFO  DataBaseTestConfig - Closing DB connection
2022-04-05 16:45:23.324 [main] INFO  DataBaseTestConfig - Create DB connection
2022-04-05 16:45:23.366 [main] INFO  DataBaseTestConfig - Closing DB connection
2022-04-05 16:45:23.367 [main] INFO  DataBaseTestConfig - Create DB connection
2022-04-05 16:45:23.402 [main] INFO  DataBaseTestConfig - Closing Prepared Statement
2022-04-05 16:45:23.404 [main] INFO  DataBaseTestConfig - Closing DB connection
2022-04-05 16:45:23.404 [main] INFO  DataBaseTestConfig - Create DB connection
2022-04-05 16:45:23.429 [main] INFO  DataBaseTestConfig - Closing Result Set
2022-04-05 16:45:23.429 [main] INFO  DataBaseTestConfig - Closing Prepared Statement
2022-04-05 16:45:23.430 [main] INFO  DataBaseTestConfig - Closing DB connection
2022-04-05 16:45:23.430 [main] INFO  DataBaseTestConfig - Create DB connection
2022-04-05 16:45:23.456 [main] INFO  DataBaseTestConfig - Closing Result Set
2022-04-05 16:45:23.456 [main] INFO  DataBaseTestConfig - Closing Prepared Statement
2022-04-05 16:45:23.457 [main] INFO  DataBaseTestConfig - Closing DB connection
2022-04-05 16:45:23.465 [main] INFO  DataBaseTestConfig - Create DB connection
2022-04-05 16:45:23.560 [main] INFO  DataBaseTestConfig - Closing DB connection
2022-04-05 16:45:23.561 [main] INFO  DataBaseTestConfig - Create DB connection
2022-04-05 16:45:23.588 [main] INFO  DataBaseTestConfig - Closing Result Set
2022-04-05 16:45:23.588 [main] INFO  DataBaseTestConfig - Closing Prepared Statement
2022-04-05 16:45:23.589 [main] INFO  DataBaseTestConfig - Closing DB connection
2022-04-05 16:45:23.589 [main] INFO  DataBaseTestConfig - Create DB connection
2022-04-05 16:45:23.614 [main] INFO  DataBaseTestConfig - Closing Prepared Statement
2022-04-05 16:45:23.615 [main] INFO  DataBaseTestConfig - Closing DB connection
2022-04-05 16:45:23.615 [main] INFO  DataBaseTestConfig - Create DB connection
2022-04-05 16:45:23.643 [main] INFO  DataBaseTestConfig - Closing Result Set
2022-04-05 16:45:23.643 [main] INFO  DataBaseTestConfig - Closing Prepared Statement
2022-04-05 16:45:23.644 [main] INFO  DataBaseTestConfig - Closing DB connection
2022-04-05 16:45:23.644 [main] INFO  DataBaseTestConfig - Create DB connection
2022-04-05 16:45:23.674 [main] INFO  DataBaseTestConfig - Closing DB connection
2022-04-05 16:45:23.675 [main] INFO  DataBaseTestConfig - Create DB connection
2022-04-05 16:45:23.697 [main] INFO  DataBaseTestConfig - Closing Result Set
2022-04-05 16:45:23.697 [main] INFO  DataBaseTestConfig - Closing Prepared Statement
2022-04-05 16:45:23.699 [main] INFO  DataBaseTestConfig - Closing DB connection
2022-04-05 16:45:23.699 [main] INFO  DataBaseTestConfig - Create DB connection
2022-04-05 16:45:23.721 [main] INFO  DataBaseTestConfig - Closing Result Set
2022-04-05 16:45:23.722 [main] INFO  DataBaseTestConfig - Closing Prepared Statement
2022-04-05 16:45:23.722 [main] INFO  DataBaseTestConfig - Closing DB connection
2022-04-05 16:45:23.723 [main] INFO  DataBaseTestConfig - Create DB connection
2022-04-05 16:45:23.824 [main] INFO  DataBaseTestConfig - Closing DB connection
2022-04-05 16:45:56.212 [main] INFO  DataBaseTestConfig - Create DB connection
2022-04-05 16:45:57.175 [main] INFO  DataBaseTestConfig - Closing DB connection
2022-04-05 16:45:57.192 [main] INFO  DataBaseTestConfig - Create DB connection
2022-04-05 16:45:57.254 [main] INFO  DataBaseTestConfig - Closing Result Set
2022-04-05 16:45:57.255 [main] INFO  DataBaseTestConfig - Closing Prepared Statement
2022-04-05 16:45:57.255 [main] INFO  DataBaseTestConfig - Closing DB connection
2022-04-05 16:45:57.256 [main] INFO  DataBaseTestConfig - Create DB connection
2022-04-05 16:45:57.290 [main] INFO  DataBaseTestConfig - Closing Prepared Statement
2022-04-05 16:45:57.291 [main] INFO  DataBaseTestConfig - Closing DB connection
2022-04-05 16:45:57.292 [main] INFO  DataBaseTestConfig - Create DB connection
2022-04-05 16:45:57.317 [main] INFO  DataBaseTestConfig - Closing Result Set
2022-04-05 16:45:57.318 [main] INFO  DataBaseTestConfig - Closing Prepared Statement
2022-04-05 16:45:57.319 [main] INFO  DataBaseTestConfig - Closing DB connection
2022-04-05 16:45:57.319 [main] INFO  DataBaseTestConfig - Create DB connection
2022-04-05 16:45:57.372 [main] INFO  DataBaseTestConfig - Closing DB connection
2022-04-05 16:45:57.373 [main] INFO  DataBaseTestConfig - Create DB connection
2022-04-05 16:45:57.404 [main] INFO  DataBaseTestConfig - Closing Result Set
2022-04-05 16:45:57.404 [main] INFO  DataBaseTestConfig - Closing Prepared Statement
2022-04-05 16:45:57.405 [main] INFO  DataBaseTestConfig - Closing DB connection
2022-04-05 16:45:57.406 [main] INFO  DataBaseTestConfig - Create DB connection
2022-04-05 16:45:57.434 [main] INFO  DataBaseTestConfig - Closing Result Set
2022-04-05 16:45:57.435 [main] INFO  DataBaseTestConfig - Closing Prepared Statement
2022-04-05 16:45:57.436 [main] INFO  DataBaseTestConfig - Closing DB connection
2022-04-05 16:45:57.438 [main] INFO  DataBaseTestConfig - Create DB connection
2022-04-05 16:45:57.468 [main] INFO  DataBaseTestConfig - Closing Result Set
2022-04-05 16:45:57.468 [main] INFO  DataBaseTestConfig - Closing Prepared Statement
2022-04-05 16:45:57.469 [main] INFO  DataBaseTestConfig - Closing DB connection
2022-04-05 16:45:57.470 [main] INFO  DataBaseTestConfig - Create DB connection
2022-04-05 16:45:57.499 [main] INFO  DataBaseTestConfig - Closing DB connection
2022-04-05 16:45:57.499 [main] INFO  DataBaseTestConfig - Create DB connection
2022-04-05 16:45:57.552 [main] INFO  DataBaseTestConfig - Closing Prepared Statement
2022-04-05 16:45:57.552 [main] INFO  DataBaseTestConfig - Closing DB connection
2022-04-05 16:45:57.553 [main] INFO  DataBaseTestConfig - Create DB connection
2022-04-05 16:45:57.577 [main] INFO  DataBaseTestConfig - Closing Result Set
2022-04-05 16:45:57.577 [main] INFO  DataBaseTestConfig - Closing Prepared Statement
2022-04-05 16:45:57.578 [main] INFO  DataBaseTestConfig - Closing DB connection
2022-04-05 16:45:57.578 [main] INFO  DataBaseTestConfig - Create DB connection
2022-04-05 16:45:57.602 [main] INFO  DataBaseTestConfig - Closing Result Set
2022-04-05 16:45:57.602 [main] INFO  DataBaseTestConfig - Closing Prepared Statement
2022-04-05 16:45:57.603 [main] INFO  DataBaseTestConfig - Closing DB connection
2022-04-05 16:45:57.611 [main] INFO  DataBaseTestConfig - Create DB connection
2022-04-05 16:45:57.724 [main] INFO  DataBaseTestConfig - Closing DB connection
2022-04-05 16:45:57.725 [main] INFO  DataBaseTestConfig - Create DB connection
2022-04-05 16:45:57.749 [main] INFO  DataBaseTestConfig - Closing Result Set
2022-04-05 16:45:57.750 [main] INFO  DataBaseTestConfig - Closing Prepared Statement
2022-04-05 16:45:57.750 [main] INFO  DataBaseTestConfig - Closing DB connection
2022-04-05 16:45:57.751 [main] INFO  DataBaseTestConfig - Create DB connection
2022-04-05 16:45:57.774 [main] INFO  DataBaseTestConfig - Closing Prepared Statement
2022-04-05 16:45:57.775 [main] INFO  DataBaseTestConfig - Closing DB connection
2022-04-05 16:45:57.775 [main] INFO  DataBaseTestConfig - Create DB connection
2022-04-05 16:45:57.801 [main] INFO  DataBaseTestConfig - Closing Result Set
2022-04-05 16:45:57.803 [main] INFO  DataBaseTestConfig - Closing Prepared Statement
2022-04-05 16:45:57.803 [main] INFO  DataBaseTestConfig - Closing DB connection
2022-04-05 16:45:57.803 [main] INFO  DataBaseTestConfig - Create DB connection
2022-04-05 16:45:57.838 [main] INFO  DataBaseTestConfig - Closing DB connection
2022-04-05 16:45:57.838 [main] INFO  DataBaseTestConfig - Create DB connection
2022-04-05 16:45:57.862 [main] INFO  DataBaseTestConfig - Closing Result Set
2022-04-05 16:45:57.863 [main] INFO  DataBaseTestConfig - Closing Prepared Statement
2022-04-05 16:45:57.863 [main] INFO  DataBaseTestConfig - Closing DB connection
2022-04-05 16:45:57.863 [main] INFO  DataBaseTestConfig - Create DB connection
2022-04-05 16:45:57.885 [main] INFO  DataBaseTestConfig - Closing Result Set
2022-04-05 16:45:57.885 [main] INFO  DataBaseTestConfig - Closing Prepared Statement
2022-04-05 16:45:57.886 [main] INFO  DataBaseTestConfig - Closing DB connection
2022-04-05 16:45:57.887 [main] INFO  DataBaseTestConfig - Create DB connection
2022-04-05 16:45:58.002 [main] INFO  DataBaseTestConfig - Closing DB connection
2022-04-05 21:50:04.008 [main] ERROR ParkingService - Error fetching next available parking slot
java.lang.Exception: Error fetching parking number from DB. Parking slots might be full
	at com.parkit.parkingsystem.service.ParkingService.getNextParkingNumberIfAvailable(ParkingService.java:76) ~[classes/:?]
	at com.parkit.parkingsystem.service.ParkingService.processIncomingVehicle(ParkingService.java:33) ~[classes/:?]
	at com.parkit.parkingsystem.ParkingServiceTest.processIncomingVehicleSetRecuringUserTest(ParkingServiceTest.java:85) ~[test-classes/:?]
	at sun.reflect.NativeMethodAccessorImpl.invoke0(Native Method) ~[?:1.8.0_202]
	at sun.reflect.NativeMethodAccessorImpl.invoke(NativeMethodAccessorImpl.java:62) ~[?:1.8.0_202]
	at sun.reflect.DelegatingMethodAccessorImpl.invoke(DelegatingMethodAccessorImpl.java:43) ~[?:1.8.0_202]
	at java.lang.reflect.Method.invoke(Method.java:498) ~[?:1.8.0_202]
	at org.junit.platform.commons.util.ReflectionUtils.invokeMethod(ReflectionUtils.java:532) ~[junit-platform-commons-1.3.2.jar:1.3.2]
	at org.junit.jupiter.engine.execution.ExecutableInvoker.invoke(ExecutableInvoker.java:115) ~[junit-jupiter-engine-5.3.2.jar:5.3.2]
	at org.junit.jupiter.engine.descriptor.TestMethodTestDescriptor.lambda$invokeTestMethod$6(TestMethodTestDescriptor.java:171) ~[junit-jupiter-engine-5.3.2.jar:5.3.2]
	at org.junit.platform.engine.support.hierarchical.ThrowableCollector.execute(ThrowableCollector.java:72) ~[junit-platform-engine-1.3.2.jar:1.3.2]
	at org.junit.jupiter.engine.descriptor.TestMethodTestDescriptor.invokeTestMethod(TestMethodTestDescriptor.java:167) ~[junit-jupiter-engine-5.3.2.jar:5.3.2]
	at org.junit.jupiter.engine.descriptor.TestMethodTestDescriptor.execute(TestMethodTestDescriptor.java:114) ~[junit-jupiter-engine-5.3.2.jar:5.3.2]
	at org.junit.jupiter.engine.descriptor.TestMethodTestDescriptor.execute(TestMethodTestDescriptor.java:59) ~[junit-jupiter-engine-5.3.2.jar:5.3.2]
	at org.junit.platform.engine.support.hierarchical.NodeTestTask.lambda$executeRecursively$4(NodeTestTask.java:108) ~[junit-platform-engine-1.3.2.jar:1.3.2]
	at org.junit.platform.engine.support.hierarchical.ThrowableCollector.execute(ThrowableCollector.java:72) ~[junit-platform-engine-1.3.2.jar:1.3.2]
	at org.junit.platform.engine.support.hierarchical.NodeTestTask.executeRecursively(NodeTestTask.java:98) ~[junit-platform-engine-1.3.2.jar:1.3.2]
	at org.junit.platform.engine.support.hierarchical.NodeTestTask.execute(NodeTestTask.java:74) ~[junit-platform-engine-1.3.2.jar:1.3.2]
	at java.util.ArrayList.forEach(ArrayList.java:1257) ~[?:1.8.0_202]
	at org.junit.platform.engine.support.hierarchical.SameThreadHierarchicalTestExecutorService.invokeAll(SameThreadHierarchicalTestExecutorService.java:38) ~[junit-platform-engine-1.3.2.jar:1.3.2]
	at org.junit.platform.engine.support.hierarchical.NodeTestTask.lambda$executeRecursively$4(NodeTestTask.java:112) ~[junit-platform-engine-1.3.2.jar:1.3.2]
	at org.junit.platform.engine.support.hierarchical.ThrowableCollector.execute(ThrowableCollector.java:72) ~[junit-platform-engine-1.3.2.jar:1.3.2]
	at org.junit.platform.engine.support.hierarchical.NodeTestTask.executeRecursively(NodeTestTask.java:98) ~[junit-platform-engine-1.3.2.jar:1.3.2]
	at org.junit.platform.engine.support.hierarchical.NodeTestTask.execute(NodeTestTask.java:74) ~[junit-platform-engine-1.3.2.jar:1.3.2]
	at java.util.ArrayList.forEach(ArrayList.java:1257) ~[?:1.8.0_202]
	at org.junit.platform.engine.support.hierarchical.SameThreadHierarchicalTestExecutorService.invokeAll(SameThreadHierarchicalTestExecutorService.java:38) ~[junit-platform-engine-1.3.2.jar:1.3.2]
	at org.junit.platform.engine.support.hierarchical.NodeTestTask.lambda$executeRecursively$4(NodeTestTask.java:112) ~[junit-platform-engine-1.3.2.jar:1.3.2]
	at org.junit.platform.engine.support.hierarchical.ThrowableCollector.execute(ThrowableCollector.java:72) ~[junit-platform-engine-1.3.2.jar:1.3.2]
	at org.junit.platform.engine.support.hierarchical.NodeTestTask.executeRecursively(NodeTestTask.java:98) ~[junit-platform-engine-1.3.2.jar:1.3.2]
	at org.junit.platform.engine.support.hierarchical.NodeTestTask.execute(NodeTestTask.java:74) ~[junit-platform-engine-1.3.2.jar:1.3.2]
	at org.junit.platform.engine.support.hierarchical.SameThreadHierarchicalTestExecutorService.submit(SameThreadHierarchicalTestExecutorService.java:32) ~[junit-platform-engine-1.3.2.jar:1.3.2]
	at org.junit.platform.engine.support.hierarchical.HierarchicalTestExecutor.execute(HierarchicalTestExecutor.java:57) ~[junit-platform-engine-1.3.2.jar:1.3.2]
	at org.junit.platform.engine.support.hierarchical.HierarchicalTestEngine.execute(HierarchicalTestEngine.java:51) ~[junit-platform-engine-1.3.2.jar:1.3.2]
	at org.junit.platform.launcher.core.DefaultLauncher.execute(DefaultLauncher.java:220) ~[junit-platform-launcher-1.3.2.jar:1.3.2]
	at org.junit.platform.launcher.core.DefaultLauncher.lambda$execute$6(DefaultLauncher.java:188) ~[junit-platform-launcher-1.3.2.jar:1.3.2]
	at org.junit.platform.launcher.core.DefaultLauncher.withInterceptedStreams(DefaultLauncher.java:202) [junit-platform-launcher-1.3.2.jar:1.3.2]
	at org.junit.platform.launcher.core.DefaultLauncher.execute(DefaultLauncher.java:181) [junit-platform-launcher-1.3.2.jar:1.3.2]
	at org.junit.platform.launcher.core.DefaultLauncher.execute(DefaultLauncher.java:128) [junit-platform-launcher-1.3.2.jar:1.3.2]
	at com.intellij.junit5.JUnit5IdeaTestRunner.startRunnerWithArgs(JUnit5IdeaTestRunner.java:71) [junit5-rt.jar:?]
	at com.intellij.rt.junit.IdeaTestRunner$Repeater.startRunnerWithArgs(IdeaTestRunner.java:33) [junit-rt.jar:?]
	at com.intellij.rt.junit.JUnitStarter.prepareStreamsAndStart(JUnitStarter.java:235) [junit-rt.jar:?]
	at com.intellij.rt.junit.JUnitStarter.main(JUnitStarter.java:54) [junit-rt.jar:?]
2022-04-05 22:01:28.514 [main] ERROR ParkingService - Error fetching next available parking slot
java.lang.Exception: Error fetching parking number from DB. Parking slots might be full
	at com.parkit.parkingsystem.service.ParkingService.getNextParkingNumberIfAvailable(ParkingService.java:76) ~[classes/:?]
	at com.parkit.parkingsystem.service.ParkingService.processIncomingVehicle(ParkingService.java:33) ~[classes/:?]
	at com.parkit.parkingsystem.ParkingServiceTest.processIncomingVehicleSetRecuringUserTest(ParkingServiceTest.java:85) ~[test-classes/:?]
	at sun.reflect.NativeMethodAccessorImpl.invoke0(Native Method) ~[?:1.8.0_202]
	at sun.reflect.NativeMethodAccessorImpl.invoke(NativeMethodAccessorImpl.java:62) ~[?:1.8.0_202]
	at sun.reflect.DelegatingMethodAccessorImpl.invoke(DelegatingMethodAccessorImpl.java:43) ~[?:1.8.0_202]
	at java.lang.reflect.Method.invoke(Method.java:498) ~[?:1.8.0_202]
	at org.junit.platform.commons.util.ReflectionUtils.invokeMethod(ReflectionUtils.java:532) ~[junit-platform-commons-1.3.2.jar:1.3.2]
	at org.junit.jupiter.engine.execution.ExecutableInvoker.invoke(ExecutableInvoker.java:115) ~[junit-jupiter-engine-5.3.2.jar:5.3.2]
	at org.junit.jupiter.engine.descriptor.TestMethodTestDescriptor.lambda$invokeTestMethod$6(TestMethodTestDescriptor.java:171) ~[junit-jupiter-engine-5.3.2.jar:5.3.2]
	at org.junit.platform.engine.support.hierarchical.ThrowableCollector.execute(ThrowableCollector.java:72) ~[junit-platform-engine-1.3.2.jar:1.3.2]
	at org.junit.jupiter.engine.descriptor.TestMethodTestDescriptor.invokeTestMethod(TestMethodTestDescriptor.java:167) ~[junit-jupiter-engine-5.3.2.jar:5.3.2]
	at org.junit.jupiter.engine.descriptor.TestMethodTestDescriptor.execute(TestMethodTestDescriptor.java:114) ~[junit-jupiter-engine-5.3.2.jar:5.3.2]
	at org.junit.jupiter.engine.descriptor.TestMethodTestDescriptor.execute(TestMethodTestDescriptor.java:59) ~[junit-jupiter-engine-5.3.2.jar:5.3.2]
	at org.junit.platform.engine.support.hierarchical.NodeTestTask.lambda$executeRecursively$4(NodeTestTask.java:108) ~[junit-platform-engine-1.3.2.jar:1.3.2]
	at org.junit.platform.engine.support.hierarchical.ThrowableCollector.execute(ThrowableCollector.java:72) ~[junit-platform-engine-1.3.2.jar:1.3.2]
	at org.junit.platform.engine.support.hierarchical.NodeTestTask.executeRecursively(NodeTestTask.java:98) ~[junit-platform-engine-1.3.2.jar:1.3.2]
	at org.junit.platform.engine.support.hierarchical.NodeTestTask.execute(NodeTestTask.java:74) ~[junit-platform-engine-1.3.2.jar:1.3.2]
	at java.util.ArrayList.forEach(ArrayList.java:1257) ~[?:1.8.0_202]
	at org.junit.platform.engine.support.hierarchical.SameThreadHierarchicalTestExecutorService.invokeAll(SameThreadHierarchicalTestExecutorService.java:38) ~[junit-platform-engine-1.3.2.jar:1.3.2]
	at org.junit.platform.engine.support.hierarchical.NodeTestTask.lambda$executeRecursively$4(NodeTestTask.java:112) ~[junit-platform-engine-1.3.2.jar:1.3.2]
	at org.junit.platform.engine.support.hierarchical.ThrowableCollector.execute(ThrowableCollector.java:72) ~[junit-platform-engine-1.3.2.jar:1.3.2]
	at org.junit.platform.engine.support.hierarchical.NodeTestTask.executeRecursively(NodeTestTask.java:98) ~[junit-platform-engine-1.3.2.jar:1.3.2]
	at org.junit.platform.engine.support.hierarchical.NodeTestTask.execute(NodeTestTask.java:74) ~[junit-platform-engine-1.3.2.jar:1.3.2]
	at java.util.ArrayList.forEach(ArrayList.java:1257) ~[?:1.8.0_202]
	at org.junit.platform.engine.support.hierarchical.SameThreadHierarchicalTestExecutorService.invokeAll(SameThreadHierarchicalTestExecutorService.java:38) ~[junit-platform-engine-1.3.2.jar:1.3.2]
	at org.junit.platform.engine.support.hierarchical.NodeTestTask.lambda$executeRecursively$4(NodeTestTask.java:112) ~[junit-platform-engine-1.3.2.jar:1.3.2]
	at org.junit.platform.engine.support.hierarchical.ThrowableCollector.execute(ThrowableCollector.java:72) ~[junit-platform-engine-1.3.2.jar:1.3.2]
	at org.junit.platform.engine.support.hierarchical.NodeTestTask.executeRecursively(NodeTestTask.java:98) ~[junit-platform-engine-1.3.2.jar:1.3.2]
	at org.junit.platform.engine.support.hierarchical.NodeTestTask.execute(NodeTestTask.java:74) ~[junit-platform-engine-1.3.2.jar:1.3.2]
	at org.junit.platform.engine.support.hierarchical.SameThreadHierarchicalTestExecutorService.submit(SameThreadHierarchicalTestExecutorService.java:32) ~[junit-platform-engine-1.3.2.jar:1.3.2]
	at org.junit.platform.engine.support.hierarchical.HierarchicalTestExecutor.execute(HierarchicalTestExecutor.java:57) ~[junit-platform-engine-1.3.2.jar:1.3.2]
	at org.junit.platform.engine.support.hierarchical.HierarchicalTestEngine.execute(HierarchicalTestEngine.java:51) ~[junit-platform-engine-1.3.2.jar:1.3.2]
	at org.junit.platform.launcher.core.DefaultLauncher.execute(DefaultLauncher.java:220) ~[junit-platform-launcher-1.3.2.jar:1.3.2]
	at org.junit.platform.launcher.core.DefaultLauncher.lambda$execute$6(DefaultLauncher.java:188) ~[junit-platform-launcher-1.3.2.jar:1.3.2]
	at org.junit.platform.launcher.core.DefaultLauncher.withInterceptedStreams(DefaultLauncher.java:202) [junit-platform-launcher-1.3.2.jar:1.3.2]
	at org.junit.platform.launcher.core.DefaultLauncher.execute(DefaultLauncher.java:181) [junit-platform-launcher-1.3.2.jar:1.3.2]
	at org.junit.platform.launcher.core.DefaultLauncher.execute(DefaultLauncher.java:128) [junit-platform-launcher-1.3.2.jar:1.3.2]
	at com.intellij.junit5.JUnit5IdeaTestRunner.startRunnerWithArgs(JUnit5IdeaTestRunner.java:71) [junit5-rt.jar:?]
	at com.intellij.rt.junit.IdeaTestRunner$Repeater.startRunnerWithArgs(IdeaTestRunner.java:33) [junit-rt.jar:?]
	at com.intellij.rt.junit.JUnitStarter.prepareStreamsAndStart(JUnitStarter.java:235) [junit-rt.jar:?]
	at com.intellij.rt.junit.JUnitStarter.main(JUnitStarter.java:54) [junit-rt.jar:?]
2022-04-05 22:04:41.379 [main] ERROR ParkingService - Error fetching next available parking slot
java.lang.Exception: Error fetching parking number from DB. Parking slots might be full
	at com.parkit.parkingsystem.service.ParkingService.getNextParkingNumberIfAvailable(ParkingService.java:76) ~[classes/:?]
	at com.parkit.parkingsystem.service.ParkingService.processIncomingVehicle(ParkingService.java:33) ~[classes/:?]
	at com.parkit.parkingsystem.ParkingServiceTest.lambda$getNextParkingNumberIfAvailableTest$1(ParkingServiceTest.java:85) ~[test-classes/:?]
	at org.junit.jupiter.api.AssertThrows.assertThrows(AssertThrows.java:54) ~[junit-jupiter-api-5.3.2.jar:5.3.2]
	at org.junit.jupiter.api.AssertThrows.assertThrows(AssertThrows.java:36) ~[junit-jupiter-api-5.3.2.jar:5.3.2]
	at org.junit.jupiter.api.Assertions.assertThrows(Assertions.java:1179) ~[junit-jupiter-api-5.3.2.jar:5.3.2]
	at com.parkit.parkingsystem.ParkingServiceTest.getNextParkingNumberIfAvailableTest(ParkingServiceTest.java:85) ~[test-classes/:?]
	at sun.reflect.NativeMethodAccessorImpl.invoke0(Native Method) ~[?:1.8.0_202]
	at sun.reflect.NativeMethodAccessorImpl.invoke(NativeMethodAccessorImpl.java:62) ~[?:1.8.0_202]
	at sun.reflect.DelegatingMethodAccessorImpl.invoke(DelegatingMethodAccessorImpl.java:43) ~[?:1.8.0_202]
	at java.lang.reflect.Method.invoke(Method.java:498) ~[?:1.8.0_202]
	at org.junit.platform.commons.util.ReflectionUtils.invokeMethod(ReflectionUtils.java:532) ~[junit-platform-commons-1.3.2.jar:1.3.2]
	at org.junit.jupiter.engine.execution.ExecutableInvoker.invoke(ExecutableInvoker.java:115) ~[junit-jupiter-engine-5.3.2.jar:5.3.2]
	at org.junit.jupiter.engine.descriptor.TestMethodTestDescriptor.lambda$invokeTestMethod$6(TestMethodTestDescriptor.java:171) ~[junit-jupiter-engine-5.3.2.jar:5.3.2]
	at org.junit.platform.engine.support.hierarchical.ThrowableCollector.execute(ThrowableCollector.java:72) ~[junit-platform-engine-1.3.2.jar:1.3.2]
	at org.junit.jupiter.engine.descriptor.TestMethodTestDescriptor.invokeTestMethod(TestMethodTestDescriptor.java:167) ~[junit-jupiter-engine-5.3.2.jar:5.3.2]
	at org.junit.jupiter.engine.descriptor.TestMethodTestDescriptor.execute(TestMethodTestDescriptor.java:114) ~[junit-jupiter-engine-5.3.2.jar:5.3.2]
	at org.junit.jupiter.engine.descriptor.TestMethodTestDescriptor.execute(TestMethodTestDescriptor.java:59) ~[junit-jupiter-engine-5.3.2.jar:5.3.2]
	at org.junit.platform.engine.support.hierarchical.NodeTestTask.lambda$executeRecursively$4(NodeTestTask.java:108) ~[junit-platform-engine-1.3.2.jar:1.3.2]
	at org.junit.platform.engine.support.hierarchical.ThrowableCollector.execute(ThrowableCollector.java:72) ~[junit-platform-engine-1.3.2.jar:1.3.2]
	at org.junit.platform.engine.support.hierarchical.NodeTestTask.executeRecursively(NodeTestTask.java:98) ~[junit-platform-engine-1.3.2.jar:1.3.2]
	at org.junit.platform.engine.support.hierarchical.NodeTestTask.execute(NodeTestTask.java:74) ~[junit-platform-engine-1.3.2.jar:1.3.2]
	at java.util.ArrayList.forEach(ArrayList.java:1257) ~[?:1.8.0_202]
	at org.junit.platform.engine.support.hierarchical.SameThreadHierarchicalTestExecutorService.invokeAll(SameThreadHierarchicalTestExecutorService.java:38) ~[junit-platform-engine-1.3.2.jar:1.3.2]
	at org.junit.platform.engine.support.hierarchical.NodeTestTask.lambda$executeRecursively$4(NodeTestTask.java:112) ~[junit-platform-engine-1.3.2.jar:1.3.2]
	at org.junit.platform.engine.support.hierarchical.ThrowableCollector.execute(ThrowableCollector.java:72) ~[junit-platform-engine-1.3.2.jar:1.3.2]
	at org.junit.platform.engine.support.hierarchical.NodeTestTask.executeRecursively(NodeTestTask.java:98) ~[junit-platform-engine-1.3.2.jar:1.3.2]
	at org.junit.platform.engine.support.hierarchical.NodeTestTask.execute(NodeTestTask.java:74) ~[junit-platform-engine-1.3.2.jar:1.3.2]
	at java.util.ArrayList.forEach(ArrayList.java:1257) ~[?:1.8.0_202]
	at org.junit.platform.engine.support.hierarchical.SameThreadHierarchicalTestExecutorService.invokeAll(SameThreadHierarchicalTestExecutorService.java:38) ~[junit-platform-engine-1.3.2.jar:1.3.2]
	at org.junit.platform.engine.support.hierarchical.NodeTestTask.lambda$executeRecursively$4(NodeTestTask.java:112) ~[junit-platform-engine-1.3.2.jar:1.3.2]
	at org.junit.platform.engine.support.hierarchical.ThrowableCollector.execute(ThrowableCollector.java:72) ~[junit-platform-engine-1.3.2.jar:1.3.2]
	at org.junit.platform.engine.support.hierarchical.NodeTestTask.executeRecursively(NodeTestTask.java:98) ~[junit-platform-engine-1.3.2.jar:1.3.2]
	at org.junit.platform.engine.support.hierarchical.NodeTestTask.execute(NodeTestTask.java:74) ~[junit-platform-engine-1.3.2.jar:1.3.2]
	at org.junit.platform.engine.support.hierarchical.SameThreadHierarchicalTestExecutorService.submit(SameThreadHierarchicalTestExecutorService.java:32) ~[junit-platform-engine-1.3.2.jar:1.3.2]
	at org.junit.platform.engine.support.hierarchical.HierarchicalTestExecutor.execute(HierarchicalTestExecutor.java:57) ~[junit-platform-engine-1.3.2.jar:1.3.2]
	at org.junit.platform.engine.support.hierarchical.HierarchicalTestEngine.execute(HierarchicalTestEngine.java:51) ~[junit-platform-engine-1.3.2.jar:1.3.2]
	at org.junit.platform.launcher.core.DefaultLauncher.execute(DefaultLauncher.java:220) ~[junit-platform-launcher-1.3.2.jar:1.3.2]
	at org.junit.platform.launcher.core.DefaultLauncher.lambda$execute$6(DefaultLauncher.java:188) ~[junit-platform-launcher-1.3.2.jar:1.3.2]
	at org.junit.platform.launcher.core.DefaultLauncher.withInterceptedStreams(DefaultLauncher.java:202) [junit-platform-launcher-1.3.2.jar:1.3.2]
	at org.junit.platform.launcher.core.DefaultLauncher.execute(DefaultLauncher.java:181) [junit-platform-launcher-1.3.2.jar:1.3.2]
	at org.junit.platform.launcher.core.DefaultLauncher.execute(DefaultLauncher.java:128) [junit-platform-launcher-1.3.2.jar:1.3.2]
	at com.intellij.junit5.JUnit5IdeaTestRunner.startRunnerWithArgs(JUnit5IdeaTestRunner.java:71) [junit5-rt.jar:?]
	at com.intellij.rt.junit.IdeaTestRunner$Repeater.startRunnerWithArgs(IdeaTestRunner.java:33) [junit-rt.jar:?]
	at com.intellij.rt.junit.JUnitStarter.prepareStreamsAndStart(JUnitStarter.java:235) [junit-rt.jar:?]
	at com.intellij.rt.junit.JUnitStarter.main(JUnitStarter.java:54) [junit-rt.jar:?]
2022-04-05 22:05:45.483 [main] ERROR ParkingService - Error fetching next available parking slot
java.lang.Exception: Error fetching parking number from DB. Parking slots might be full
	at com.parkit.parkingsystem.service.ParkingService.getNextParkingNumberIfAvailable(ParkingService.java:76) ~[classes/:?]
	at com.parkit.parkingsystem.service.ParkingService.processIncomingVehicle(ParkingService.java:33) ~[classes/:?]
	at com.parkit.parkingsystem.ParkingServiceTest.lambda$getNextParkingNumberIfAvailableTest$1(ParkingServiceTest.java:85) ~[test-classes/:?]
	at org.junit.jupiter.api.AssertThrows.assertThrows(AssertThrows.java:54) ~[junit-jupiter-api-5.3.2.jar:5.3.2]
	at org.junit.jupiter.api.AssertThrows.assertThrows(AssertThrows.java:36) ~[junit-jupiter-api-5.3.2.jar:5.3.2]
	at org.junit.jupiter.api.Assertions.assertThrows(Assertions.java:1179) ~[junit-jupiter-api-5.3.2.jar:5.3.2]
	at com.parkit.parkingsystem.ParkingServiceTest.getNextParkingNumberIfAvailableTest(ParkingServiceTest.java:85) ~[test-classes/:?]
	at sun.reflect.NativeMethodAccessorImpl.invoke0(Native Method) ~[?:1.8.0_202]
	at sun.reflect.NativeMethodAccessorImpl.invoke(NativeMethodAccessorImpl.java:62) ~[?:1.8.0_202]
	at sun.reflect.DelegatingMethodAccessorImpl.invoke(DelegatingMethodAccessorImpl.java:43) ~[?:1.8.0_202]
	at java.lang.reflect.Method.invoke(Method.java:498) ~[?:1.8.0_202]
	at org.junit.platform.commons.util.ReflectionUtils.invokeMethod(ReflectionUtils.java:532) ~[junit-platform-commons-1.3.2.jar:1.3.2]
	at org.junit.jupiter.engine.execution.ExecutableInvoker.invoke(ExecutableInvoker.java:115) ~[junit-jupiter-engine-5.3.2.jar:5.3.2]
	at org.junit.jupiter.engine.descriptor.TestMethodTestDescriptor.lambda$invokeTestMethod$6(TestMethodTestDescriptor.java:171) ~[junit-jupiter-engine-5.3.2.jar:5.3.2]
	at org.junit.platform.engine.support.hierarchical.ThrowableCollector.execute(ThrowableCollector.java:72) ~[junit-platform-engine-1.3.2.jar:1.3.2]
	at org.junit.jupiter.engine.descriptor.TestMethodTestDescriptor.invokeTestMethod(TestMethodTestDescriptor.java:167) ~[junit-jupiter-engine-5.3.2.jar:5.3.2]
	at org.junit.jupiter.engine.descriptor.TestMethodTestDescriptor.execute(TestMethodTestDescriptor.java:114) ~[junit-jupiter-engine-5.3.2.jar:5.3.2]
	at org.junit.jupiter.engine.descriptor.TestMethodTestDescriptor.execute(TestMethodTestDescriptor.java:59) ~[junit-jupiter-engine-5.3.2.jar:5.3.2]
	at org.junit.platform.engine.support.hierarchical.NodeTestTask.lambda$executeRecursively$4(NodeTestTask.java:108) ~[junit-platform-engine-1.3.2.jar:1.3.2]
	at org.junit.platform.engine.support.hierarchical.ThrowableCollector.execute(ThrowableCollector.java:72) ~[junit-platform-engine-1.3.2.jar:1.3.2]
	at org.junit.platform.engine.support.hierarchical.NodeTestTask.executeRecursively(NodeTestTask.java:98) ~[junit-platform-engine-1.3.2.jar:1.3.2]
	at org.junit.platform.engine.support.hierarchical.NodeTestTask.execute(NodeTestTask.java:74) ~[junit-platform-engine-1.3.2.jar:1.3.2]
	at java.util.ArrayList.forEach(ArrayList.java:1257) ~[?:1.8.0_202]
	at org.junit.platform.engine.support.hierarchical.SameThreadHierarchicalTestExecutorService.invokeAll(SameThreadHierarchicalTestExecutorService.java:38) ~[junit-platform-engine-1.3.2.jar:1.3.2]
	at org.junit.platform.engine.support.hierarchical.NodeTestTask.lambda$executeRecursively$4(NodeTestTask.java:112) ~[junit-platform-engine-1.3.2.jar:1.3.2]
	at org.junit.platform.engine.support.hierarchical.ThrowableCollector.execute(ThrowableCollector.java:72) ~[junit-platform-engine-1.3.2.jar:1.3.2]
	at org.junit.platform.engine.support.hierarchical.NodeTestTask.executeRecursively(NodeTestTask.java:98) ~[junit-platform-engine-1.3.2.jar:1.3.2]
	at org.junit.platform.engine.support.hierarchical.NodeTestTask.execute(NodeTestTask.java:74) ~[junit-platform-engine-1.3.2.jar:1.3.2]
	at java.util.ArrayList.forEach(ArrayList.java:1257) ~[?:1.8.0_202]
	at org.junit.platform.engine.support.hierarchical.SameThreadHierarchicalTestExecutorService.invokeAll(SameThreadHierarchicalTestExecutorService.java:38) ~[junit-platform-engine-1.3.2.jar:1.3.2]
	at org.junit.platform.engine.support.hierarchical.NodeTestTask.lambda$executeRecursively$4(NodeTestTask.java:112) ~[junit-platform-engine-1.3.2.jar:1.3.2]
	at org.junit.platform.engine.support.hierarchical.ThrowableCollector.execute(ThrowableCollector.java:72) ~[junit-platform-engine-1.3.2.jar:1.3.2]
	at org.junit.platform.engine.support.hierarchical.NodeTestTask.executeRecursively(NodeTestTask.java:98) ~[junit-platform-engine-1.3.2.jar:1.3.2]
	at org.junit.platform.engine.support.hierarchical.NodeTestTask.execute(NodeTestTask.java:74) ~[junit-platform-engine-1.3.2.jar:1.3.2]
	at org.junit.platform.engine.support.hierarchical.SameThreadHierarchicalTestExecutorService.submit(SameThreadHierarchicalTestExecutorService.java:32) ~[junit-platform-engine-1.3.2.jar:1.3.2]
	at org.junit.platform.engine.support.hierarchical.HierarchicalTestExecutor.execute(HierarchicalTestExecutor.java:57) ~[junit-platform-engine-1.3.2.jar:1.3.2]
	at org.junit.platform.engine.support.hierarchical.HierarchicalTestEngine.execute(HierarchicalTestEngine.java:51) ~[junit-platform-engine-1.3.2.jar:1.3.2]
	at org.junit.platform.launcher.core.DefaultLauncher.execute(DefaultLauncher.java:220) ~[junit-platform-launcher-1.3.2.jar:1.3.2]
	at org.junit.platform.launcher.core.DefaultLauncher.lambda$execute$6(DefaultLauncher.java:188) ~[junit-platform-launcher-1.3.2.jar:1.3.2]
	at org.junit.platform.launcher.core.DefaultLauncher.withInterceptedStreams(DefaultLauncher.java:202) [junit-platform-launcher-1.3.2.jar:1.3.2]
	at org.junit.platform.launcher.core.DefaultLauncher.execute(DefaultLauncher.java:181) [junit-platform-launcher-1.3.2.jar:1.3.2]
	at org.junit.platform.launcher.core.DefaultLauncher.execute(DefaultLauncher.java:128) [junit-platform-launcher-1.3.2.jar:1.3.2]
	at com.intellij.junit5.JUnit5IdeaTestRunner.startRunnerWithArgs(JUnit5IdeaTestRunner.java:71) [junit5-rt.jar:?]
	at com.intellij.rt.junit.IdeaTestRunner$Repeater.startRunnerWithArgs(IdeaTestRunner.java:33) [junit-rt.jar:?]
	at com.intellij.rt.junit.JUnitStarter.prepareStreamsAndStart(JUnitStarter.java:235) [junit-rt.jar:?]
	at com.intellij.rt.junit.JUnitStarter.main(JUnitStarter.java:54) [junit-rt.jar:?]
2022-04-05 22:06:25.149 [main] ERROR ParkingService - Error fetching next available parking slot
java.lang.Exception: Error fetching parking number from DB. Parking slots might be full
	at com.parkit.parkingsystem.service.ParkingService.getNextParkingNumberIfAvailable(ParkingService.java:76) ~[classes/:?]
	at com.parkit.parkingsystem.ParkingServiceTest.lambda$getNextParkingNumberIfAvailableTest$1(ParkingServiceTest.java:85) ~[test-classes/:?]
	at org.junit.jupiter.api.AssertThrows.assertThrows(AssertThrows.java:54) ~[junit-jupiter-api-5.3.2.jar:5.3.2]
	at org.junit.jupiter.api.AssertThrows.assertThrows(AssertThrows.java:36) ~[junit-jupiter-api-5.3.2.jar:5.3.2]
	at org.junit.jupiter.api.Assertions.assertThrows(Assertions.java:1179) ~[junit-jupiter-api-5.3.2.jar:5.3.2]
	at com.parkit.parkingsystem.ParkingServiceTest.getNextParkingNumberIfAvailableTest(ParkingServiceTest.java:85) ~[test-classes/:?]
	at sun.reflect.NativeMethodAccessorImpl.invoke0(Native Method) ~[?:1.8.0_202]
	at sun.reflect.NativeMethodAccessorImpl.invoke(NativeMethodAccessorImpl.java:62) ~[?:1.8.0_202]
	at sun.reflect.DelegatingMethodAccessorImpl.invoke(DelegatingMethodAccessorImpl.java:43) ~[?:1.8.0_202]
	at java.lang.reflect.Method.invoke(Method.java:498) ~[?:1.8.0_202]
	at org.junit.platform.commons.util.ReflectionUtils.invokeMethod(ReflectionUtils.java:532) ~[junit-platform-commons-1.3.2.jar:1.3.2]
	at org.junit.jupiter.engine.execution.ExecutableInvoker.invoke(ExecutableInvoker.java:115) ~[junit-jupiter-engine-5.3.2.jar:5.3.2]
	at org.junit.jupiter.engine.descriptor.TestMethodTestDescriptor.lambda$invokeTestMethod$6(TestMethodTestDescriptor.java:171) ~[junit-jupiter-engine-5.3.2.jar:5.3.2]
	at org.junit.platform.engine.support.hierarchical.ThrowableCollector.execute(ThrowableCollector.java:72) ~[junit-platform-engine-1.3.2.jar:1.3.2]
	at org.junit.jupiter.engine.descriptor.TestMethodTestDescriptor.invokeTestMethod(TestMethodTestDescriptor.java:167) ~[junit-jupiter-engine-5.3.2.jar:5.3.2]
	at org.junit.jupiter.engine.descriptor.TestMethodTestDescriptor.execute(TestMethodTestDescriptor.java:114) ~[junit-jupiter-engine-5.3.2.jar:5.3.2]
	at org.junit.jupiter.engine.descriptor.TestMethodTestDescriptor.execute(TestMethodTestDescriptor.java:59) ~[junit-jupiter-engine-5.3.2.jar:5.3.2]
	at org.junit.platform.engine.support.hierarchical.NodeTestTask.lambda$executeRecursively$4(NodeTestTask.java:108) ~[junit-platform-engine-1.3.2.jar:1.3.2]
	at org.junit.platform.engine.support.hierarchical.ThrowableCollector.execute(ThrowableCollector.java:72) ~[junit-platform-engine-1.3.2.jar:1.3.2]
	at org.junit.platform.engine.support.hierarchical.NodeTestTask.executeRecursively(NodeTestTask.java:98) ~[junit-platform-engine-1.3.2.jar:1.3.2]
	at org.junit.platform.engine.support.hierarchical.NodeTestTask.execute(NodeTestTask.java:74) ~[junit-platform-engine-1.3.2.jar:1.3.2]
	at java.util.ArrayList.forEach(ArrayList.java:1257) ~[?:1.8.0_202]
	at org.junit.platform.engine.support.hierarchical.SameThreadHierarchicalTestExecutorService.invokeAll(SameThreadHierarchicalTestExecutorService.java:38) ~[junit-platform-engine-1.3.2.jar:1.3.2]
	at org.junit.platform.engine.support.hierarchical.NodeTestTask.lambda$executeRecursively$4(NodeTestTask.java:112) ~[junit-platform-engine-1.3.2.jar:1.3.2]
	at org.junit.platform.engine.support.hierarchical.ThrowableCollector.execute(ThrowableCollector.java:72) ~[junit-platform-engine-1.3.2.jar:1.3.2]
	at org.junit.platform.engine.support.hierarchical.NodeTestTask.executeRecursively(NodeTestTask.java:98) ~[junit-platform-engine-1.3.2.jar:1.3.2]
	at org.junit.platform.engine.support.hierarchical.NodeTestTask.execute(NodeTestTask.java:74) ~[junit-platform-engine-1.3.2.jar:1.3.2]
	at java.util.ArrayList.forEach(ArrayList.java:1257) ~[?:1.8.0_202]
	at org.junit.platform.engine.support.hierarchical.SameThreadHierarchicalTestExecutorService.invokeAll(SameThreadHierarchicalTestExecutorService.java:38) ~[junit-platform-engine-1.3.2.jar:1.3.2]
	at org.junit.platform.engine.support.hierarchical.NodeTestTask.lambda$executeRecursively$4(NodeTestTask.java:112) ~[junit-platform-engine-1.3.2.jar:1.3.2]
	at org.junit.platform.engine.support.hierarchical.ThrowableCollector.execute(ThrowableCollector.java:72) ~[junit-platform-engine-1.3.2.jar:1.3.2]
	at org.junit.platform.engine.support.hierarchical.NodeTestTask.executeRecursively(NodeTestTask.java:98) ~[junit-platform-engine-1.3.2.jar:1.3.2]
	at org.junit.platform.engine.support.hierarchical.NodeTestTask.execute(NodeTestTask.java:74) ~[junit-platform-engine-1.3.2.jar:1.3.2]
	at org.junit.platform.engine.support.hierarchical.SameThreadHierarchicalTestExecutorService.submit(SameThreadHierarchicalTestExecutorService.java:32) ~[junit-platform-engine-1.3.2.jar:1.3.2]
	at org.junit.platform.engine.support.hierarchical.HierarchicalTestExecutor.execute(HierarchicalTestExecutor.java:57) ~[junit-platform-engine-1.3.2.jar:1.3.2]
	at org.junit.platform.engine.support.hierarchical.HierarchicalTestEngine.execute(HierarchicalTestEngine.java:51) ~[junit-platform-engine-1.3.2.jar:1.3.2]
	at org.junit.platform.launcher.core.DefaultLauncher.execute(DefaultLauncher.java:220) ~[junit-platform-launcher-1.3.2.jar:1.3.2]
	at org.junit.platform.launcher.core.DefaultLauncher.lambda$execute$6(DefaultLauncher.java:188) ~[junit-platform-launcher-1.3.2.jar:1.3.2]
	at org.junit.platform.launcher.core.DefaultLauncher.withInterceptedStreams(DefaultLauncher.java:202) [junit-platform-launcher-1.3.2.jar:1.3.2]
	at org.junit.platform.launcher.core.DefaultLauncher.execute(DefaultLauncher.java:181) [junit-platform-launcher-1.3.2.jar:1.3.2]
	at org.junit.platform.launcher.core.DefaultLauncher.execute(DefaultLauncher.java:128) [junit-platform-launcher-1.3.2.jar:1.3.2]
	at com.intellij.junit5.JUnit5IdeaTestRunner.startRunnerWithArgs(JUnit5IdeaTestRunner.java:71) [junit5-rt.jar:?]
	at com.intellij.rt.junit.IdeaTestRunner$Repeater.startRunnerWithArgs(IdeaTestRunner.java:33) [junit-rt.jar:?]
	at com.intellij.rt.junit.JUnitStarter.prepareStreamsAndStart(JUnitStarter.java:235) [junit-rt.jar:?]
	at com.intellij.rt.junit.JUnitStarter.main(JUnitStarter.java:54) [junit-rt.jar:?]
2022-04-05 22:17:15.564 [main] ERROR ParkingService - Error fetching next available parking slot
java.lang.Exception: Error fetching parking number from DB. Parking slots might be full
	at com.parkit.parkingsystem.service.ParkingService.getNextParkingNumberIfAvailable(ParkingService.java:76) ~[classes/:?]
	at com.parkit.parkingsystem.ParkingServiceTest.lambda$getNextParkingNumberIfAvailableTest$1(ParkingServiceTest.java:86) ~[test-classes/:?]
	at org.junit.jupiter.api.AssertThrows.assertThrows(AssertThrows.java:54) ~[junit-jupiter-api-5.3.2.jar:5.3.2]
	at org.junit.jupiter.api.AssertThrows.assertThrows(AssertThrows.java:36) ~[junit-jupiter-api-5.3.2.jar:5.3.2]
	at org.junit.jupiter.api.Assertions.assertThrows(Assertions.java:1179) ~[junit-jupiter-api-5.3.2.jar:5.3.2]
	at com.parkit.parkingsystem.ParkingServiceTest.getNextParkingNumberIfAvailableTest(ParkingServiceTest.java:86) ~[test-classes/:?]
	at sun.reflect.NativeMethodAccessorImpl.invoke0(Native Method) ~[?:1.8.0_202]
	at sun.reflect.NativeMethodAccessorImpl.invoke(NativeMethodAccessorImpl.java:62) ~[?:1.8.0_202]
	at sun.reflect.DelegatingMethodAccessorImpl.invoke(DelegatingMethodAccessorImpl.java:43) ~[?:1.8.0_202]
	at java.lang.reflect.Method.invoke(Method.java:498) ~[?:1.8.0_202]
	at org.junit.platform.commons.util.ReflectionUtils.invokeMethod(ReflectionUtils.java:532) ~[junit-platform-commons-1.3.2.jar:1.3.2]
	at org.junit.jupiter.engine.execution.ExecutableInvoker.invoke(ExecutableInvoker.java:115) ~[junit-jupiter-engine-5.3.2.jar:5.3.2]
	at org.junit.jupiter.engine.descriptor.TestMethodTestDescriptor.lambda$invokeTestMethod$6(TestMethodTestDescriptor.java:171) ~[junit-jupiter-engine-5.3.2.jar:5.3.2]
	at org.junit.platform.engine.support.hierarchical.ThrowableCollector.execute(ThrowableCollector.java:72) ~[junit-platform-engine-1.3.2.jar:1.3.2]
	at org.junit.jupiter.engine.descriptor.TestMethodTestDescriptor.invokeTestMethod(TestMethodTestDescriptor.java:167) ~[junit-jupiter-engine-5.3.2.jar:5.3.2]
	at org.junit.jupiter.engine.descriptor.TestMethodTestDescriptor.execute(TestMethodTestDescriptor.java:114) ~[junit-jupiter-engine-5.3.2.jar:5.3.2]
	at org.junit.jupiter.engine.descriptor.TestMethodTestDescriptor.execute(TestMethodTestDescriptor.java:59) ~[junit-jupiter-engine-5.3.2.jar:5.3.2]
	at org.junit.platform.engine.support.hierarchical.NodeTestTask.lambda$executeRecursively$4(NodeTestTask.java:108) ~[junit-platform-engine-1.3.2.jar:1.3.2]
	at org.junit.platform.engine.support.hierarchical.ThrowableCollector.execute(ThrowableCollector.java:72) ~[junit-platform-engine-1.3.2.jar:1.3.2]
	at org.junit.platform.engine.support.hierarchical.NodeTestTask.executeRecursively(NodeTestTask.java:98) ~[junit-platform-engine-1.3.2.jar:1.3.2]
	at org.junit.platform.engine.support.hierarchical.NodeTestTask.execute(NodeTestTask.java:74) ~[junit-platform-engine-1.3.2.jar:1.3.2]
	at java.util.ArrayList.forEach(ArrayList.java:1257) ~[?:1.8.0_202]
	at org.junit.platform.engine.support.hierarchical.SameThreadHierarchicalTestExecutorService.invokeAll(SameThreadHierarchicalTestExecutorService.java:38) ~[junit-platform-engine-1.3.2.jar:1.3.2]
	at org.junit.platform.engine.support.hierarchical.NodeTestTask.lambda$executeRecursively$4(NodeTestTask.java:112) ~[junit-platform-engine-1.3.2.jar:1.3.2]
	at org.junit.platform.engine.support.hierarchical.ThrowableCollector.execute(ThrowableCollector.java:72) ~[junit-platform-engine-1.3.2.jar:1.3.2]
	at org.junit.platform.engine.support.hierarchical.NodeTestTask.executeRecursively(NodeTestTask.java:98) ~[junit-platform-engine-1.3.2.jar:1.3.2]
	at org.junit.platform.engine.support.hierarchical.NodeTestTask.execute(NodeTestTask.java:74) ~[junit-platform-engine-1.3.2.jar:1.3.2]
	at java.util.ArrayList.forEach(ArrayList.java:1257) ~[?:1.8.0_202]
	at org.junit.platform.engine.support.hierarchical.SameThreadHierarchicalTestExecutorService.invokeAll(SameThreadHierarchicalTestExecutorService.java:38) ~[junit-platform-engine-1.3.2.jar:1.3.2]
	at org.junit.platform.engine.support.hierarchical.NodeTestTask.lambda$executeRecursively$4(NodeTestTask.java:112) ~[junit-platform-engine-1.3.2.jar:1.3.2]
	at org.junit.platform.engine.support.hierarchical.ThrowableCollector.execute(ThrowableCollector.java:72) ~[junit-platform-engine-1.3.2.jar:1.3.2]
	at org.junit.platform.engine.support.hierarchical.NodeTestTask.executeRecursively(NodeTestTask.java:98) ~[junit-platform-engine-1.3.2.jar:1.3.2]
	at org.junit.platform.engine.support.hierarchical.NodeTestTask.execute(NodeTestTask.java:74) ~[junit-platform-engine-1.3.2.jar:1.3.2]
	at org.junit.platform.engine.support.hierarchical.SameThreadHierarchicalTestExecutorService.submit(SameThreadHierarchicalTestExecutorService.java:32) ~[junit-platform-engine-1.3.2.jar:1.3.2]
	at org.junit.platform.engine.support.hierarchical.HierarchicalTestExecutor.execute(HierarchicalTestExecutor.java:57) ~[junit-platform-engine-1.3.2.jar:1.3.2]
	at org.junit.platform.engine.support.hierarchical.HierarchicalTestEngine.execute(HierarchicalTestEngine.java:51) ~[junit-platform-engine-1.3.2.jar:1.3.2]
	at org.junit.platform.launcher.core.DefaultLauncher.execute(DefaultLauncher.java:220) ~[junit-platform-launcher-1.3.2.jar:1.3.2]
	at org.junit.platform.launcher.core.DefaultLauncher.lambda$execute$6(DefaultLauncher.java:188) ~[junit-platform-launcher-1.3.2.jar:1.3.2]
	at org.junit.platform.launcher.core.DefaultLauncher.withInterceptedStreams(DefaultLauncher.java:202) [junit-platform-launcher-1.3.2.jar:1.3.2]
	at org.junit.platform.launcher.core.DefaultLauncher.execute(DefaultLauncher.java:181) [junit-platform-launcher-1.3.2.jar:1.3.2]
	at org.junit.platform.launcher.core.DefaultLauncher.execute(DefaultLauncher.java:128) [junit-platform-launcher-1.3.2.jar:1.3.2]
	at com.intellij.junit5.JUnit5IdeaTestRunner.startRunnerWithArgs(JUnit5IdeaTestRunner.java:71) [junit5-rt.jar:?]
	at com.intellij.rt.junit.IdeaTestRunner$Repeater.startRunnerWithArgs(IdeaTestRunner.java:33) [junit-rt.jar:?]
	at com.intellij.rt.junit.JUnitStarter.prepareStreamsAndStart(JUnitStarter.java:235) [junit-rt.jar:?]
	at com.intellij.rt.junit.JUnitStarter.main(JUnitStarter.java:54) [junit-rt.jar:?]
2022-04-05 22:23:45.219 [main] ERROR ParkingService - Error fetching next available parking slot
java.lang.Exception: Error fetching parking number from DB. Parking slots might be full
	at com.parkit.parkingsystem.service.ParkingService.getNextParkingNumberIfAvailable(ParkingService.java:76) ~[classes/:?]
	at com.parkit.parkingsystem.ParkingServiceTest.lambda$getNextParkingNumberIfAvailableTest$1(ParkingServiceTest.java:89) ~[test-classes/:?]
	at org.junit.jupiter.api.AssertThrows.assertThrows(AssertThrows.java:54) ~[junit-jupiter-api-5.3.2.jar:5.3.2]
	at org.junit.jupiter.api.AssertThrows.assertThrows(AssertThrows.java:40) ~[junit-jupiter-api-5.3.2.jar:5.3.2]
	at org.junit.jupiter.api.Assertions.assertThrows(Assertions.java:1193) ~[junit-jupiter-api-5.3.2.jar:5.3.2]
	at com.parkit.parkingsystem.ParkingServiceTest.getNextParkingNumberIfAvailableTest(ParkingServiceTest.java:88) ~[test-classes/:?]
	at sun.reflect.NativeMethodAccessorImpl.invoke0(Native Method) ~[?:1.8.0_202]
	at sun.reflect.NativeMethodAccessorImpl.invoke(NativeMethodAccessorImpl.java:62) ~[?:1.8.0_202]
	at sun.reflect.DelegatingMethodAccessorImpl.invoke(DelegatingMethodAccessorImpl.java:43) ~[?:1.8.0_202]
	at java.lang.reflect.Method.invoke(Method.java:498) ~[?:1.8.0_202]
	at org.junit.platform.commons.util.ReflectionUtils.invokeMethod(ReflectionUtils.java:532) ~[junit-platform-commons-1.3.2.jar:1.3.2]
	at org.junit.jupiter.engine.execution.ExecutableInvoker.invoke(ExecutableInvoker.java:115) ~[junit-jupiter-engine-5.3.2.jar:5.3.2]
	at org.junit.jupiter.engine.descriptor.TestMethodTestDescriptor.lambda$invokeTestMethod$6(TestMethodTestDescriptor.java:171) ~[junit-jupiter-engine-5.3.2.jar:5.3.2]
	at org.junit.platform.engine.support.hierarchical.ThrowableCollector.execute(ThrowableCollector.java:72) ~[junit-platform-engine-1.3.2.jar:1.3.2]
	at org.junit.jupiter.engine.descriptor.TestMethodTestDescriptor.invokeTestMethod(TestMethodTestDescriptor.java:167) ~[junit-jupiter-engine-5.3.2.jar:5.3.2]
	at org.junit.jupiter.engine.descriptor.TestMethodTestDescriptor.execute(TestMethodTestDescriptor.java:114) ~[junit-jupiter-engine-5.3.2.jar:5.3.2]
	at org.junit.jupiter.engine.descriptor.TestMethodTestDescriptor.execute(TestMethodTestDescriptor.java:59) ~[junit-jupiter-engine-5.3.2.jar:5.3.2]
	at org.junit.platform.engine.support.hierarchical.NodeTestTask.lambda$executeRecursively$4(NodeTestTask.java:108) ~[junit-platform-engine-1.3.2.jar:1.3.2]
	at org.junit.platform.engine.support.hierarchical.ThrowableCollector.execute(ThrowableCollector.java:72) ~[junit-platform-engine-1.3.2.jar:1.3.2]
	at org.junit.platform.engine.support.hierarchical.NodeTestTask.executeRecursively(NodeTestTask.java:98) ~[junit-platform-engine-1.3.2.jar:1.3.2]
	at org.junit.platform.engine.support.hierarchical.NodeTestTask.execute(NodeTestTask.java:74) ~[junit-platform-engine-1.3.2.jar:1.3.2]
	at java.util.ArrayList.forEach(ArrayList.java:1257) ~[?:1.8.0_202]
	at org.junit.platform.engine.support.hierarchical.SameThreadHierarchicalTestExecutorService.invokeAll(SameThreadHierarchicalTestExecutorService.java:38) ~[junit-platform-engine-1.3.2.jar:1.3.2]
	at org.junit.platform.engine.support.hierarchical.NodeTestTask.lambda$executeRecursively$4(NodeTestTask.java:112) ~[junit-platform-engine-1.3.2.jar:1.3.2]
	at org.junit.platform.engine.support.hierarchical.ThrowableCollector.execute(ThrowableCollector.java:72) ~[junit-platform-engine-1.3.2.jar:1.3.2]
	at org.junit.platform.engine.support.hierarchical.NodeTestTask.executeRecursively(NodeTestTask.java:98) ~[junit-platform-engine-1.3.2.jar:1.3.2]
	at org.junit.platform.engine.support.hierarchical.NodeTestTask.execute(NodeTestTask.java:74) ~[junit-platform-engine-1.3.2.jar:1.3.2]
	at java.util.ArrayList.forEach(ArrayList.java:1257) ~[?:1.8.0_202]
	at org.junit.platform.engine.support.hierarchical.SameThreadHierarchicalTestExecutorService.invokeAll(SameThreadHierarchicalTestExecutorService.java:38) ~[junit-platform-engine-1.3.2.jar:1.3.2]
	at org.junit.platform.engine.support.hierarchical.NodeTestTask.lambda$executeRecursively$4(NodeTestTask.java:112) ~[junit-platform-engine-1.3.2.jar:1.3.2]
	at org.junit.platform.engine.support.hierarchical.ThrowableCollector.execute(ThrowableCollector.java:72) ~[junit-platform-engine-1.3.2.jar:1.3.2]
	at org.junit.platform.engine.support.hierarchical.NodeTestTask.executeRecursively(NodeTestTask.java:98) ~[junit-platform-engine-1.3.2.jar:1.3.2]
	at org.junit.platform.engine.support.hierarchical.NodeTestTask.execute(NodeTestTask.java:74) ~[junit-platform-engine-1.3.2.jar:1.3.2]
	at org.junit.platform.engine.support.hierarchical.SameThreadHierarchicalTestExecutorService.submit(SameThreadHierarchicalTestExecutorService.java:32) ~[junit-platform-engine-1.3.2.jar:1.3.2]
	at org.junit.platform.engine.support.hierarchical.HierarchicalTestExecutor.execute(HierarchicalTestExecutor.java:57) ~[junit-platform-engine-1.3.2.jar:1.3.2]
	at org.junit.platform.engine.support.hierarchical.HierarchicalTestEngine.execute(HierarchicalTestEngine.java:51) ~[junit-platform-engine-1.3.2.jar:1.3.2]
	at org.junit.platform.launcher.core.DefaultLauncher.execute(DefaultLauncher.java:220) ~[junit-platform-launcher-1.3.2.jar:1.3.2]
	at org.junit.platform.launcher.core.DefaultLauncher.lambda$execute$6(DefaultLauncher.java:188) ~[junit-platform-launcher-1.3.2.jar:1.3.2]
	at org.junit.platform.launcher.core.DefaultLauncher.withInterceptedStreams(DefaultLauncher.java:202) [junit-platform-launcher-1.3.2.jar:1.3.2]
	at org.junit.platform.launcher.core.DefaultLauncher.execute(DefaultLauncher.java:181) [junit-platform-launcher-1.3.2.jar:1.3.2]
	at org.junit.platform.launcher.core.DefaultLauncher.execute(DefaultLauncher.java:128) [junit-platform-launcher-1.3.2.jar:1.3.2]
	at com.intellij.junit5.JUnit5IdeaTestRunner.startRunnerWithArgs(JUnit5IdeaTestRunner.java:71) [junit5-rt.jar:?]
	at com.intellij.rt.junit.IdeaTestRunner$Repeater.startRunnerWithArgs(IdeaTestRunner.java:33) [junit-rt.jar:?]
	at com.intellij.rt.junit.JUnitStarter.prepareStreamsAndStart(JUnitStarter.java:235) [junit-rt.jar:?]
	at com.intellij.rt.junit.JUnitStarter.main(JUnitStarter.java:54) [junit-rt.jar:?]
2022-04-05 22:26:36.897 [main] ERROR ParkingService - Error fetching next available parking slot
java.lang.Exception: Error fetching parking number from DB. Parking slots might be full
	at com.parkit.parkingsystem.service.ParkingService.getNextParkingNumberIfAvailable(ParkingService.java:76) ~[classes/:?]
	at com.parkit.parkingsystem.ParkingServiceTest.lambda$getNextParkingNumberIfAvailableTest$1(ParkingServiceTest.java:89) ~[test-classes/:?]
	at org.junit.jupiter.api.AssertThrows.assertThrows(AssertThrows.java:54) ~[junit-jupiter-api-5.3.2.jar:5.3.2]
	at org.junit.jupiter.api.AssertThrows.assertThrows(AssertThrows.java:40) ~[junit-jupiter-api-5.3.2.jar:5.3.2]
	at org.junit.jupiter.api.Assertions.assertThrows(Assertions.java:1193) ~[junit-jupiter-api-5.3.2.jar:5.3.2]
	at com.parkit.parkingsystem.ParkingServiceTest.getNextParkingNumberIfAvailableTest(ParkingServiceTest.java:88) ~[test-classes/:?]
	at sun.reflect.NativeMethodAccessorImpl.invoke0(Native Method) ~[?:1.8.0_202]
	at sun.reflect.NativeMethodAccessorImpl.invoke(NativeMethodAccessorImpl.java:62) ~[?:1.8.0_202]
	at sun.reflect.DelegatingMethodAccessorImpl.invoke(DelegatingMethodAccessorImpl.java:43) ~[?:1.8.0_202]
	at java.lang.reflect.Method.invoke(Method.java:498) ~[?:1.8.0_202]
	at org.junit.platform.commons.util.ReflectionUtils.invokeMethod(ReflectionUtils.java:532) ~[junit-platform-commons-1.3.2.jar:1.3.2]
	at org.junit.jupiter.engine.execution.ExecutableInvoker.invoke(ExecutableInvoker.java:115) ~[junit-jupiter-engine-5.3.2.jar:5.3.2]
	at org.junit.jupiter.engine.descriptor.TestMethodTestDescriptor.lambda$invokeTestMethod$6(TestMethodTestDescriptor.java:171) ~[junit-jupiter-engine-5.3.2.jar:5.3.2]
	at org.junit.platform.engine.support.hierarchical.ThrowableCollector.execute(ThrowableCollector.java:72) ~[junit-platform-engine-1.3.2.jar:1.3.2]
	at org.junit.jupiter.engine.descriptor.TestMethodTestDescriptor.invokeTestMethod(TestMethodTestDescriptor.java:167) ~[junit-jupiter-engine-5.3.2.jar:5.3.2]
	at org.junit.jupiter.engine.descriptor.TestMethodTestDescriptor.execute(TestMethodTestDescriptor.java:114) ~[junit-jupiter-engine-5.3.2.jar:5.3.2]
	at org.junit.jupiter.engine.descriptor.TestMethodTestDescriptor.execute(TestMethodTestDescriptor.java:59) ~[junit-jupiter-engine-5.3.2.jar:5.3.2]
	at org.junit.platform.engine.support.hierarchical.NodeTestTask.lambda$executeRecursively$4(NodeTestTask.java:108) ~[junit-platform-engine-1.3.2.jar:1.3.2]
	at org.junit.platform.engine.support.hierarchical.ThrowableCollector.execute(ThrowableCollector.java:72) ~[junit-platform-engine-1.3.2.jar:1.3.2]
	at org.junit.platform.engine.support.hierarchical.NodeTestTask.executeRecursively(NodeTestTask.java:98) ~[junit-platform-engine-1.3.2.jar:1.3.2]
	at org.junit.platform.engine.support.hierarchical.NodeTestTask.execute(NodeTestTask.java:74) ~[junit-platform-engine-1.3.2.jar:1.3.2]
	at java.util.ArrayList.forEach(ArrayList.java:1257) ~[?:1.8.0_202]
	at org.junit.platform.engine.support.hierarchical.SameThreadHierarchicalTestExecutorService.invokeAll(SameThreadHierarchicalTestExecutorService.java:38) ~[junit-platform-engine-1.3.2.jar:1.3.2]
	at org.junit.platform.engine.support.hierarchical.NodeTestTask.lambda$executeRecursively$4(NodeTestTask.java:112) ~[junit-platform-engine-1.3.2.jar:1.3.2]
	at org.junit.platform.engine.support.hierarchical.ThrowableCollector.execute(ThrowableCollector.java:72) ~[junit-platform-engine-1.3.2.jar:1.3.2]
	at org.junit.platform.engine.support.hierarchical.NodeTestTask.executeRecursively(NodeTestTask.java:98) ~[junit-platform-engine-1.3.2.jar:1.3.2]
	at org.junit.platform.engine.support.hierarchical.NodeTestTask.execute(NodeTestTask.java:74) ~[junit-platform-engine-1.3.2.jar:1.3.2]
	at java.util.ArrayList.forEach(ArrayList.java:1257) ~[?:1.8.0_202]
	at org.junit.platform.engine.support.hierarchical.SameThreadHierarchicalTestExecutorService.invokeAll(SameThreadHierarchicalTestExecutorService.java:38) ~[junit-platform-engine-1.3.2.jar:1.3.2]
	at org.junit.platform.engine.support.hierarchical.NodeTestTask.lambda$executeRecursively$4(NodeTestTask.java:112) ~[junit-platform-engine-1.3.2.jar:1.3.2]
	at org.junit.platform.engine.support.hierarchical.ThrowableCollector.execute(ThrowableCollector.java:72) ~[junit-platform-engine-1.3.2.jar:1.3.2]
	at org.junit.platform.engine.support.hierarchical.NodeTestTask.executeRecursively(NodeTestTask.java:98) ~[junit-platform-engine-1.3.2.jar:1.3.2]
	at org.junit.platform.engine.support.hierarchical.NodeTestTask.execute(NodeTestTask.java:74) ~[junit-platform-engine-1.3.2.jar:1.3.2]
	at org.junit.platform.engine.support.hierarchical.SameThreadHierarchicalTestExecutorService.submit(SameThreadHierarchicalTestExecutorService.java:32) ~[junit-platform-engine-1.3.2.jar:1.3.2]
	at org.junit.platform.engine.support.hierarchical.HierarchicalTestExecutor.execute(HierarchicalTestExecutor.java:57) ~[junit-platform-engine-1.3.2.jar:1.3.2]
	at org.junit.platform.engine.support.hierarchical.HierarchicalTestEngine.execute(HierarchicalTestEngine.java:51) ~[junit-platform-engine-1.3.2.jar:1.3.2]
	at org.junit.platform.launcher.core.DefaultLauncher.execute(DefaultLauncher.java:220) ~[junit-platform-launcher-1.3.2.jar:1.3.2]
	at org.junit.platform.launcher.core.DefaultLauncher.lambda$execute$6(DefaultLauncher.java:188) ~[junit-platform-launcher-1.3.2.jar:1.3.2]
	at org.junit.platform.launcher.core.DefaultLauncher.withInterceptedStreams(DefaultLauncher.java:202) [junit-platform-launcher-1.3.2.jar:1.3.2]
	at org.junit.platform.launcher.core.DefaultLauncher.execute(DefaultLauncher.java:181) [junit-platform-launcher-1.3.2.jar:1.3.2]
	at org.junit.platform.launcher.core.DefaultLauncher.execute(DefaultLauncher.java:128) [junit-platform-launcher-1.3.2.jar:1.3.2]
	at com.intellij.junit5.JUnit5IdeaTestRunner.startRunnerWithArgs(JUnit5IdeaTestRunner.java:71) [junit5-rt.jar:?]
	at com.intellij.rt.junit.IdeaTestRunner$Repeater.startRunnerWithArgs(IdeaTestRunner.java:33) [junit-rt.jar:?]
	at com.intellij.rt.junit.JUnitStarter.prepareStreamsAndStart(JUnitStarter.java:235) [junit-rt.jar:?]
	at com.intellij.rt.junit.JUnitStarter.main(JUnitStarter.java:54) [junit-rt.jar:?]
2022-04-05 22:48:56.622 [main] ERROR ParkingService - Error fetching next available parking slot
java.lang.Exception: Error fetching parking number from DB. Parking slots might be full
	at com.parkit.parkingsystem.service.ParkingService.getNextParkingNumberIfAvailable(ParkingService.java:76) ~[classes/:?]
	at com.parkit.parkingsystem.service.ParkingService.processIncomingVehicle(ParkingService.java:33) ~[classes/:?]
	at com.parkit.parkingsystem.ParkingServiceTest.processIncomingVehicleWithRecuringUserTest(ParkingServiceTest.java:98) ~[test-classes/:?]
	at sun.reflect.NativeMethodAccessorImpl.invoke0(Native Method) ~[?:1.8.0_202]
	at sun.reflect.NativeMethodAccessorImpl.invoke(NativeMethodAccessorImpl.java:62) ~[?:1.8.0_202]
	at sun.reflect.DelegatingMethodAccessorImpl.invoke(DelegatingMethodAccessorImpl.java:43) ~[?:1.8.0_202]
	at java.lang.reflect.Method.invoke(Method.java:498) ~[?:1.8.0_202]
	at org.junit.platform.commons.util.ReflectionUtils.invokeMethod(ReflectionUtils.java:532) ~[junit-platform-commons-1.3.2.jar:1.3.2]
	at org.junit.jupiter.engine.execution.ExecutableInvoker.invoke(ExecutableInvoker.java:115) ~[junit-jupiter-engine-5.3.2.jar:5.3.2]
	at org.junit.jupiter.engine.descriptor.TestMethodTestDescriptor.lambda$invokeTestMethod$6(TestMethodTestDescriptor.java:171) ~[junit-jupiter-engine-5.3.2.jar:5.3.2]
	at org.junit.platform.engine.support.hierarchical.ThrowableCollector.execute(ThrowableCollector.java:72) ~[junit-platform-engine-1.3.2.jar:1.3.2]
	at org.junit.jupiter.engine.descriptor.TestMethodTestDescriptor.invokeTestMethod(TestMethodTestDescriptor.java:167) ~[junit-jupiter-engine-5.3.2.jar:5.3.2]
	at org.junit.jupiter.engine.descriptor.TestMethodTestDescriptor.execute(TestMethodTestDescriptor.java:114) ~[junit-jupiter-engine-5.3.2.jar:5.3.2]
	at org.junit.jupiter.engine.descriptor.TestMethodTestDescriptor.execute(TestMethodTestDescriptor.java:59) ~[junit-jupiter-engine-5.3.2.jar:5.3.2]
	at org.junit.platform.engine.support.hierarchical.NodeTestTask.lambda$executeRecursively$4(NodeTestTask.java:108) ~[junit-platform-engine-1.3.2.jar:1.3.2]
	at org.junit.platform.engine.support.hierarchical.ThrowableCollector.execute(ThrowableCollector.java:72) ~[junit-platform-engine-1.3.2.jar:1.3.2]
	at org.junit.platform.engine.support.hierarchical.NodeTestTask.executeRecursively(NodeTestTask.java:98) ~[junit-platform-engine-1.3.2.jar:1.3.2]
	at org.junit.platform.engine.support.hierarchical.NodeTestTask.execute(NodeTestTask.java:74) ~[junit-platform-engine-1.3.2.jar:1.3.2]
	at java.util.ArrayList.forEach(ArrayList.java:1257) ~[?:1.8.0_202]
	at org.junit.platform.engine.support.hierarchical.SameThreadHierarchicalTestExecutorService.invokeAll(SameThreadHierarchicalTestExecutorService.java:38) ~[junit-platform-engine-1.3.2.jar:1.3.2]
	at org.junit.platform.engine.support.hierarchical.NodeTestTask.lambda$executeRecursively$4(NodeTestTask.java:112) ~[junit-platform-engine-1.3.2.jar:1.3.2]
	at org.junit.platform.engine.support.hierarchical.ThrowableCollector.execute(ThrowableCollector.java:72) ~[junit-platform-engine-1.3.2.jar:1.3.2]
	at org.junit.platform.engine.support.hierarchical.NodeTestTask.executeRecursively(NodeTestTask.java:98) ~[junit-platform-engine-1.3.2.jar:1.3.2]
	at org.junit.platform.engine.support.hierarchical.NodeTestTask.execute(NodeTestTask.java:74) ~[junit-platform-engine-1.3.2.jar:1.3.2]
	at java.util.ArrayList.forEach(ArrayList.java:1257) ~[?:1.8.0_202]
	at org.junit.platform.engine.support.hierarchical.SameThreadHierarchicalTestExecutorService.invokeAll(SameThreadHierarchicalTestExecutorService.java:38) ~[junit-platform-engine-1.3.2.jar:1.3.2]
	at org.junit.platform.engine.support.hierarchical.NodeTestTask.lambda$executeRecursively$4(NodeTestTask.java:112) ~[junit-platform-engine-1.3.2.jar:1.3.2]
	at org.junit.platform.engine.support.hierarchical.ThrowableCollector.execute(ThrowableCollector.java:72) ~[junit-platform-engine-1.3.2.jar:1.3.2]
	at org.junit.platform.engine.support.hierarchical.NodeTestTask.executeRecursively(NodeTestTask.java:98) ~[junit-platform-engine-1.3.2.jar:1.3.2]
	at org.junit.platform.engine.support.hierarchical.NodeTestTask.execute(NodeTestTask.java:74) ~[junit-platform-engine-1.3.2.jar:1.3.2]
	at org.junit.platform.engine.support.hierarchical.SameThreadHierarchicalTestExecutorService.submit(SameThreadHierarchicalTestExecutorService.java:32) ~[junit-platform-engine-1.3.2.jar:1.3.2]
	at org.junit.platform.engine.support.hierarchical.HierarchicalTestExecutor.execute(HierarchicalTestExecutor.java:57) ~[junit-platform-engine-1.3.2.jar:1.3.2]
	at org.junit.platform.engine.support.hierarchical.HierarchicalTestEngine.execute(HierarchicalTestEngine.java:51) ~[junit-platform-engine-1.3.2.jar:1.3.2]
	at org.junit.platform.launcher.core.DefaultLauncher.execute(DefaultLauncher.java:220) ~[junit-platform-launcher-1.3.2.jar:1.3.2]
	at org.junit.platform.launcher.core.DefaultLauncher.lambda$execute$6(DefaultLauncher.java:188) ~[junit-platform-launcher-1.3.2.jar:1.3.2]
	at org.junit.platform.launcher.core.DefaultLauncher.withInterceptedStreams(DefaultLauncher.java:202) [junit-platform-launcher-1.3.2.jar:1.3.2]
	at org.junit.platform.launcher.core.DefaultLauncher.execute(DefaultLauncher.java:181) [junit-platform-launcher-1.3.2.jar:1.3.2]
	at org.junit.platform.launcher.core.DefaultLauncher.execute(DefaultLauncher.java:128) [junit-platform-launcher-1.3.2.jar:1.3.2]
	at com.intellij.junit5.JUnit5IdeaTestRunner.startRunnerWithArgs(JUnit5IdeaTestRunner.java:71) [junit5-rt.jar:?]
	at com.intellij.rt.junit.IdeaTestRunner$Repeater.startRunnerWithArgs(IdeaTestRunner.java:33) [junit-rt.jar:?]
	at com.intellij.rt.junit.JUnitStarter.prepareStreamsAndStart(JUnitStarter.java:235) [junit-rt.jar:?]
	at com.intellij.rt.junit.JUnitStarter.main(JUnitStarter.java:54) [junit-rt.jar:?]
2022-04-05 22:11:12.138 [main] INFO  com.parkit.parkingsystem.App - Initializing Parking System
2022-04-05 22:11:12.148 [main] INFO  InteractiveShell - App initialized!!!
2022-04-05 22:11:20.655 [main] INFO  DataBaseConfig - Create DB connection
2022-04-05 22:11:21.523 [main] INFO  DataBaseConfig - Closing Result Set
2022-04-05 22:11:21.524 [main] INFO  DataBaseConfig - Closing Prepared Statement
2022-04-05 22:11:21.525 [main] INFO  DataBaseConfig - Closing DB connection
2022-04-05 22:11:26.415 [main] INFO  DataBaseConfig - Create DB connection
2022-04-05 22:11:26.468 [main] INFO  DataBaseConfig - Closing Prepared Statement
2022-04-05 22:11:26.468 [main] INFO  DataBaseConfig - Closing DB connection
2022-04-05 22:11:26.469 [main] INFO  DataBaseConfig - Create DB connection
2022-04-05 22:11:26.513 [main] INFO  DataBaseConfig - Closing Result Set
2022-04-05 22:11:26.513 [main] INFO  DataBaseConfig - Closing Prepared Statement
2022-04-05 22:11:26.513 [main] INFO  DataBaseConfig - Closing DB connection
2022-04-05 22:11:26.514 [main] INFO  DataBaseConfig - Create DB connection
2022-04-05 22:11:26.558 [main] INFO  DataBaseConfig - Closing DB connection
2022-04-05 22:11:38.814 [main] INFO  DataBaseConfig - Create DB connection
2022-04-05 22:11:38.853 [main] INFO  DataBaseConfig - Closing Result Set
2022-04-05 22:11:38.853 [main] INFO  DataBaseConfig - Closing Prepared Statement
2022-04-05 22:11:38.854 [main] INFO  DataBaseConfig - Closing DB connection
2022-04-05 22:11:43.838 [main] INFO  DataBaseConfig - Create DB connection
2022-04-05 22:11:43.876 [main] INFO  DataBaseConfig - Closing Prepared Statement
2022-04-05 22:11:43.877 [main] INFO  DataBaseConfig - Closing DB connection
2022-04-05 22:11:43.877 [main] INFO  DataBaseConfig - Create DB connection
2022-04-05 22:11:43.910 [main] INFO  DataBaseConfig - Closing Result Set
2022-04-05 22:11:43.910 [main] INFO  DataBaseConfig - Closing Prepared Statement
2022-04-05 22:11:43.910 [main] INFO  DataBaseConfig - Closing DB connection
2022-04-05 22:11:43.910 [main] INFO  DataBaseConfig - Create DB connection
2022-04-05 22:11:43.949 [main] ERROR TicketDAO - Error fetching next available slot
com.mysql.cj.jdbc.exceptions.MysqlDataTruncation: Data truncation: Data too long for column 'VEHICLE_REG_NUMBER' at row 1
	at com.mysql.cj.jdbc.exceptions.SQLExceptionsMapping.translateException(SQLExceptionsMapping.java:104) ~[mysql-connector-java-8.0.17.jar:8.0.17]
	at com.mysql.cj.jdbc.ClientPreparedStatement.executeInternal(ClientPreparedStatement.java:953) ~[mysql-connector-java-8.0.17.jar:8.0.17]
	at com.mysql.cj.jdbc.ClientPreparedStatement.execute(ClientPreparedStatement.java:370) ~[mysql-connector-java-8.0.17.jar:8.0.17]
	at com.parkit.parkingsystem.dao.TicketDAO.saveTicket(TicketDAO.java:35) [classes/:?]
	at com.parkit.parkingsystem.service.ParkingService.processIncomingVehicle(ParkingService.java:52) [classes/:?]
	at com.parkit.parkingsystem.service.InteractiveShell.loadInterface(InteractiveShell.java:28) [classes/:?]
	at com.parkit.parkingsystem.App.main(App.java:11) [classes/:?]
2022-04-05 22:11:43.954 [main] INFO  DataBaseConfig - Closing DB connection
2022-04-05 22:12:02.446 [main] INFO  DataBaseConfig - Create DB connection
2022-04-05 22:12:02.478 [main] INFO  DataBaseConfig - Closing Result Set
2022-04-05 22:12:02.478 [main] INFO  DataBaseConfig - Closing Prepared Statement
2022-04-05 22:12:02.479 [main] INFO  DataBaseConfig - Closing DB connection
2022-04-05 22:12:02.479 [main] ERROR ParkingService - Unable to process exiting vehicle
java.lang.NullPointerException: null
	at com.parkit.parkingsystem.service.ParkingService.processExitingVehicle(ParkingService.java:111) [classes/:?]
	at com.parkit.parkingsystem.service.InteractiveShell.loadInterface(InteractiveShell.java:32) [classes/:?]
	at com.parkit.parkingsystem.App.main(App.java:11) [classes/:?]
2022-04-05 22:12:38.375 [main] INFO  DataBaseConfig - Create DB connection
2022-04-05 22:12:38.398 [main] INFO  DataBaseConfig - Closing Result Set
2022-04-05 22:12:38.398 [main] INFO  DataBaseConfig - Closing Prepared Statement
2022-04-05 22:12:38.399 [main] INFO  DataBaseConfig - Closing DB connection
2022-04-05 22:12:38.399 [main] ERROR ParkingService - Unable to process exiting vehicle
java.lang.NullPointerException: null
	at com.parkit.parkingsystem.service.ParkingService.processExitingVehicle(ParkingService.java:111) [classes/:?]
	at com.parkit.parkingsystem.service.InteractiveShell.loadInterface(InteractiveShell.java:32) [classes/:?]
	at com.parkit.parkingsystem.App.main(App.java:11) [classes/:?]
2022-04-05 22:12:56.046 [main] INFO  DataBaseConfig - Create DB connection
2022-04-05 22:12:56.075 [main] INFO  DataBaseConfig - Closing Result Set
2022-04-05 22:12:56.075 [main] INFO  DataBaseConfig - Closing Prepared Statement
2022-04-05 22:12:56.075 [main] INFO  DataBaseConfig - Closing DB connection
2022-04-05 22:12:56.075 [main] INFO  DataBaseConfig - Create DB connection
2022-04-05 22:12:56.118 [main] INFO  DataBaseConfig - Closing DB connection
2022-04-05 22:12:56.118 [main] INFO  DataBaseConfig - Create DB connection
2022-04-05 22:12:56.141 [main] INFO  DataBaseConfig - Closing Prepared Statement
2022-04-05 22:12:56.142 [main] INFO  DataBaseConfig - Closing DB connection
