2022-03-21 13:23:00.652 [main] INFO  DataBaseTestConfig - Create DB connection
2022-03-21 13:23:01.445 [main] INFO  DataBaseTestConfig - Create DB connection
2022-03-21 13:23:01.474 [main] ERROR ParkingSpotDAO - Error fetching next available slot
java.sql.SQLException: Access denied for user 'root'@'localhost' (using password: YES)
	at com.mysql.cj.jdbc.exceptions.SQLError.createSQLException(SQLError.java:129) ~[mysql-connector-java-8.0.17.jar:8.0.17]
	at com.mysql.cj.jdbc.exceptions.SQLError.createSQLException(SQLError.java:97) ~[mysql-connector-java-8.0.17.jar:8.0.17]
	at com.mysql.cj.jdbc.exceptions.SQLExceptionsMapping.translateException(SQLExceptionsMapping.java:122) ~[mysql-connector-java-8.0.17.jar:8.0.17]
	at com.mysql.cj.jdbc.ConnectionImpl.createNewIO(ConnectionImpl.java:827) ~[mysql-connector-java-8.0.17.jar:8.0.17]
	at com.mysql.cj.jdbc.ConnectionImpl.<init>(ConnectionImpl.java:447) ~[mysql-connector-java-8.0.17.jar:8.0.17]
	at com.mysql.cj.jdbc.ConnectionImpl.getInstance(ConnectionImpl.java:237) ~[mysql-connector-java-8.0.17.jar:8.0.17]
	at com.mysql.cj.jdbc.NonRegisteringDriver.connect(NonRegisteringDriver.java:199) ~[mysql-connector-java-8.0.17.jar:8.0.17]
	at java.sql.DriverManager.getConnection(DriverManager.java:664) ~[?:1.8.0_202]
	at java.sql.DriverManager.getConnection(DriverManager.java:247) ~[?:1.8.0_202]
	at com.parkit.parkingsystem.integration.config.DataBaseTestConfig.getConnection(DataBaseTestConfig.java:16) ~[test-classes/:?]
	at com.parkit.parkingsystem.dao.ParkingSpotDAO.getNextAvailableSlot(ParkingSpotDAO.java:23) ~[classes/:?]
	at com.parkit.parkingsystem.service.ParkingService.getNextParkingNumberIfAvailable(ParkingService.java:67) ~[classes/:?]
	at com.parkit.parkingsystem.service.ParkingService.processIncomingVehicle(ParkingService.java:32) ~[classes/:?]
	at com.parkit.parkingsystem.integration.ParkingDataBaseIT.testParkingACar(ParkingDataBaseIT.java:55) ~[test-classes/:?]
	at sun.reflect.NativeMethodAccessorImpl.invoke0(Native Method) ~[?:1.8.0_202]
	at sun.reflect.NativeMethodAccessorImpl.invoke(NativeMethodAccessorImpl.java:62) ~[?:1.8.0_202]
	at sun.reflect.DelegatingMethodAccessorImpl.invoke(DelegatingMethodAccessorImpl.java:43) ~[?:1.8.0_202]
	at java.lang.reflect.Method.invoke(Method.java:498) ~[?:1.8.0_202]
	at org.junit.platform.commons.util.ReflectionUtils.invokeMethod(ReflectionUtils.java:532) ~[junit-platform-commons-1.3.2.jar:1.3.2]
	at org.junit.jupiter.engine.execution.ExecutableInvoker.invoke(ExecutableInvoker.java:115) ~[junit-jupiter-engine-5.3.2.jar:5.3.2]
	at org.junit.jupiter.engine.descriptor.TestMethodTestDescriptor.lambda$invokeTestMethod$6(TestMethodTestDescriptor.java:171) ~[junit-jupiter-engine-5.3.2.jar:5.3.2]
	at org.junit.platform.engine.support.hierarchical.ThrowableCollector.execute(ThrowableCollector.java:72) ~[junit-platform-engine-1.3.2.jar:1.3.2]
	at org.junit.jupiter.engine.descriptor.TestMethodTestDescriptor.invokeTestMethod(TestMethodTestDescriptor.java:167) ~[junit-jupiter-engine-5.3.2.jar:5.3.2]
	at org.junit.jupiter.engine.descriptor.TestMethodTestDescriptor.execute(TestMethodTestDescriptor.java:114) ~[junit-jupiter-engine-5.3.2.jar:5.3.2]
	at org.junit.jupiter.engine.descriptor.TestMethodTestDescriptor.execute(TestMethodTestDescriptor.java:59) ~[junit-jupiter-engine-5.3.2.jar:5.3.2]
	at org.junit.platform.engine.support.hierarchical.NodeTestTask.lambda$executeRecursively$4(NodeTestTask.java:108) ~[junit-platform-engine-1.3.2.jar:1.3.2]
	at org.junit.platform.engine.support.hierarchical.ThrowableCollector.execute(ThrowableCollector.java:72) ~[junit-platform-engine-1.3.2.jar:1.3.2]
	at org.junit.platform.engine.support.hierarchical.NodeTestTask.executeRecursively(NodeTestTask.java:98) ~[junit-platform-engine-1.3.2.jar:1.3.2]
	at org.junit.platform.engine.support.hierarchical.NodeTestTask.execute(NodeTestTask.java:74) ~[junit-platform-engine-1.3.2.jar:1.3.2]
	at java.util.ArrayList.forEach(ArrayList.java:1257) ~[?:1.8.0_202]
	at org.junit.platform.engine.support.hierarchical.SameThreadHierarchicalTestExecutorService.invokeAll(SameThreadHierarchicalTestExecutorService.java:38) ~[junit-platform-engine-1.3.2.jar:1.3.2]
	at org.junit.platform.engine.support.hierarchical.NodeTestTask.lambda$executeRecursively$4(NodeTestTask.java:112) ~[junit-platform-engine-1.3.2.jar:1.3.2]
	at org.junit.platform.engine.support.hierarchical.ThrowableCollector.execute(ThrowableCollector.java:72) ~[junit-platform-engine-1.3.2.jar:1.3.2]
	at org.junit.platform.engine.support.hierarchical.NodeTestTask.executeRecursively(NodeTestTask.java:98) ~[junit-platform-engine-1.3.2.jar:1.3.2]
	at org.junit.platform.engine.support.hierarchical.NodeTestTask.execute(NodeTestTask.java:74) ~[junit-platform-engine-1.3.2.jar:1.3.2]
	at java.util.ArrayList.forEach(ArrayList.java:1257) ~[?:1.8.0_202]
	at org.junit.platform.engine.support.hierarchical.SameThreadHierarchicalTestExecutorService.invokeAll(SameThreadHierarchicalTestExecutorService.java:38) ~[junit-platform-engine-1.3.2.jar:1.3.2]
	at org.junit.platform.engine.support.hierarchical.NodeTestTask.lambda$executeRecursively$4(NodeTestTask.java:112) ~[junit-platform-engine-1.3.2.jar:1.3.2]
	at org.junit.platform.engine.support.hierarchical.ThrowableCollector.execute(ThrowableCollector.java:72) ~[junit-platform-engine-1.3.2.jar:1.3.2]
	at org.junit.platform.engine.support.hierarchical.NodeTestTask.executeRecursively(NodeTestTask.java:98) ~[junit-platform-engine-1.3.2.jar:1.3.2]
	at org.junit.platform.engine.support.hierarchical.NodeTestTask.execute(NodeTestTask.java:74) ~[junit-platform-engine-1.3.2.jar:1.3.2]
	at org.junit.platform.engine.support.hierarchical.SameThreadHierarchicalTestExecutorService.submit(SameThreadHierarchicalTestExecutorService.java:32) ~[junit-platform-engine-1.3.2.jar:1.3.2]
	at org.junit.platform.engine.support.hierarchical.HierarchicalTestExecutor.execute(HierarchicalTestExecutor.java:57) ~[junit-platform-engine-1.3.2.jar:1.3.2]
	at org.junit.platform.engine.support.hierarchical.HierarchicalTestEngine.execute(HierarchicalTestEngine.java:51) ~[junit-platform-engine-1.3.2.jar:1.3.2]
	at org.junit.platform.launcher.core.DefaultLauncher.execute(DefaultLauncher.java:220) ~[junit-platform-launcher-1.3.2.jar:1.3.2]
	at org.junit.platform.launcher.core.DefaultLauncher.lambda$execute$6(DefaultLauncher.java:188) ~[junit-platform-launcher-1.3.2.jar:1.3.2]
	at org.junit.platform.launcher.core.DefaultLauncher.withInterceptedStreams(DefaultLauncher.java:202) [junit-platform-launcher-1.3.2.jar:1.3.2]
	at org.junit.platform.launcher.core.DefaultLauncher.execute(DefaultLauncher.java:181) [junit-platform-launcher-1.3.2.jar:1.3.2]
	at org.junit.platform.launcher.core.DefaultLauncher.execute(DefaultLauncher.java:128) [junit-platform-launcher-1.3.2.jar:1.3.2]
	at com.intellij.junit5.JUnit5IdeaTestRunner.startRunnerWithArgs(JUnit5IdeaTestRunner.java:71) [junit5-rt.jar:?]
	at com.intellij.rt.junit.IdeaTestRunner$Repeater.startRunnerWithArgs(IdeaTestRunner.java:33) [junit-rt.jar:?]
	at com.intellij.rt.junit.JUnitStarter.prepareStreamsAndStart(JUnitStarter.java:235) [junit-rt.jar:?]
	at com.intellij.rt.junit.JUnitStarter.main(JUnitStarter.java:54) [junit-rt.jar:?]
2022-03-21 13:23:01.481 [main] ERROR ParkingService - Error fetching next available parking slot
java.lang.Exception: Error fetching parking number from DB. Parking slots might be full
	at com.parkit.parkingsystem.service.ParkingService.getNextParkingNumberIfAvailable(ParkingService.java:71) ~[classes/:?]
	at com.parkit.parkingsystem.service.ParkingService.processIncomingVehicle(ParkingService.java:32) ~[classes/:?]
	at com.parkit.parkingsystem.integration.ParkingDataBaseIT.testParkingACar(ParkingDataBaseIT.java:55) ~[test-classes/:?]
	at sun.reflect.NativeMethodAccessorImpl.invoke0(Native Method) ~[?:1.8.0_202]
	at sun.reflect.NativeMethodAccessorImpl.invoke(NativeMethodAccessorImpl.java:62) ~[?:1.8.0_202]
	at sun.reflect.DelegatingMethodAccessorImpl.invoke(DelegatingMethodAccessorImpl.java:43) ~[?:1.8.0_202]
	at java.lang.reflect.Method.invoke(Method.java:498) ~[?:1.8.0_202]
	at org.junit.platform.commons.util.ReflectionUtils.invokeMethod(ReflectionUtils.java:532) ~[junit-platform-commons-1.3.2.jar:1.3.2]
	at org.junit.jupiter.engine.execution.ExecutableInvoker.invoke(ExecutableInvoker.java:115) ~[junit-jupiter-engine-5.3.2.jar:5.3.2]
	at org.junit.jupiter.engine.descriptor.TestMethodTestDescriptor.lambda$invokeTestMethod$6(TestMethodTestDescriptor.java:171) ~[junit-jupiter-engine-5.3.2.jar:5.3.2]
	at org.junit.platform.engine.support.hierarchical.ThrowableCollector.execute(ThrowableCollector.java:72) ~[junit-platform-engine-1.3.2.jar:1.3.2]
	at org.junit.jupiter.engine.descriptor.TestMethodTestDescriptor.invokeTestMethod(TestMethodTestDescriptor.java:167) ~[junit-jupiter-engine-5.3.2.jar:5.3.2]
	at org.junit.jupiter.engine.descriptor.TestMethodTestDescriptor.execute(TestMethodTestDescriptor.java:114) ~[junit-jupiter-engine-5.3.2.jar:5.3.2]
	at org.junit.jupiter.engine.descriptor.TestMethodTestDescriptor.execute(TestMethodTestDescriptor.java:59) ~[junit-jupiter-engine-5.3.2.jar:5.3.2]
	at org.junit.platform.engine.support.hierarchical.NodeTestTask.lambda$executeRecursively$4(NodeTestTask.java:108) ~[junit-platform-engine-1.3.2.jar:1.3.2]
	at org.junit.platform.engine.support.hierarchical.ThrowableCollector.execute(ThrowableCollector.java:72) ~[junit-platform-engine-1.3.2.jar:1.3.2]
	at org.junit.platform.engine.support.hierarchical.NodeTestTask.executeRecursively(NodeTestTask.java:98) ~[junit-platform-engine-1.3.2.jar:1.3.2]
	at org.junit.platform.engine.support.hierarchical.NodeTestTask.execute(NodeTestTask.java:74) ~[junit-platform-engine-1.3.2.jar:1.3.2]
	at java.util.ArrayList.forEach(ArrayList.java:1257) ~[?:1.8.0_202]
	at org.junit.platform.engine.support.hierarchical.SameThreadHierarchicalTestExecutorService.invokeAll(SameThreadHierarchicalTestExecutorService.java:38) ~[junit-platform-engine-1.3.2.jar:1.3.2]
	at org.junit.platform.engine.support.hierarchical.NodeTestTask.lambda$executeRecursively$4(NodeTestTask.java:112) ~[junit-platform-engine-1.3.2.jar:1.3.2]
	at org.junit.platform.engine.support.hierarchical.ThrowableCollector.execute(ThrowableCollector.java:72) ~[junit-platform-engine-1.3.2.jar:1.3.2]
	at org.junit.platform.engine.support.hierarchical.NodeTestTask.executeRecursively(NodeTestTask.java:98) ~[junit-platform-engine-1.3.2.jar:1.3.2]
	at org.junit.platform.engine.support.hierarchical.NodeTestTask.execute(NodeTestTask.java:74) ~[junit-platform-engine-1.3.2.jar:1.3.2]
	at java.util.ArrayList.forEach(ArrayList.java:1257) ~[?:1.8.0_202]
	at org.junit.platform.engine.support.hierarchical.SameThreadHierarchicalTestExecutorService.invokeAll(SameThreadHierarchicalTestExecutorService.java:38) ~[junit-platform-engine-1.3.2.jar:1.3.2]
	at org.junit.platform.engine.support.hierarchical.NodeTestTask.lambda$executeRecursively$4(NodeTestTask.java:112) ~[junit-platform-engine-1.3.2.jar:1.3.2]
	at org.junit.platform.engine.support.hierarchical.ThrowableCollector.execute(ThrowableCollector.java:72) ~[junit-platform-engine-1.3.2.jar:1.3.2]
	at org.junit.platform.engine.support.hierarchical.NodeTestTask.executeRecursively(NodeTestTask.java:98) ~[junit-platform-engine-1.3.2.jar:1.3.2]
	at org.junit.platform.engine.support.hierarchical.NodeTestTask.execute(NodeTestTask.java:74) ~[junit-platform-engine-1.3.2.jar:1.3.2]
	at org.junit.platform.engine.support.hierarchical.SameThreadHierarchicalTestExecutorService.submit(SameThreadHierarchicalTestExecutorService.java:32) ~[junit-platform-engine-1.3.2.jar:1.3.2]
	at org.junit.platform.engine.support.hierarchical.HierarchicalTestExecutor.execute(HierarchicalTestExecutor.java:57) ~[junit-platform-engine-1.3.2.jar:1.3.2]
	at org.junit.platform.engine.support.hierarchical.HierarchicalTestEngine.execute(HierarchicalTestEngine.java:51) ~[junit-platform-engine-1.3.2.jar:1.3.2]
	at org.junit.platform.launcher.core.DefaultLauncher.execute(DefaultLauncher.java:220) ~[junit-platform-launcher-1.3.2.jar:1.3.2]
	at org.junit.platform.launcher.core.DefaultLauncher.lambda$execute$6(DefaultLauncher.java:188) ~[junit-platform-launcher-1.3.2.jar:1.3.2]
	at org.junit.platform.launcher.core.DefaultLauncher.withInterceptedStreams(DefaultLauncher.java:202) [junit-platform-launcher-1.3.2.jar:1.3.2]
	at org.junit.platform.launcher.core.DefaultLauncher.execute(DefaultLauncher.java:181) [junit-platform-launcher-1.3.2.jar:1.3.2]
	at org.junit.platform.launcher.core.DefaultLauncher.execute(DefaultLauncher.java:128) [junit-platform-launcher-1.3.2.jar:1.3.2]
	at com.intellij.junit5.JUnit5IdeaTestRunner.startRunnerWithArgs(JUnit5IdeaTestRunner.java:71) [junit5-rt.jar:?]
	at com.intellij.rt.junit.IdeaTestRunner$Repeater.startRunnerWithArgs(IdeaTestRunner.java:33) [junit-rt.jar:?]
	at com.intellij.rt.junit.JUnitStarter.prepareStreamsAndStart(JUnitStarter.java:235) [junit-rt.jar:?]
	at com.intellij.rt.junit.JUnitStarter.main(JUnitStarter.java:54) [junit-rt.jar:?]
2022-03-21 13:23:01.483 [main] INFO  DataBaseTestConfig - Create DB connection
2022-03-21 13:23:01.517 [main] ERROR TicketDAO - Error fetching next available slot
java.sql.SQLException: Access denied for user 'root'@'localhost' (using password: YES)
	at com.mysql.cj.jdbc.exceptions.SQLError.createSQLException(SQLError.java:129) ~[mysql-connector-java-8.0.17.jar:8.0.17]
	at com.mysql.cj.jdbc.exceptions.SQLError.createSQLException(SQLError.java:97) ~[mysql-connector-java-8.0.17.jar:8.0.17]
	at com.mysql.cj.jdbc.exceptions.SQLExceptionsMapping.translateException(SQLExceptionsMapping.java:122) ~[mysql-connector-java-8.0.17.jar:8.0.17]
	at com.mysql.cj.jdbc.ConnectionImpl.createNewIO(ConnectionImpl.java:827) ~[mysql-connector-java-8.0.17.jar:8.0.17]
	at com.mysql.cj.jdbc.ConnectionImpl.<init>(ConnectionImpl.java:447) ~[mysql-connector-java-8.0.17.jar:8.0.17]
	at com.mysql.cj.jdbc.ConnectionImpl.getInstance(ConnectionImpl.java:237) ~[mysql-connector-java-8.0.17.jar:8.0.17]
	at com.mysql.cj.jdbc.NonRegisteringDriver.connect(NonRegisteringDriver.java:199) ~[mysql-connector-java-8.0.17.jar:8.0.17]
	at java.sql.DriverManager.getConnection(DriverManager.java:664) ~[?:1.8.0_202]
	at java.sql.DriverManager.getConnection(DriverManager.java:247) ~[?:1.8.0_202]
	at com.parkit.parkingsystem.integration.config.DataBaseTestConfig.getConnection(DataBaseTestConfig.java:16) ~[test-classes/:?]
	at com.parkit.parkingsystem.dao.TicketDAO.getTicket(TicketDAO.java:47) ~[classes/:?]
	at com.parkit.parkingsystem.integration.ParkingDataBaseIT.testParkingACar(ParkingDataBaseIT.java:57) ~[test-classes/:?]
	at sun.reflect.NativeMethodAccessorImpl.invoke0(Native Method) ~[?:1.8.0_202]
	at sun.reflect.NativeMethodAccessorImpl.invoke(NativeMethodAccessorImpl.java:62) ~[?:1.8.0_202]
	at sun.reflect.DelegatingMethodAccessorImpl.invoke(DelegatingMethodAccessorImpl.java:43) ~[?:1.8.0_202]
	at java.lang.reflect.Method.invoke(Method.java:498) ~[?:1.8.0_202]
	at org.junit.platform.commons.util.ReflectionUtils.invokeMethod(ReflectionUtils.java:532) ~[junit-platform-commons-1.3.2.jar:1.3.2]
	at org.junit.jupiter.engine.execution.ExecutableInvoker.invoke(ExecutableInvoker.java:115) ~[junit-jupiter-engine-5.3.2.jar:5.3.2]
	at org.junit.jupiter.engine.descriptor.TestMethodTestDescriptor.lambda$invokeTestMethod$6(TestMethodTestDescriptor.java:171) ~[junit-jupiter-engine-5.3.2.jar:5.3.2]
	at org.junit.platform.engine.support.hierarchical.ThrowableCollector.execute(ThrowableCollector.java:72) ~[junit-platform-engine-1.3.2.jar:1.3.2]
	at org.junit.jupiter.engine.descriptor.TestMethodTestDescriptor.invokeTestMethod(TestMethodTestDescriptor.java:167) ~[junit-jupiter-engine-5.3.2.jar:5.3.2]
	at org.junit.jupiter.engine.descriptor.TestMethodTestDescriptor.execute(TestMethodTestDescriptor.java:114) ~[junit-jupiter-engine-5.3.2.jar:5.3.2]
	at org.junit.jupiter.engine.descriptor.TestMethodTestDescriptor.execute(TestMethodTestDescriptor.java:59) ~[junit-jupiter-engine-5.3.2.jar:5.3.2]
	at org.junit.platform.engine.support.hierarchical.NodeTestTask.lambda$executeRecursively$4(NodeTestTask.java:108) ~[junit-platform-engine-1.3.2.jar:1.3.2]
	at org.junit.platform.engine.support.hierarchical.ThrowableCollector.execute(ThrowableCollector.java:72) ~[junit-platform-engine-1.3.2.jar:1.3.2]
	at org.junit.platform.engine.support.hierarchical.NodeTestTask.executeRecursively(NodeTestTask.java:98) ~[junit-platform-engine-1.3.2.jar:1.3.2]
	at org.junit.platform.engine.support.hierarchical.NodeTestTask.execute(NodeTestTask.java:74) ~[junit-platform-engine-1.3.2.jar:1.3.2]
	at java.util.ArrayList.forEach(ArrayList.java:1257) ~[?:1.8.0_202]
	at org.junit.platform.engine.support.hierarchical.SameThreadHierarchicalTestExecutorService.invokeAll(SameThreadHierarchicalTestExecutorService.java:38) ~[junit-platform-engine-1.3.2.jar:1.3.2]
	at org.junit.platform.engine.support.hierarchical.NodeTestTask.lambda$executeRecursively$4(NodeTestTask.java:112) ~[junit-platform-engine-1.3.2.jar:1.3.2]
	at org.junit.platform.engine.support.hierarchical.ThrowableCollector.execute(ThrowableCollector.java:72) ~[junit-platform-engine-1.3.2.jar:1.3.2]
	at org.junit.platform.engine.support.hierarchical.NodeTestTask.executeRecursively(NodeTestTask.java:98) ~[junit-platform-engine-1.3.2.jar:1.3.2]
	at org.junit.platform.engine.support.hierarchical.NodeTestTask.execute(NodeTestTask.java:74) ~[junit-platform-engine-1.3.2.jar:1.3.2]
	at java.util.ArrayList.forEach(ArrayList.java:1257) ~[?:1.8.0_202]
	at org.junit.platform.engine.support.hierarchical.SameThreadHierarchicalTestExecutorService.invokeAll(SameThreadHierarchicalTestExecutorService.java:38) ~[junit-platform-engine-1.3.2.jar:1.3.2]
	at org.junit.platform.engine.support.hierarchical.NodeTestTask.lambda$executeRecursively$4(NodeTestTask.java:112) ~[junit-platform-engine-1.3.2.jar:1.3.2]
	at org.junit.platform.engine.support.hierarchical.ThrowableCollector.execute(ThrowableCollector.java:72) ~[junit-platform-engine-1.3.2.jar:1.3.2]
	at org.junit.platform.engine.support.hierarchical.NodeTestTask.executeRecursively(NodeTestTask.java:98) ~[junit-platform-engine-1.3.2.jar:1.3.2]
	at org.junit.platform.engine.support.hierarchical.NodeTestTask.execute(NodeTestTask.java:74) ~[junit-platform-engine-1.3.2.jar:1.3.2]
	at org.junit.platform.engine.support.hierarchical.SameThreadHierarchicalTestExecutorService.submit(SameThreadHierarchicalTestExecutorService.java:32) ~[junit-platform-engine-1.3.2.jar:1.3.2]
	at org.junit.platform.engine.support.hierarchical.HierarchicalTestExecutor.execute(HierarchicalTestExecutor.java:57) ~[junit-platform-engine-1.3.2.jar:1.3.2]
	at org.junit.platform.engine.support.hierarchical.HierarchicalTestEngine.execute(HierarchicalTestEngine.java:51) ~[junit-platform-engine-1.3.2.jar:1.3.2]
	at org.junit.platform.launcher.core.DefaultLauncher.execute(DefaultLauncher.java:220) ~[junit-platform-launcher-1.3.2.jar:1.3.2]
	at org.junit.platform.launcher.core.DefaultLauncher.lambda$execute$6(DefaultLauncher.java:188) ~[junit-platform-launcher-1.3.2.jar:1.3.2]
	at org.junit.platform.launcher.core.DefaultLauncher.withInterceptedStreams(DefaultLauncher.java:202) [junit-platform-launcher-1.3.2.jar:1.3.2]
	at org.junit.platform.launcher.core.DefaultLauncher.execute(DefaultLauncher.java:181) [junit-platform-launcher-1.3.2.jar:1.3.2]
	at org.junit.platform.launcher.core.DefaultLauncher.execute(DefaultLauncher.java:128) [junit-platform-launcher-1.3.2.jar:1.3.2]
	at com.intellij.junit5.JUnit5IdeaTestRunner.startRunnerWithArgs(JUnit5IdeaTestRunner.java:71) [junit5-rt.jar:?]
	at com.intellij.rt.junit.IdeaTestRunner$Repeater.startRunnerWithArgs(IdeaTestRunner.java:33) [junit-rt.jar:?]
	at com.intellij.rt.junit.JUnitStarter.prepareStreamsAndStart(JUnitStarter.java:235) [junit-rt.jar:?]
	at com.intellij.rt.junit.JUnitStarter.main(JUnitStarter.java:54) [junit-rt.jar:?]
2022-03-21 13:23:37.367 [main] INFO  DataBaseTestConfig - Create DB connection
2022-03-21 13:23:38.119 [main] INFO  DataBaseTestConfig - Create DB connection
2022-03-21 13:23:38.168 [main] ERROR ParkingSpotDAO - Error fetching next available slot
java.sql.SQLException: The server time zone value 'Paris, Madrid' is unrecognized or represents more than one time zone. You must configure either the server or JDBC driver (via the serverTimezone configuration property) to use a more specifc time zone value if you want to utilize time zone support.
	at com.mysql.cj.jdbc.exceptions.SQLError.createSQLException(SQLError.java:129) ~[mysql-connector-java-8.0.17.jar:8.0.17]
	at com.mysql.cj.jdbc.exceptions.SQLError.createSQLException(SQLError.java:97) ~[mysql-connector-java-8.0.17.jar:8.0.17]
	at com.mysql.cj.jdbc.exceptions.SQLError.createSQLException(SQLError.java:89) ~[mysql-connector-java-8.0.17.jar:8.0.17]
	at com.mysql.cj.jdbc.exceptions.SQLError.createSQLException(SQLError.java:63) ~[mysql-connector-java-8.0.17.jar:8.0.17]
	at com.mysql.cj.jdbc.exceptions.SQLError.createSQLException(SQLError.java:73) ~[mysql-connector-java-8.0.17.jar:8.0.17]
	at com.mysql.cj.jdbc.exceptions.SQLExceptionsMapping.translateException(SQLExceptionsMapping.java:76) ~[mysql-connector-java-8.0.17.jar:8.0.17]
	at com.mysql.cj.jdbc.ConnectionImpl.createNewIO(ConnectionImpl.java:827) ~[mysql-connector-java-8.0.17.jar:8.0.17]
	at com.mysql.cj.jdbc.ConnectionImpl.<init>(ConnectionImpl.java:447) ~[mysql-connector-java-8.0.17.jar:8.0.17]
	at com.mysql.cj.jdbc.ConnectionImpl.getInstance(ConnectionImpl.java:237) ~[mysql-connector-java-8.0.17.jar:8.0.17]
	at com.mysql.cj.jdbc.NonRegisteringDriver.connect(NonRegisteringDriver.java:199) ~[mysql-connector-java-8.0.17.jar:8.0.17]
	at java.sql.DriverManager.getConnection(DriverManager.java:664) ~[?:1.8.0_202]
	at java.sql.DriverManager.getConnection(DriverManager.java:247) ~[?:1.8.0_202]
	at com.parkit.parkingsystem.integration.config.DataBaseTestConfig.getConnection(DataBaseTestConfig.java:16) ~[test-classes/:?]
	at com.parkit.parkingsystem.dao.ParkingSpotDAO.getNextAvailableSlot(ParkingSpotDAO.java:23) ~[classes/:?]
	at com.parkit.parkingsystem.service.ParkingService.getNextParkingNumberIfAvailable(ParkingService.java:67) ~[classes/:?]
	at com.parkit.parkingsystem.service.ParkingService.processIncomingVehicle(ParkingService.java:32) ~[classes/:?]
	at com.parkit.parkingsystem.integration.ParkingDataBaseIT.testParkingACar(ParkingDataBaseIT.java:55) ~[test-classes/:?]
	at sun.reflect.NativeMethodAccessorImpl.invoke0(Native Method) ~[?:1.8.0_202]
	at sun.reflect.NativeMethodAccessorImpl.invoke(NativeMethodAccessorImpl.java:62) ~[?:1.8.0_202]
	at sun.reflect.DelegatingMethodAccessorImpl.invoke(DelegatingMethodAccessorImpl.java:43) ~[?:1.8.0_202]
	at java.lang.reflect.Method.invoke(Method.java:498) ~[?:1.8.0_202]
	at org.junit.platform.commons.util.ReflectionUtils.invokeMethod(ReflectionUtils.java:532) ~[junit-platform-commons-1.3.2.jar:1.3.2]
	at org.junit.jupiter.engine.execution.ExecutableInvoker.invoke(ExecutableInvoker.java:115) ~[junit-jupiter-engine-5.3.2.jar:5.3.2]
	at org.junit.jupiter.engine.descriptor.TestMethodTestDescriptor.lambda$invokeTestMethod$6(TestMethodTestDescriptor.java:171) ~[junit-jupiter-engine-5.3.2.jar:5.3.2]
	at org.junit.platform.engine.support.hierarchical.ThrowableCollector.execute(ThrowableCollector.java:72) ~[junit-platform-engine-1.3.2.jar:1.3.2]
	at org.junit.jupiter.engine.descriptor.TestMethodTestDescriptor.invokeTestMethod(TestMethodTestDescriptor.java:167) ~[junit-jupiter-engine-5.3.2.jar:5.3.2]
	at org.junit.jupiter.engine.descriptor.TestMethodTestDescriptor.execute(TestMethodTestDescriptor.java:114) ~[junit-jupiter-engine-5.3.2.jar:5.3.2]
	at org.junit.jupiter.engine.descriptor.TestMethodTestDescriptor.execute(TestMethodTestDescriptor.java:59) ~[junit-jupiter-engine-5.3.2.jar:5.3.2]
	at org.junit.platform.engine.support.hierarchical.NodeTestTask.lambda$executeRecursively$4(NodeTestTask.java:108) ~[junit-platform-engine-1.3.2.jar:1.3.2]
	at org.junit.platform.engine.support.hierarchical.ThrowableCollector.execute(ThrowableCollector.java:72) ~[junit-platform-engine-1.3.2.jar:1.3.2]
	at org.junit.platform.engine.support.hierarchical.NodeTestTask.executeRecursively(NodeTestTask.java:98) ~[junit-platform-engine-1.3.2.jar:1.3.2]
	at org.junit.platform.engine.support.hierarchical.NodeTestTask.execute(NodeTestTask.java:74) ~[junit-platform-engine-1.3.2.jar:1.3.2]
	at java.util.ArrayList.forEach(ArrayList.java:1257) ~[?:1.8.0_202]
	at org.junit.platform.engine.support.hierarchical.SameThreadHierarchicalTestExecutorService.invokeAll(SameThreadHierarchicalTestExecutorService.java:38) ~[junit-platform-engine-1.3.2.jar:1.3.2]
	at org.junit.platform.engine.support.hierarchical.NodeTestTask.lambda$executeRecursively$4(NodeTestTask.java:112) ~[junit-platform-engine-1.3.2.jar:1.3.2]
	at org.junit.platform.engine.support.hierarchical.ThrowableCollector.execute(ThrowableCollector.java:72) ~[junit-platform-engine-1.3.2.jar:1.3.2]
	at org.junit.platform.engine.support.hierarchical.NodeTestTask.executeRecursively(NodeTestTask.java:98) ~[junit-platform-engine-1.3.2.jar:1.3.2]
	at org.junit.platform.engine.support.hierarchical.NodeTestTask.execute(NodeTestTask.java:74) ~[junit-platform-engine-1.3.2.jar:1.3.2]
	at java.util.ArrayList.forEach(ArrayList.java:1257) ~[?:1.8.0_202]
	at org.junit.platform.engine.support.hierarchical.SameThreadHierarchicalTestExecutorService.invokeAll(SameThreadHierarchicalTestExecutorService.java:38) ~[junit-platform-engine-1.3.2.jar:1.3.2]
	at org.junit.platform.engine.support.hierarchical.NodeTestTask.lambda$executeRecursively$4(NodeTestTask.java:112) ~[junit-platform-engine-1.3.2.jar:1.3.2]
	at org.junit.platform.engine.support.hierarchical.ThrowableCollector.execute(ThrowableCollector.java:72) ~[junit-platform-engine-1.3.2.jar:1.3.2]
	at org.junit.platform.engine.support.hierarchical.NodeTestTask.executeRecursively(NodeTestTask.java:98) ~[junit-platform-engine-1.3.2.jar:1.3.2]
	at org.junit.platform.engine.support.hierarchical.NodeTestTask.execute(NodeTestTask.java:74) ~[junit-platform-engine-1.3.2.jar:1.3.2]
	at org.junit.platform.engine.support.hierarchical.SameThreadHierarchicalTestExecutorService.submit(SameThreadHierarchicalTestExecutorService.java:32) ~[junit-platform-engine-1.3.2.jar:1.3.2]
	at org.junit.platform.engine.support.hierarchical.HierarchicalTestExecutor.execute(HierarchicalTestExecutor.java:57) ~[junit-platform-engine-1.3.2.jar:1.3.2]
	at org.junit.platform.engine.support.hierarchical.HierarchicalTestEngine.execute(HierarchicalTestEngine.java:51) ~[junit-platform-engine-1.3.2.jar:1.3.2]
	at org.junit.platform.launcher.core.DefaultLauncher.execute(DefaultLauncher.java:220) ~[junit-platform-launcher-1.3.2.jar:1.3.2]
	at org.junit.platform.launcher.core.DefaultLauncher.lambda$execute$6(DefaultLauncher.java:188) ~[junit-platform-launcher-1.3.2.jar:1.3.2]
	at org.junit.platform.launcher.core.DefaultLauncher.withInterceptedStreams(DefaultLauncher.java:202) [junit-platform-launcher-1.3.2.jar:1.3.2]
	at org.junit.platform.launcher.core.DefaultLauncher.execute(DefaultLauncher.java:181) [junit-platform-launcher-1.3.2.jar:1.3.2]
	at org.junit.platform.launcher.core.DefaultLauncher.execute(DefaultLauncher.java:128) [junit-platform-launcher-1.3.2.jar:1.3.2]
	at com.intellij.junit5.JUnit5IdeaTestRunner.startRunnerWithArgs(JUnit5IdeaTestRunner.java:71) [junit5-rt.jar:?]
	at com.intellij.rt.junit.IdeaTestRunner$Repeater.startRunnerWithArgs(IdeaTestRunner.java:33) [junit-rt.jar:?]
	at com.intellij.rt.junit.JUnitStarter.prepareStreamsAndStart(JUnitStarter.java:235) [junit-rt.jar:?]
	at com.intellij.rt.junit.JUnitStarter.main(JUnitStarter.java:54) [junit-rt.jar:?]
Caused by: com.mysql.cj.exceptions.InvalidConnectionAttributeException: The server time zone value 'Paris, Madrid' is unrecognized or represents more than one time zone. You must configure either the server or JDBC driver (via the serverTimezone configuration property) to use a more specifc time zone value if you want to utilize time zone support.
	at sun.reflect.NativeConstructorAccessorImpl.newInstance0(Native Method) ~[?:1.8.0_202]
	at sun.reflect.NativeConstructorAccessorImpl.newInstance(NativeConstructorAccessorImpl.java:62) ~[?:1.8.0_202]
	at sun.reflect.DelegatingConstructorAccessorImpl.newInstance(DelegatingConstructorAccessorImpl.java:45) ~[?:1.8.0_202]
	at java.lang.reflect.Constructor.newInstance(Constructor.java:423) ~[?:1.8.0_202]
	at com.mysql.cj.exceptions.ExceptionFactory.createException(ExceptionFactory.java:61) ~[mysql-connector-java-8.0.17.jar:8.0.17]
	at com.mysql.cj.exceptions.ExceptionFactory.createException(ExceptionFactory.java:85) ~[mysql-connector-java-8.0.17.jar:8.0.17]
	at com.mysql.cj.util.TimeUtil.getCanonicalTimezone(TimeUtil.java:132) ~[mysql-connector-java-8.0.17.jar:8.0.17]
	at com.mysql.cj.protocol.a.NativeProtocol.configureTimezone(NativeProtocol.java:2139) ~[mysql-connector-java-8.0.17.jar:8.0.17]
	at com.mysql.cj.protocol.a.NativeProtocol.initServerSession(NativeProtocol.java:2163) ~[mysql-connector-java-8.0.17.jar:8.0.17]
	at com.mysql.cj.jdbc.ConnectionImpl.initializePropsFromServer(ConnectionImpl.java:1301) ~[mysql-connector-java-8.0.17.jar:8.0.17]
	at com.mysql.cj.jdbc.ConnectionImpl.connectOneTryOnly(ConnectionImpl.java:958) ~[mysql-connector-java-8.0.17.jar:8.0.17]
	at com.mysql.cj.jdbc.ConnectionImpl.createNewIO(ConnectionImpl.java:817) ~[mysql-connector-java-8.0.17.jar:8.0.17]
	... 49 more
2022-03-21 13:23:38.175 [main] ERROR ParkingService - Error fetching next available parking slot
java.lang.Exception: Error fetching parking number from DB. Parking slots might be full
	at com.parkit.parkingsystem.service.ParkingService.getNextParkingNumberIfAvailable(ParkingService.java:71) ~[classes/:?]
	at com.parkit.parkingsystem.service.ParkingService.processIncomingVehicle(ParkingService.java:32) ~[classes/:?]
	at com.parkit.parkingsystem.integration.ParkingDataBaseIT.testParkingACar(ParkingDataBaseIT.java:55) ~[test-classes/:?]
	at sun.reflect.NativeMethodAccessorImpl.invoke0(Native Method) ~[?:1.8.0_202]
	at sun.reflect.NativeMethodAccessorImpl.invoke(NativeMethodAccessorImpl.java:62) ~[?:1.8.0_202]
	at sun.reflect.DelegatingMethodAccessorImpl.invoke(DelegatingMethodAccessorImpl.java:43) ~[?:1.8.0_202]
	at java.lang.reflect.Method.invoke(Method.java:498) ~[?:1.8.0_202]
	at org.junit.platform.commons.util.ReflectionUtils.invokeMethod(ReflectionUtils.java:532) ~[junit-platform-commons-1.3.2.jar:1.3.2]
	at org.junit.jupiter.engine.execution.ExecutableInvoker.invoke(ExecutableInvoker.java:115) ~[junit-jupiter-engine-5.3.2.jar:5.3.2]
	at org.junit.jupiter.engine.descriptor.TestMethodTestDescriptor.lambda$invokeTestMethod$6(TestMethodTestDescriptor.java:171) ~[junit-jupiter-engine-5.3.2.jar:5.3.2]
	at org.junit.platform.engine.support.hierarchical.ThrowableCollector.execute(ThrowableCollector.java:72) ~[junit-platform-engine-1.3.2.jar:1.3.2]
	at org.junit.jupiter.engine.descriptor.TestMethodTestDescriptor.invokeTestMethod(TestMethodTestDescriptor.java:167) ~[junit-jupiter-engine-5.3.2.jar:5.3.2]
	at org.junit.jupiter.engine.descriptor.TestMethodTestDescriptor.execute(TestMethodTestDescriptor.java:114) ~[junit-jupiter-engine-5.3.2.jar:5.3.2]
	at org.junit.jupiter.engine.descriptor.TestMethodTestDescriptor.execute(TestMethodTestDescriptor.java:59) ~[junit-jupiter-engine-5.3.2.jar:5.3.2]
	at org.junit.platform.engine.support.hierarchical.NodeTestTask.lambda$executeRecursively$4(NodeTestTask.java:108) ~[junit-platform-engine-1.3.2.jar:1.3.2]
	at org.junit.platform.engine.support.hierarchical.ThrowableCollector.execute(ThrowableCollector.java:72) ~[junit-platform-engine-1.3.2.jar:1.3.2]
	at org.junit.platform.engine.support.hierarchical.NodeTestTask.executeRecursively(NodeTestTask.java:98) ~[junit-platform-engine-1.3.2.jar:1.3.2]
	at org.junit.platform.engine.support.hierarchical.NodeTestTask.execute(NodeTestTask.java:74) ~[junit-platform-engine-1.3.2.jar:1.3.2]
	at java.util.ArrayList.forEach(ArrayList.java:1257) ~[?:1.8.0_202]
	at org.junit.platform.engine.support.hierarchical.SameThreadHierarchicalTestExecutorService.invokeAll(SameThreadHierarchicalTestExecutorService.java:38) ~[junit-platform-engine-1.3.2.jar:1.3.2]
	at org.junit.platform.engine.support.hierarchical.NodeTestTask.lambda$executeRecursively$4(NodeTestTask.java:112) ~[junit-platform-engine-1.3.2.jar:1.3.2]
	at org.junit.platform.engine.support.hierarchical.ThrowableCollector.execute(ThrowableCollector.java:72) ~[junit-platform-engine-1.3.2.jar:1.3.2]
	at org.junit.platform.engine.support.hierarchical.NodeTestTask.executeRecursively(NodeTestTask.java:98) ~[junit-platform-engine-1.3.2.jar:1.3.2]
	at org.junit.platform.engine.support.hierarchical.NodeTestTask.execute(NodeTestTask.java:74) ~[junit-platform-engine-1.3.2.jar:1.3.2]
	at java.util.ArrayList.forEach(ArrayList.java:1257) ~[?:1.8.0_202]
	at org.junit.platform.engine.support.hierarchical.SameThreadHierarchicalTestExecutorService.invokeAll(SameThreadHierarchicalTestExecutorService.java:38) ~[junit-platform-engine-1.3.2.jar:1.3.2]
	at org.junit.platform.engine.support.hierarchical.NodeTestTask.lambda$executeRecursively$4(NodeTestTask.java:112) ~[junit-platform-engine-1.3.2.jar:1.3.2]
	at org.junit.platform.engine.support.hierarchical.ThrowableCollector.execute(ThrowableCollector.java:72) ~[junit-platform-engine-1.3.2.jar:1.3.2]
	at org.junit.platform.engine.support.hierarchical.NodeTestTask.executeRecursively(NodeTestTask.java:98) ~[junit-platform-engine-1.3.2.jar:1.3.2]
	at org.junit.platform.engine.support.hierarchical.NodeTestTask.execute(NodeTestTask.java:74) ~[junit-platform-engine-1.3.2.jar:1.3.2]
	at org.junit.platform.engine.support.hierarchical.SameThreadHierarchicalTestExecutorService.submit(SameThreadHierarchicalTestExecutorService.java:32) ~[junit-platform-engine-1.3.2.jar:1.3.2]
	at org.junit.platform.engine.support.hierarchical.HierarchicalTestExecutor.execute(HierarchicalTestExecutor.java:57) ~[junit-platform-engine-1.3.2.jar:1.3.2]
	at org.junit.platform.engine.support.hierarchical.HierarchicalTestEngine.execute(HierarchicalTestEngine.java:51) ~[junit-platform-engine-1.3.2.jar:1.3.2]
	at org.junit.platform.launcher.core.DefaultLauncher.execute(DefaultLauncher.java:220) ~[junit-platform-launcher-1.3.2.jar:1.3.2]
	at org.junit.platform.launcher.core.DefaultLauncher.lambda$execute$6(DefaultLauncher.java:188) ~[junit-platform-launcher-1.3.2.jar:1.3.2]
	at org.junit.platform.launcher.core.DefaultLauncher.withInterceptedStreams(DefaultLauncher.java:202) [junit-platform-launcher-1.3.2.jar:1.3.2]
	at org.junit.platform.launcher.core.DefaultLauncher.execute(DefaultLauncher.java:181) [junit-platform-launcher-1.3.2.jar:1.3.2]
	at org.junit.platform.launcher.core.DefaultLauncher.execute(DefaultLauncher.java:128) [junit-platform-launcher-1.3.2.jar:1.3.2]
	at com.intellij.junit5.JUnit5IdeaTestRunner.startRunnerWithArgs(JUnit5IdeaTestRunner.java:71) [junit5-rt.jar:?]
	at com.intellij.rt.junit.IdeaTestRunner$Repeater.startRunnerWithArgs(IdeaTestRunner.java:33) [junit-rt.jar:?]
	at com.intellij.rt.junit.JUnitStarter.prepareStreamsAndStart(JUnitStarter.java:235) [junit-rt.jar:?]
	at com.intellij.rt.junit.JUnitStarter.main(JUnitStarter.java:54) [junit-rt.jar:?]
2022-03-21 13:23:38.175 [main] INFO  DataBaseTestConfig - Create DB connection
2022-03-21 13:23:38.197 [main] ERROR TicketDAO - Error fetching next available slot
java.sql.SQLException: The server time zone value 'Paris, Madrid' is unrecognized or represents more than one time zone. You must configure either the server or JDBC driver (via the serverTimezone configuration property) to use a more specifc time zone value if you want to utilize time zone support.
	at com.mysql.cj.jdbc.exceptions.SQLError.createSQLException(SQLError.java:129) ~[mysql-connector-java-8.0.17.jar:8.0.17]
	at com.mysql.cj.jdbc.exceptions.SQLError.createSQLException(SQLError.java:97) ~[mysql-connector-java-8.0.17.jar:8.0.17]
	at com.mysql.cj.jdbc.exceptions.SQLError.createSQLException(SQLError.java:89) ~[mysql-connector-java-8.0.17.jar:8.0.17]
	at com.mysql.cj.jdbc.exceptions.SQLError.createSQLException(SQLError.java:63) ~[mysql-connector-java-8.0.17.jar:8.0.17]
	at com.mysql.cj.jdbc.exceptions.SQLError.createSQLException(SQLError.java:73) ~[mysql-connector-java-8.0.17.jar:8.0.17]
	at com.mysql.cj.jdbc.exceptions.SQLExceptionsMapping.translateException(SQLExceptionsMapping.java:76) ~[mysql-connector-java-8.0.17.jar:8.0.17]
	at com.mysql.cj.jdbc.ConnectionImpl.createNewIO(ConnectionImpl.java:827) ~[mysql-connector-java-8.0.17.jar:8.0.17]
	at com.mysql.cj.jdbc.ConnectionImpl.<init>(ConnectionImpl.java:447) ~[mysql-connector-java-8.0.17.jar:8.0.17]
	at com.mysql.cj.jdbc.ConnectionImpl.getInstance(ConnectionImpl.java:237) ~[mysql-connector-java-8.0.17.jar:8.0.17]
	at com.mysql.cj.jdbc.NonRegisteringDriver.connect(NonRegisteringDriver.java:199) ~[mysql-connector-java-8.0.17.jar:8.0.17]
	at java.sql.DriverManager.getConnection(DriverManager.java:664) ~[?:1.8.0_202]
	at java.sql.DriverManager.getConnection(DriverManager.java:247) ~[?:1.8.0_202]
	at com.parkit.parkingsystem.integration.config.DataBaseTestConfig.getConnection(DataBaseTestConfig.java:16) ~[test-classes/:?]
	at com.parkit.parkingsystem.dao.TicketDAO.getTicket(TicketDAO.java:47) ~[classes/:?]
	at com.parkit.parkingsystem.integration.ParkingDataBaseIT.testParkingACar(ParkingDataBaseIT.java:57) ~[test-classes/:?]
	at sun.reflect.NativeMethodAccessorImpl.invoke0(Native Method) ~[?:1.8.0_202]
	at sun.reflect.NativeMethodAccessorImpl.invoke(NativeMethodAccessorImpl.java:62) ~[?:1.8.0_202]
	at sun.reflect.DelegatingMethodAccessorImpl.invoke(DelegatingMethodAccessorImpl.java:43) ~[?:1.8.0_202]
	at java.lang.reflect.Method.invoke(Method.java:498) ~[?:1.8.0_202]
	at org.junit.platform.commons.util.ReflectionUtils.invokeMethod(ReflectionUtils.java:532) ~[junit-platform-commons-1.3.2.jar:1.3.2]
	at org.junit.jupiter.engine.execution.ExecutableInvoker.invoke(ExecutableInvoker.java:115) ~[junit-jupiter-engine-5.3.2.jar:5.3.2]
	at org.junit.jupiter.engine.descriptor.TestMethodTestDescriptor.lambda$invokeTestMethod$6(TestMethodTestDescriptor.java:171) ~[junit-jupiter-engine-5.3.2.jar:5.3.2]
	at org.junit.platform.engine.support.hierarchical.ThrowableCollector.execute(ThrowableCollector.java:72) ~[junit-platform-engine-1.3.2.jar:1.3.2]
	at org.junit.jupiter.engine.descriptor.TestMethodTestDescriptor.invokeTestMethod(TestMethodTestDescriptor.java:167) ~[junit-jupiter-engine-5.3.2.jar:5.3.2]
	at org.junit.jupiter.engine.descriptor.TestMethodTestDescriptor.execute(TestMethodTestDescriptor.java:114) ~[junit-jupiter-engine-5.3.2.jar:5.3.2]
	at org.junit.jupiter.engine.descriptor.TestMethodTestDescriptor.execute(TestMethodTestDescriptor.java:59) ~[junit-jupiter-engine-5.3.2.jar:5.3.2]
	at org.junit.platform.engine.support.hierarchical.NodeTestTask.lambda$executeRecursively$4(NodeTestTask.java:108) ~[junit-platform-engine-1.3.2.jar:1.3.2]
	at org.junit.platform.engine.support.hierarchical.ThrowableCollector.execute(ThrowableCollector.java:72) ~[junit-platform-engine-1.3.2.jar:1.3.2]
	at org.junit.platform.engine.support.hierarchical.NodeTestTask.executeRecursively(NodeTestTask.java:98) ~[junit-platform-engine-1.3.2.jar:1.3.2]
	at org.junit.platform.engine.support.hierarchical.NodeTestTask.execute(NodeTestTask.java:74) ~[junit-platform-engine-1.3.2.jar:1.3.2]
	at java.util.ArrayList.forEach(ArrayList.java:1257) ~[?:1.8.0_202]
	at org.junit.platform.engine.support.hierarchical.SameThreadHierarchicalTestExecutorService.invokeAll(SameThreadHierarchicalTestExecutorService.java:38) ~[junit-platform-engine-1.3.2.jar:1.3.2]
	at org.junit.platform.engine.support.hierarchical.NodeTestTask.lambda$executeRecursively$4(NodeTestTask.java:112) ~[junit-platform-engine-1.3.2.jar:1.3.2]
	at org.junit.platform.engine.support.hierarchical.ThrowableCollector.execute(ThrowableCollector.java:72) ~[junit-platform-engine-1.3.2.jar:1.3.2]
	at org.junit.platform.engine.support.hierarchical.NodeTestTask.executeRecursively(NodeTestTask.java:98) ~[junit-platform-engine-1.3.2.jar:1.3.2]
	at org.junit.platform.engine.support.hierarchical.NodeTestTask.execute(NodeTestTask.java:74) ~[junit-platform-engine-1.3.2.jar:1.3.2]
	at java.util.ArrayList.forEach(ArrayList.java:1257) ~[?:1.8.0_202]
	at org.junit.platform.engine.support.hierarchical.SameThreadHierarchicalTestExecutorService.invokeAll(SameThreadHierarchicalTestExecutorService.java:38) ~[junit-platform-engine-1.3.2.jar:1.3.2]
	at org.junit.platform.engine.support.hierarchical.NodeTestTask.lambda$executeRecursively$4(NodeTestTask.java:112) ~[junit-platform-engine-1.3.2.jar:1.3.2]
	at org.junit.platform.engine.support.hierarchical.ThrowableCollector.execute(ThrowableCollector.java:72) ~[junit-platform-engine-1.3.2.jar:1.3.2]
	at org.junit.platform.engine.support.hierarchical.NodeTestTask.executeRecursively(NodeTestTask.java:98) ~[junit-platform-engine-1.3.2.jar:1.3.2]
	at org.junit.platform.engine.support.hierarchical.NodeTestTask.execute(NodeTestTask.java:74) ~[junit-platform-engine-1.3.2.jar:1.3.2]
	at org.junit.platform.engine.support.hierarchical.SameThreadHierarchicalTestExecutorService.submit(SameThreadHierarchicalTestExecutorService.java:32) ~[junit-platform-engine-1.3.2.jar:1.3.2]
	at org.junit.platform.engine.support.hierarchical.HierarchicalTestExecutor.execute(HierarchicalTestExecutor.java:57) ~[junit-platform-engine-1.3.2.jar:1.3.2]
	at org.junit.platform.engine.support.hierarchical.HierarchicalTestEngine.execute(HierarchicalTestEngine.java:51) ~[junit-platform-engine-1.3.2.jar:1.3.2]
	at org.junit.platform.launcher.core.DefaultLauncher.execute(DefaultLauncher.java:220) ~[junit-platform-launcher-1.3.2.jar:1.3.2]
	at org.junit.platform.launcher.core.DefaultLauncher.lambda$execute$6(DefaultLauncher.java:188) ~[junit-platform-launcher-1.3.2.jar:1.3.2]
	at org.junit.platform.launcher.core.DefaultLauncher.withInterceptedStreams(DefaultLauncher.java:202) [junit-platform-launcher-1.3.2.jar:1.3.2]
	at org.junit.platform.launcher.core.DefaultLauncher.execute(DefaultLauncher.java:181) [junit-platform-launcher-1.3.2.jar:1.3.2]
	at org.junit.platform.launcher.core.DefaultLauncher.execute(DefaultLauncher.java:128) [junit-platform-launcher-1.3.2.jar:1.3.2]
	at com.intellij.junit5.JUnit5IdeaTestRunner.startRunnerWithArgs(JUnit5IdeaTestRunner.java:71) [junit5-rt.jar:?]
	at com.intellij.rt.junit.IdeaTestRunner$Repeater.startRunnerWithArgs(IdeaTestRunner.java:33) [junit-rt.jar:?]
	at com.intellij.rt.junit.JUnitStarter.prepareStreamsAndStart(JUnitStarter.java:235) [junit-rt.jar:?]
	at com.intellij.rt.junit.JUnitStarter.main(JUnitStarter.java:54) [junit-rt.jar:?]
Caused by: com.mysql.cj.exceptions.InvalidConnectionAttributeException: The server time zone value 'Paris, Madrid' is unrecognized or represents more than one time zone. You must configure either the server or JDBC driver (via the serverTimezone configuration property) to use a more specifc time zone value if you want to utilize time zone support.
	at sun.reflect.NativeConstructorAccessorImpl.newInstance0(Native Method) ~[?:1.8.0_202]
	at sun.reflect.NativeConstructorAccessorImpl.newInstance(NativeConstructorAccessorImpl.java:62) ~[?:1.8.0_202]
	at sun.reflect.DelegatingConstructorAccessorImpl.newInstance(DelegatingConstructorAccessorImpl.java:45) ~[?:1.8.0_202]
	at java.lang.reflect.Constructor.newInstance(Constructor.java:423) ~[?:1.8.0_202]
	at com.mysql.cj.exceptions.ExceptionFactory.createException(ExceptionFactory.java:61) ~[mysql-connector-java-8.0.17.jar:8.0.17]
	at com.mysql.cj.exceptions.ExceptionFactory.createException(ExceptionFactory.java:85) ~[mysql-connector-java-8.0.17.jar:8.0.17]
	at com.mysql.cj.util.TimeUtil.getCanonicalTimezone(TimeUtil.java:132) ~[mysql-connector-java-8.0.17.jar:8.0.17]
	at com.mysql.cj.protocol.a.NativeProtocol.configureTimezone(NativeProtocol.java:2139) ~[mysql-connector-java-8.0.17.jar:8.0.17]
	at com.mysql.cj.protocol.a.NativeProtocol.initServerSession(NativeProtocol.java:2163) ~[mysql-connector-java-8.0.17.jar:8.0.17]
	at com.mysql.cj.jdbc.ConnectionImpl.initializePropsFromServer(ConnectionImpl.java:1301) ~[mysql-connector-java-8.0.17.jar:8.0.17]
	at com.mysql.cj.jdbc.ConnectionImpl.connectOneTryOnly(ConnectionImpl.java:958) ~[mysql-connector-java-8.0.17.jar:8.0.17]
	at com.mysql.cj.jdbc.ConnectionImpl.createNewIO(ConnectionImpl.java:817) ~[mysql-connector-java-8.0.17.jar:8.0.17]
	... 47 more
2022-03-21 13:24:23.663 [main] INFO  DataBaseTestConfig - Create DB connection
2022-03-21 13:24:24.559 [main] INFO  DataBaseTestConfig - Closing DB connection
2022-03-21 13:24:24.567 [main] INFO  DataBaseTestConfig - Create DB connection
2022-03-21 13:24:24.608 [main] INFO  DataBaseTestConfig - Closing Result Set
2022-03-21 13:24:24.609 [main] INFO  DataBaseTestConfig - Closing Prepared Statement
2022-03-21 13:24:24.610 [main] INFO  DataBaseTestConfig - Closing DB connection
2022-03-21 13:24:24.611 [main] INFO  DataBaseTestConfig - Create DB connection
2022-03-21 13:24:24.648 [main] INFO  DataBaseTestConfig - Closing Prepared Statement
2022-03-21 13:24:24.648 [main] INFO  DataBaseTestConfig - Closing DB connection
2022-03-21 13:24:24.649 [main] INFO  DataBaseTestConfig - Create DB connection
2022-03-21 13:24:24.683 [main] INFO  DataBaseTestConfig - Closing DB connection
2022-03-21 13:24:24.685 [main] INFO  DataBaseTestConfig - Create DB connection
2022-03-21 13:24:24.708 [main] INFO  DataBaseTestConfig - Closing Result Set
2022-03-21 13:24:24.708 [main] INFO  DataBaseTestConfig - Closing Prepared Statement
2022-03-21 13:24:24.709 [main] INFO  DataBaseTestConfig - Closing DB connection
2022-03-21 13:24:24.712 [main] INFO  DataBaseTestConfig - Create DB connection
2022-03-21 13:24:24.732 [main] INFO  DataBaseTestConfig - Closing Result Set
2022-03-21 13:24:24.732 [main] INFO  DataBaseTestConfig - Closing Prepared Statement
2022-03-21 13:24:24.733 [main] INFO  DataBaseTestConfig - Closing DB connection
2022-03-21 13:25:35.930 [main] INFO  DataBaseTestConfig - Create DB connection
2022-03-21 13:25:36.736 [main] INFO  DataBaseTestConfig - Closing DB connection
2022-03-21 13:25:36.742 [main] INFO  DataBaseTestConfig - Create DB connection
2022-03-21 13:25:36.776 [main] INFO  DataBaseTestConfig - Closing Result Set
2022-03-21 13:25:36.776 [main] INFO  DataBaseTestConfig - Closing Prepared Statement
2022-03-21 13:25:36.777 [main] INFO  DataBaseTestConfig - Closing DB connection
2022-03-21 13:25:36.778 [main] INFO  DataBaseTestConfig - Create DB connection
2022-03-21 13:25:36.807 [main] INFO  DataBaseTestConfig - Closing Prepared Statement
2022-03-21 13:25:36.808 [main] INFO  DataBaseTestConfig - Closing DB connection
2022-03-21 13:25:36.808 [main] INFO  DataBaseTestConfig - Create DB connection
2022-03-21 13:25:36.843 [main] INFO  DataBaseTestConfig - Closing DB connection
2022-03-21 13:25:36.844 [main] INFO  DataBaseTestConfig - Create DB connection
2022-03-21 13:25:36.865 [main] INFO  DataBaseTestConfig - Closing Result Set
2022-03-21 13:25:36.865 [main] INFO  DataBaseTestConfig - Closing Prepared Statement
2022-03-21 13:25:36.865 [main] INFO  DataBaseTestConfig - Closing DB connection
2022-03-21 13:26:20.397 [main] INFO  DataBaseTestConfig - Create DB connection
2022-03-21 13:26:21.267 [main] INFO  DataBaseTestConfig - Closing DB connection
2022-03-21 13:26:21.272 [main] INFO  DataBaseTestConfig - Create DB connection
2022-03-21 13:26:21.305 [main] INFO  DataBaseTestConfig - Closing Result Set
2022-03-21 13:26:21.305 [main] INFO  DataBaseTestConfig - Closing Prepared Statement
2022-03-21 13:26:21.306 [main] INFO  DataBaseTestConfig - Closing DB connection
2022-03-21 13:26:21.307 [main] INFO  DataBaseTestConfig - Create DB connection
2022-03-21 13:26:21.340 [main] INFO  DataBaseTestConfig - Closing Prepared Statement
2022-03-21 13:26:21.341 [main] INFO  DataBaseTestConfig - Closing DB connection
2022-03-21 13:26:21.342 [main] INFO  DataBaseTestConfig - Create DB connection
2022-03-21 13:26:21.376 [main] INFO  DataBaseTestConfig - Closing DB connection
2022-03-21 13:26:21.377 [main] INFO  DataBaseTestConfig - Create DB connection
2022-03-21 13:26:21.397 [main] INFO  DataBaseTestConfig - Closing Result Set
2022-03-21 13:26:21.397 [main] INFO  DataBaseTestConfig - Closing Prepared Statement
2022-03-21 13:26:21.397 [main] INFO  DataBaseTestConfig - Closing DB connection
2022-03-21 13:26:21.399 [main] INFO  DataBaseTestConfig - Create DB connection
2022-03-21 13:26:21.420 [main] INFO  DataBaseTestConfig - Closing Result Set
2022-03-21 13:26:21.420 [main] INFO  DataBaseTestConfig - Closing Prepared Statement
2022-03-21 13:26:21.420 [main] INFO  DataBaseTestConfig - Closing DB connection
2022-03-21 13:26:33.570 [main] INFO  DataBaseTestConfig - Create DB connection
2022-03-21 13:26:34.375 [main] INFO  DataBaseTestConfig - Closing DB connection
2022-03-21 13:26:34.386 [main] INFO  DataBaseTestConfig - Create DB connection
2022-03-21 13:26:34.429 [main] INFO  DataBaseTestConfig - Closing Result Set
2022-03-21 13:26:34.429 [main] INFO  DataBaseTestConfig - Closing Prepared Statement
2022-03-21 13:26:34.430 [main] INFO  DataBaseTestConfig - Closing DB connection
2022-03-21 13:26:34.431 [main] INFO  DataBaseTestConfig - Create DB connection
2022-03-21 13:26:34.459 [main] INFO  DataBaseTestConfig - Closing Prepared Statement
2022-03-21 13:26:34.459 [main] INFO  DataBaseTestConfig - Closing DB connection
2022-03-21 13:26:34.460 [main] INFO  DataBaseTestConfig - Create DB connection
2022-03-21 13:26:34.493 [main] INFO  DataBaseTestConfig - Closing DB connection
2022-03-21 13:26:34.494 [main] INFO  DataBaseTestConfig - Create DB connection
2022-03-21 13:26:34.514 [main] INFO  DataBaseTestConfig - Closing Result Set
2022-03-21 13:26:34.514 [main] INFO  DataBaseTestConfig - Closing Prepared Statement
2022-03-21 13:26:34.515 [main] INFO  DataBaseTestConfig - Closing DB connection
2022-03-21 13:26:34.517 [main] INFO  DataBaseTestConfig - Create DB connection
2022-03-21 13:26:34.538 [main] INFO  DataBaseTestConfig - Closing Result Set
2022-03-21 13:26:34.538 [main] INFO  DataBaseTestConfig - Closing Prepared Statement
2022-03-21 13:26:34.538 [main] INFO  DataBaseTestConfig - Closing DB connection
2022-03-21 13:29:23.745 [main] INFO  DataBaseTestConfig - Create DB connection
2022-03-21 13:29:24.593 [main] INFO  DataBaseTestConfig - Closing DB connection
2022-03-21 13:29:24.604 [main] INFO  DataBaseTestConfig - Create DB connection
2022-03-21 13:29:24.663 [main] INFO  DataBaseTestConfig - Closing Result Set
2022-03-21 13:29:24.664 [main] INFO  DataBaseTestConfig - Closing Prepared Statement
2022-03-21 13:29:24.664 [main] INFO  DataBaseTestConfig - Closing DB connection
2022-03-21 13:29:24.665 [main] INFO  DataBaseTestConfig - Create DB connection
2022-03-21 13:29:24.695 [main] INFO  DataBaseTestConfig - Closing Prepared Statement
2022-03-21 13:29:24.695 [main] INFO  DataBaseTestConfig - Closing DB connection
2022-03-21 13:29:24.696 [main] INFO  DataBaseTestConfig - Create DB connection
2022-03-21 13:29:24.737 [main] INFO  DataBaseTestConfig - Closing DB connection
2022-03-21 13:29:24.738 [main] INFO  DataBaseTestConfig - Create DB connection
2022-03-21 13:29:24.758 [main] INFO  DataBaseTestConfig - Closing Result Set
2022-03-21 13:29:24.758 [main] INFO  DataBaseTestConfig - Closing Prepared Statement
2022-03-21 13:29:24.759 [main] INFO  DataBaseTestConfig - Closing DB connection
2022-03-21 13:29:24.760 [main] INFO  DataBaseTestConfig - Create DB connection
2022-03-21 13:29:24.781 [main] INFO  DataBaseTestConfig - Closing Result Set
2022-03-21 13:29:24.781 [main] INFO  DataBaseTestConfig - Closing Prepared Statement
2022-03-21 13:29:24.781 [main] INFO  DataBaseTestConfig - Closing DB connection
2022-03-21 13:29:24.782 [main] INFO  DataBaseTestConfig - Create DB connection
2022-03-21 13:29:24.803 [main] INFO  DataBaseTestConfig - Closing Result Set
2022-03-21 13:29:24.804 [main] INFO  DataBaseTestConfig - Closing Prepared Statement
2022-03-21 13:29:24.804 [main] INFO  DataBaseTestConfig - Closing DB connection
2022-03-21 13:29:24.804 [main] ERROR ParkingService - Unable to process exiting vehicle
java.lang.IllegalArgumentException: Out time provided is incorrect:Mon Mar 21 13:29:24 CET 2022
	at com.parkit.parkingsystem.service.FareCalculatorService.calculateFare(FareCalculatorService.java:12) ~[classes/:?]
	at com.parkit.parkingsystem.service.ParkingService.processExitingVehicle(ParkingService.java:106) ~[classes/:?]
	at com.parkit.parkingsystem.integration.ParkingDataBaseIT.testParkingLotExit(ParkingDataBaseIT.java:68) ~[test-classes/:?]
	at sun.reflect.NativeMethodAccessorImpl.invoke0(Native Method) ~[?:1.8.0_202]
	at sun.reflect.NativeMethodAccessorImpl.invoke(NativeMethodAccessorImpl.java:62) ~[?:1.8.0_202]
	at sun.reflect.DelegatingMethodAccessorImpl.invoke(DelegatingMethodAccessorImpl.java:43) ~[?:1.8.0_202]
	at java.lang.reflect.Method.invoke(Method.java:498) ~[?:1.8.0_202]
	at org.junit.platform.commons.util.ReflectionUtils.invokeMethod(ReflectionUtils.java:532) ~[junit-platform-commons-1.3.2.jar:1.3.2]
	at org.junit.jupiter.engine.execution.ExecutableInvoker.invoke(ExecutableInvoker.java:115) ~[junit-jupiter-engine-5.3.2.jar:5.3.2]
	at org.junit.jupiter.engine.descriptor.TestMethodTestDescriptor.lambda$invokeTestMethod$6(TestMethodTestDescriptor.java:171) ~[junit-jupiter-engine-5.3.2.jar:5.3.2]
	at org.junit.platform.engine.support.hierarchical.ThrowableCollector.execute(ThrowableCollector.java:72) ~[junit-platform-engine-1.3.2.jar:1.3.2]
	at org.junit.jupiter.engine.descriptor.TestMethodTestDescriptor.invokeTestMethod(TestMethodTestDescriptor.java:167) ~[junit-jupiter-engine-5.3.2.jar:5.3.2]
	at org.junit.jupiter.engine.descriptor.TestMethodTestDescriptor.execute(TestMethodTestDescriptor.java:114) ~[junit-jupiter-engine-5.3.2.jar:5.3.2]
	at org.junit.jupiter.engine.descriptor.TestMethodTestDescriptor.execute(TestMethodTestDescriptor.java:59) ~[junit-jupiter-engine-5.3.2.jar:5.3.2]
	at org.junit.platform.engine.support.hierarchical.NodeTestTask.lambda$executeRecursively$4(NodeTestTask.java:108) ~[junit-platform-engine-1.3.2.jar:1.3.2]
	at org.junit.platform.engine.support.hierarchical.ThrowableCollector.execute(ThrowableCollector.java:72) ~[junit-platform-engine-1.3.2.jar:1.3.2]
	at org.junit.platform.engine.support.hierarchical.NodeTestTask.executeRecursively(NodeTestTask.java:98) ~[junit-platform-engine-1.3.2.jar:1.3.2]
	at org.junit.platform.engine.support.hierarchical.NodeTestTask.execute(NodeTestTask.java:74) ~[junit-platform-engine-1.3.2.jar:1.3.2]
	at java.util.ArrayList.forEach(ArrayList.java:1257) ~[?:1.8.0_202]
	at org.junit.platform.engine.support.hierarchical.SameThreadHierarchicalTestExecutorService.invokeAll(SameThreadHierarchicalTestExecutorService.java:38) ~[junit-platform-engine-1.3.2.jar:1.3.2]
	at org.junit.platform.engine.support.hierarchical.NodeTestTask.lambda$executeRecursively$4(NodeTestTask.java:112) ~[junit-platform-engine-1.3.2.jar:1.3.2]
	at org.junit.platform.engine.support.hierarchical.ThrowableCollector.execute(ThrowableCollector.java:72) ~[junit-platform-engine-1.3.2.jar:1.3.2]
	at org.junit.platform.engine.support.hierarchical.NodeTestTask.executeRecursively(NodeTestTask.java:98) ~[junit-platform-engine-1.3.2.jar:1.3.2]
	at org.junit.platform.engine.support.hierarchical.NodeTestTask.execute(NodeTestTask.java:74) ~[junit-platform-engine-1.3.2.jar:1.3.2]
	at java.util.ArrayList.forEach(ArrayList.java:1257) ~[?:1.8.0_202]
	at org.junit.platform.engine.support.hierarchical.SameThreadHierarchicalTestExecutorService.invokeAll(SameThreadHierarchicalTestExecutorService.java:38) ~[junit-platform-engine-1.3.2.jar:1.3.2]
	at org.junit.platform.engine.support.hierarchical.NodeTestTask.lambda$executeRecursively$4(NodeTestTask.java:112) ~[junit-platform-engine-1.3.2.jar:1.3.2]
	at org.junit.platform.engine.support.hierarchical.ThrowableCollector.execute(ThrowableCollector.java:72) ~[junit-platform-engine-1.3.2.jar:1.3.2]
	at org.junit.platform.engine.support.hierarchical.NodeTestTask.executeRecursively(NodeTestTask.java:98) ~[junit-platform-engine-1.3.2.jar:1.3.2]
	at org.junit.platform.engine.support.hierarchical.NodeTestTask.execute(NodeTestTask.java:74) ~[junit-platform-engine-1.3.2.jar:1.3.2]
	at org.junit.platform.engine.support.hierarchical.SameThreadHierarchicalTestExecutorService.submit(SameThreadHierarchicalTestExecutorService.java:32) ~[junit-platform-engine-1.3.2.jar:1.3.2]
	at org.junit.platform.engine.support.hierarchical.HierarchicalTestExecutor.execute(HierarchicalTestExecutor.java:57) ~[junit-platform-engine-1.3.2.jar:1.3.2]
	at org.junit.platform.engine.support.hierarchical.HierarchicalTestEngine.execute(HierarchicalTestEngine.java:51) ~[junit-platform-engine-1.3.2.jar:1.3.2]
	at org.junit.platform.launcher.core.DefaultLauncher.execute(DefaultLauncher.java:220) ~[junit-platform-launcher-1.3.2.jar:1.3.2]
	at org.junit.platform.launcher.core.DefaultLauncher.lambda$execute$6(DefaultLauncher.java:188) ~[junit-platform-launcher-1.3.2.jar:1.3.2]
	at org.junit.platform.launcher.core.DefaultLauncher.withInterceptedStreams(DefaultLauncher.java:202) [junit-platform-launcher-1.3.2.jar:1.3.2]
	at org.junit.platform.launcher.core.DefaultLauncher.execute(DefaultLauncher.java:181) [junit-platform-launcher-1.3.2.jar:1.3.2]
	at org.junit.platform.launcher.core.DefaultLauncher.execute(DefaultLauncher.java:128) [junit-platform-launcher-1.3.2.jar:1.3.2]
	at com.intellij.junit5.JUnit5IdeaTestRunner.startRunnerWithArgs(JUnit5IdeaTestRunner.java:71) [junit5-rt.jar:?]
	at com.intellij.rt.junit.IdeaTestRunner$Repeater.startRunnerWithArgs(IdeaTestRunner.java:33) [junit-rt.jar:?]
	at com.intellij.rt.junit.JUnitStarter.prepareStreamsAndStart(JUnitStarter.java:235) [junit-rt.jar:?]
	at com.intellij.rt.junit.JUnitStarter.main(JUnitStarter.java:54) [junit-rt.jar:?]
2022-03-21 13:29:24.812 [main] INFO  DataBaseTestConfig - Create DB connection
2022-03-21 13:29:24.834 [main] INFO  DataBaseTestConfig - Closing Result Set
2022-03-21 13:29:24.834 [main] INFO  DataBaseTestConfig - Closing Prepared Statement
2022-03-21 13:29:24.834 [main] INFO  DataBaseTestConfig - Closing DB connection
2022-03-21 13:29:24.851 [main] INFO  DataBaseTestConfig - Create DB connection
2022-03-21 13:29:24.874 [main] INFO  DataBaseTestConfig - Closing Result Set
2022-03-21 13:29:24.874 [main] INFO  DataBaseTestConfig - Closing Prepared Statement
2022-03-21 13:29:24.876 [main] INFO  DataBaseTestConfig - Closing DB connection
2022-03-21 13:33:12.516 [main] INFO  DataBaseTestConfig - Create DB connection
2022-03-21 13:33:13.365 [main] INFO  DataBaseTestConfig - Closing DB connection
2022-03-21 13:33:13.379 [main] INFO  DataBaseTestConfig - Create DB connection
2022-03-21 13:33:13.426 [main] INFO  DataBaseTestConfig - Closing Result Set
2022-03-21 13:33:13.427 [main] INFO  DataBaseTestConfig - Closing Prepared Statement
2022-03-21 13:33:13.427 [main] INFO  DataBaseTestConfig - Closing DB connection
2022-03-21 13:33:13.428 [main] INFO  DataBaseTestConfig - Create DB connection
2022-03-21 13:33:13.454 [main] INFO  DataBaseTestConfig - Closing Prepared Statement
2022-03-21 13:33:13.455 [main] INFO  DataBaseTestConfig - Closing DB connection
2022-03-21 13:33:13.456 [main] INFO  DataBaseTestConfig - Create DB connection
2022-03-21 13:33:13.483 [main] INFO  DataBaseTestConfig - Closing DB connection
2022-03-21 13:33:13.483 [main] INFO  DataBaseTestConfig - Create DB connection
2022-03-21 13:33:13.503 [main] INFO  DataBaseTestConfig - Closing Result Set
2022-03-21 13:33:13.503 [main] INFO  DataBaseTestConfig - Closing Prepared Statement
2022-03-21 13:33:13.503 [main] INFO  DataBaseTestConfig - Closing DB connection
2022-03-21 13:33:13.505 [main] INFO  DataBaseTestConfig - Create DB connection
2022-03-21 13:33:13.525 [main] INFO  DataBaseTestConfig - Closing Result Set
2022-03-21 13:33:13.525 [main] INFO  DataBaseTestConfig - Closing Prepared Statement
2022-03-21 13:33:13.525 [main] INFO  DataBaseTestConfig - Closing DB connection
2022-03-21 13:33:13.526 [main] INFO  DataBaseTestConfig - Create DB connection
2022-03-21 13:33:13.547 [main] INFO  DataBaseTestConfig - Closing Result Set
2022-03-21 13:33:13.547 [main] INFO  DataBaseTestConfig - Closing Prepared Statement
2022-03-21 13:33:13.547 [main] INFO  DataBaseTestConfig - Closing DB connection
2022-03-21 13:33:13.547 [main] INFO  DataBaseTestConfig - Create DB connection
2022-03-21 13:33:13.577 [main] INFO  DataBaseTestConfig - Closing DB connection
2022-03-21 13:33:13.577 [main] INFO  DataBaseTestConfig - Create DB connection
2022-03-21 13:33:13.605 [main] INFO  DataBaseTestConfig - Closing Prepared Statement
2022-03-21 13:33:13.607 [main] INFO  DataBaseTestConfig - Closing DB connection
2022-03-21 13:33:13.607 [main] INFO  DataBaseTestConfig - Create DB connection
2022-03-21 13:33:13.627 [main] INFO  DataBaseTestConfig - Closing Result Set
2022-03-21 13:33:13.627 [main] INFO  DataBaseTestConfig - Closing Prepared Statement
2022-03-21 13:33:13.627 [main] INFO  DataBaseTestConfig - Closing DB connection
2022-03-21 13:36:22.445 [main] INFO  DataBaseTestConfig - Create DB connection
2022-03-21 13:36:23.294 [main] INFO  DataBaseTestConfig - Closing DB connection
2022-03-21 13:36:23.303 [main] INFO  DataBaseTestConfig - Create DB connection
2022-03-21 13:36:23.344 [main] INFO  DataBaseTestConfig - Closing Result Set
2022-03-21 13:36:23.345 [main] INFO  DataBaseTestConfig - Closing Prepared Statement
2022-03-21 13:36:23.346 [main] INFO  DataBaseTestConfig - Closing DB connection
2022-03-21 13:36:23.347 [main] INFO  DataBaseTestConfig - Create DB connection
2022-03-21 13:36:23.382 [main] INFO  DataBaseTestConfig - Closing Prepared Statement
2022-03-21 13:36:23.383 [main] INFO  DataBaseTestConfig - Closing DB connection
2022-03-21 13:36:23.384 [main] INFO  DataBaseTestConfig - Create DB connection
2022-03-21 13:36:23.416 [main] INFO  DataBaseTestConfig - Closing DB connection
2022-03-21 13:36:23.417 [main] INFO  DataBaseTestConfig - Create DB connection
2022-03-21 13:36:23.439 [main] INFO  DataBaseTestConfig - Closing Result Set
2022-03-21 13:36:23.440 [main] INFO  DataBaseTestConfig - Closing Prepared Statement
2022-03-21 13:36:23.440 [main] INFO  DataBaseTestConfig - Closing DB connection
2022-03-21 13:36:23.442 [main] INFO  DataBaseTestConfig - Create DB connection
2022-03-21 13:36:23.463 [main] INFO  DataBaseTestConfig - Closing Result Set
2022-03-21 13:36:23.463 [main] INFO  DataBaseTestConfig - Closing Prepared Statement
2022-03-21 13:36:23.464 [main] INFO  DataBaseTestConfig - Closing DB connection
2022-03-21 13:36:23.464 [main] INFO  DataBaseTestConfig - Create DB connection
2022-03-21 13:36:23.485 [main] INFO  DataBaseTestConfig - Closing Result Set
2022-03-21 13:36:23.485 [main] INFO  DataBaseTestConfig - Closing Prepared Statement
2022-03-21 13:36:23.486 [main] INFO  DataBaseTestConfig - Closing DB connection
2022-03-21 13:36:23.486 [main] INFO  DataBaseTestConfig - Create DB connection
2022-03-21 13:36:23.516 [main] INFO  DataBaseTestConfig - Closing DB connection
2022-03-21 13:36:23.517 [main] INFO  DataBaseTestConfig - Create DB connection
2022-03-21 13:36:23.545 [main] INFO  DataBaseTestConfig - Closing Prepared Statement
2022-03-21 13:36:23.546 [main] INFO  DataBaseTestConfig - Closing DB connection
2022-03-21 13:36:23.546 [main] INFO  DataBaseTestConfig - Create DB connection
2022-03-21 13:36:23.567 [main] INFO  DataBaseTestConfig - Closing Result Set
2022-03-21 13:36:23.567 [main] INFO  DataBaseTestConfig - Closing Prepared Statement
2022-03-21 13:36:23.568 [main] INFO  DataBaseTestConfig - Closing DB connection
2022-03-21 13:36:23.570 [main] INFO  DataBaseTestConfig - Create DB connection
2022-03-21 13:36:23.594 [main] INFO  DataBaseTestConfig - Closing Result Set
2022-03-21 13:36:23.594 [main] INFO  DataBaseTestConfig - Closing Prepared Statement
2022-03-21 13:36:23.594 [main] INFO  DataBaseTestConfig - Closing DB connection
2022-03-21 13:44:20.997 [main] INFO  DataBaseTestConfig - Create DB connection
2022-03-21 13:44:21.892 [main] INFO  DataBaseTestConfig - Closing DB connection
2022-03-21 13:44:21.907 [main] INFO  DataBaseTestConfig - Create DB connection
2022-03-21 13:44:21.972 [main] INFO  DataBaseTestConfig - Closing Result Set
2022-03-21 13:44:21.972 [main] INFO  DataBaseTestConfig - Closing Prepared Statement
2022-03-21 13:44:21.973 [main] INFO  DataBaseTestConfig - Closing DB connection
2022-03-21 13:44:21.974 [main] INFO  DataBaseTestConfig - Create DB connection
2022-03-21 13:44:22.000 [main] INFO  DataBaseTestConfig - Closing Prepared Statement
2022-03-21 13:44:22.000 [main] INFO  DataBaseTestConfig - Closing DB connection
2022-03-21 13:44:22.001 [main] INFO  DataBaseTestConfig - Create DB connection
2022-03-21 13:44:22.037 [main] INFO  DataBaseTestConfig - Closing DB connection
2022-03-21 13:44:22.037 [main] INFO  DataBaseTestConfig - Create DB connection
2022-03-21 13:44:22.058 [main] INFO  DataBaseTestConfig - Closing Result Set
2022-03-21 13:44:22.058 [main] INFO  DataBaseTestConfig - Closing Prepared Statement
2022-03-21 13:44:22.059 [main] INFO  DataBaseTestConfig - Closing DB connection
2022-03-21 13:44:22.061 [main] INFO  DataBaseTestConfig - Create DB connection
2022-03-21 13:44:22.084 [main] INFO  DataBaseTestConfig - Closing Result Set
2022-03-21 13:44:22.085 [main] INFO  DataBaseTestConfig - Closing Prepared Statement
2022-03-21 13:44:22.085 [main] INFO  DataBaseTestConfig - Closing DB connection
2022-03-21 13:44:22.086 [main] INFO  DataBaseTestConfig - Create DB connection
2022-03-21 13:44:22.123 [main] INFO  DataBaseTestConfig - Closing Result Set
2022-03-21 13:44:22.123 [main] INFO  DataBaseTestConfig - Closing Prepared Statement
2022-03-21 13:44:22.123 [main] INFO  DataBaseTestConfig - Closing DB connection
2022-03-21 13:44:22.123 [main] INFO  DataBaseTestConfig - Create DB connection
2022-03-21 13:44:22.162 [main] INFO  DataBaseTestConfig - Closing DB connection
2022-03-21 13:44:22.162 [main] INFO  DataBaseTestConfig - Create DB connection
2022-03-21 13:44:22.215 [main] INFO  DataBaseTestConfig - Closing Prepared Statement
2022-03-21 13:44:22.216 [main] INFO  DataBaseTestConfig - Closing DB connection
2022-03-21 13:44:22.217 [main] INFO  DataBaseTestConfig - Create DB connection
2022-03-21 13:44:22.253 [main] INFO  DataBaseTestConfig - Closing Result Set
2022-03-21 13:44:22.254 [main] INFO  DataBaseTestConfig - Closing Prepared Statement
2022-03-21 13:44:22.255 [main] INFO  DataBaseTestConfig - Closing DB connection
2022-03-21 13:44:22.259 [main] INFO  DataBaseTestConfig - Create DB connection
2022-03-21 13:44:22.296 [main] INFO  DataBaseTestConfig - Closing Result Set
2022-03-21 13:44:22.297 [main] INFO  DataBaseTestConfig - Closing Prepared Statement
2022-03-21 13:44:22.297 [main] INFO  DataBaseTestConfig - Closing DB connection
2022-03-21 13:47:22.691 [main] INFO  DataBaseTestConfig - Create DB connection
2022-03-21 13:47:23.488 [main] INFO  DataBaseTestConfig - Closing DB connection
2022-03-21 13:47:23.494 [main] INFO  DataBaseTestConfig - Create DB connection
2022-03-21 13:47:23.524 [main] INFO  DataBaseTestConfig - Closing Result Set
2022-03-21 13:47:23.525 [main] INFO  DataBaseTestConfig - Closing Prepared Statement
2022-03-21 13:47:23.525 [main] INFO  DataBaseTestConfig - Closing DB connection
2022-03-21 13:47:23.527 [main] INFO  DataBaseTestConfig - Create DB connection
2022-03-21 13:47:23.557 [main] INFO  DataBaseTestConfig - Closing Prepared Statement
2022-03-21 13:47:23.557 [main] INFO  DataBaseTestConfig - Closing DB connection
2022-03-21 13:47:23.558 [main] INFO  DataBaseTestConfig - Create DB connection
2022-03-21 13:47:23.594 [main] INFO  DataBaseTestConfig - Closing DB connection
2022-03-21 13:47:23.595 [main] INFO  DataBaseTestConfig - Create DB connection
2022-03-21 13:47:23.616 [main] INFO  DataBaseTestConfig - Closing Result Set
2022-03-21 13:47:23.616 [main] INFO  DataBaseTestConfig - Closing Prepared Statement
2022-03-21 13:47:23.617 [main] INFO  DataBaseTestConfig - Closing DB connection
2022-03-21 13:47:23.619 [main] INFO  DataBaseTestConfig - Create DB connection
2022-03-21 13:47:23.639 [main] INFO  DataBaseTestConfig - Closing Result Set
2022-03-21 13:47:23.639 [main] INFO  DataBaseTestConfig - Closing Prepared Statement
2022-03-21 13:47:23.639 [main] INFO  DataBaseTestConfig - Closing DB connection
2022-03-21 13:47:23.640 [main] INFO  DataBaseTestConfig - Create DB connection
2022-03-21 13:47:23.662 [main] INFO  DataBaseTestConfig - Closing Result Set
2022-03-21 13:47:23.662 [main] INFO  DataBaseTestConfig - Closing Prepared Statement
2022-03-21 13:47:23.662 [main] INFO  DataBaseTestConfig - Closing DB connection
2022-03-21 13:47:23.663 [main] ERROR ParkingService - Unable to process exiting vehicle
java.lang.IllegalArgumentException: Out time provided is incorrect:Mon Mar 21 13:47:23 CET 2022
	at com.parkit.parkingsystem.service.FareCalculatorService.calculateFare(FareCalculatorService.java:12) ~[classes/:?]
	at com.parkit.parkingsystem.service.ParkingService.processExitingVehicle(ParkingService.java:106) ~[classes/:?]
	at com.parkit.parkingsystem.integration.ParkingDataBaseIT.testParkingLotExit(ParkingDataBaseIT.java:69) ~[test-classes/:?]
	at sun.reflect.NativeMethodAccessorImpl.invoke0(Native Method) ~[?:1.8.0_202]
	at sun.reflect.NativeMethodAccessorImpl.invoke(NativeMethodAccessorImpl.java:62) ~[?:1.8.0_202]
	at sun.reflect.DelegatingMethodAccessorImpl.invoke(DelegatingMethodAccessorImpl.java:43) ~[?:1.8.0_202]
	at java.lang.reflect.Method.invoke(Method.java:498) ~[?:1.8.0_202]
	at org.junit.platform.commons.util.ReflectionUtils.invokeMethod(ReflectionUtils.java:532) ~[junit-platform-commons-1.3.2.jar:1.3.2]
	at org.junit.jupiter.engine.execution.ExecutableInvoker.invoke(ExecutableInvoker.java:115) ~[junit-jupiter-engine-5.3.2.jar:5.3.2]
	at org.junit.jupiter.engine.descriptor.TestMethodTestDescriptor.lambda$invokeTestMethod$6(TestMethodTestDescriptor.java:171) ~[junit-jupiter-engine-5.3.2.jar:5.3.2]
	at org.junit.platform.engine.support.hierarchical.ThrowableCollector.execute(ThrowableCollector.java:72) ~[junit-platform-engine-1.3.2.jar:1.3.2]
	at org.junit.jupiter.engine.descriptor.TestMethodTestDescriptor.invokeTestMethod(TestMethodTestDescriptor.java:167) ~[junit-jupiter-engine-5.3.2.jar:5.3.2]
	at org.junit.jupiter.engine.descriptor.TestMethodTestDescriptor.execute(TestMethodTestDescriptor.java:114) ~[junit-jupiter-engine-5.3.2.jar:5.3.2]
	at org.junit.jupiter.engine.descriptor.TestMethodTestDescriptor.execute(TestMethodTestDescriptor.java:59) ~[junit-jupiter-engine-5.3.2.jar:5.3.2]
	at org.junit.platform.engine.support.hierarchical.NodeTestTask.lambda$executeRecursively$4(NodeTestTask.java:108) ~[junit-platform-engine-1.3.2.jar:1.3.2]
	at org.junit.platform.engine.support.hierarchical.ThrowableCollector.execute(ThrowableCollector.java:72) ~[junit-platform-engine-1.3.2.jar:1.3.2]
	at org.junit.platform.engine.support.hierarchical.NodeTestTask.executeRecursively(NodeTestTask.java:98) ~[junit-platform-engine-1.3.2.jar:1.3.2]
	at org.junit.platform.engine.support.hierarchical.NodeTestTask.execute(NodeTestTask.java:74) ~[junit-platform-engine-1.3.2.jar:1.3.2]
	at java.util.ArrayList.forEach(ArrayList.java:1257) ~[?:1.8.0_202]
	at org.junit.platform.engine.support.hierarchical.SameThreadHierarchicalTestExecutorService.invokeAll(SameThreadHierarchicalTestExecutorService.java:38) ~[junit-platform-engine-1.3.2.jar:1.3.2]
	at org.junit.platform.engine.support.hierarchical.NodeTestTask.lambda$executeRecursively$4(NodeTestTask.java:112) ~[junit-platform-engine-1.3.2.jar:1.3.2]
	at org.junit.platform.engine.support.hierarchical.ThrowableCollector.execute(ThrowableCollector.java:72) ~[junit-platform-engine-1.3.2.jar:1.3.2]
	at org.junit.platform.engine.support.hierarchical.NodeTestTask.executeRecursively(NodeTestTask.java:98) ~[junit-platform-engine-1.3.2.jar:1.3.2]
	at org.junit.platform.engine.support.hierarchical.NodeTestTask.execute(NodeTestTask.java:74) ~[junit-platform-engine-1.3.2.jar:1.3.2]
	at java.util.ArrayList.forEach(ArrayList.java:1257) ~[?:1.8.0_202]
	at org.junit.platform.engine.support.hierarchical.SameThreadHierarchicalTestExecutorService.invokeAll(SameThreadHierarchicalTestExecutorService.java:38) ~[junit-platform-engine-1.3.2.jar:1.3.2]
	at org.junit.platform.engine.support.hierarchical.NodeTestTask.lambda$executeRecursively$4(NodeTestTask.java:112) ~[junit-platform-engine-1.3.2.jar:1.3.2]
	at org.junit.platform.engine.support.hierarchical.ThrowableCollector.execute(ThrowableCollector.java:72) ~[junit-platform-engine-1.3.2.jar:1.3.2]
	at org.junit.platform.engine.support.hierarchical.NodeTestTask.executeRecursively(NodeTestTask.java:98) ~[junit-platform-engine-1.3.2.jar:1.3.2]
	at org.junit.platform.engine.support.hierarchical.NodeTestTask.execute(NodeTestTask.java:74) ~[junit-platform-engine-1.3.2.jar:1.3.2]
	at org.junit.platform.engine.support.hierarchical.SameThreadHierarchicalTestExecutorService.submit(SameThreadHierarchicalTestExecutorService.java:32) ~[junit-platform-engine-1.3.2.jar:1.3.2]
	at org.junit.platform.engine.support.hierarchical.HierarchicalTestExecutor.execute(HierarchicalTestExecutor.java:57) ~[junit-platform-engine-1.3.2.jar:1.3.2]
	at org.junit.platform.engine.support.hierarchical.HierarchicalTestEngine.execute(HierarchicalTestEngine.java:51) ~[junit-platform-engine-1.3.2.jar:1.3.2]
	at org.junit.platform.launcher.core.DefaultLauncher.execute(DefaultLauncher.java:220) ~[junit-platform-launcher-1.3.2.jar:1.3.2]
	at org.junit.platform.launcher.core.DefaultLauncher.lambda$execute$6(DefaultLauncher.java:188) ~[junit-platform-launcher-1.3.2.jar:1.3.2]
	at org.junit.platform.launcher.core.DefaultLauncher.withInterceptedStreams(DefaultLauncher.java:202) [junit-platform-launcher-1.3.2.jar:1.3.2]
	at org.junit.platform.launcher.core.DefaultLauncher.execute(DefaultLauncher.java:181) [junit-platform-launcher-1.3.2.jar:1.3.2]
	at org.junit.platform.launcher.core.DefaultLauncher.execute(DefaultLauncher.java:128) [junit-platform-launcher-1.3.2.jar:1.3.2]
	at com.intellij.junit5.JUnit5IdeaTestRunner.startRunnerWithArgs(JUnit5IdeaTestRunner.java:71) [junit5-rt.jar:?]
	at com.intellij.rt.junit.IdeaTestRunner$Repeater.startRunnerWithArgs(IdeaTestRunner.java:33) [junit-rt.jar:?]
	at com.intellij.rt.junit.JUnitStarter.prepareStreamsAndStart(JUnitStarter.java:235) [junit-rt.jar:?]
	at com.intellij.rt.junit.JUnitStarter.main(JUnitStarter.java:54) [junit-rt.jar:?]
2022-03-21 13:47:23.671 [main] INFO  DataBaseTestConfig - Create DB connection
2022-03-21 13:47:23.692 [main] INFO  DataBaseTestConfig - Closing Result Set
2022-03-21 13:47:23.692 [main] INFO  DataBaseTestConfig - Closing Prepared Statement
2022-03-21 13:47:23.693 [main] INFO  DataBaseTestConfig - Closing DB connection
2022-03-21 13:47:23.694 [main] INFO  DataBaseTestConfig - Create DB connection
2022-03-21 13:47:23.716 [main] INFO  DataBaseTestConfig - Closing Result Set
2022-03-21 13:47:23.716 [main] INFO  DataBaseTestConfig - Closing Prepared Statement
2022-03-21 13:47:23.716 [main] INFO  DataBaseTestConfig - Closing DB connection
2022-03-21 13:47:55.227 [main] INFO  DataBaseTestConfig - Create DB connection
2022-03-21 13:47:56.014 [main] INFO  DataBaseTestConfig - Closing DB connection
2022-03-21 13:47:56.026 [main] INFO  DataBaseTestConfig - Create DB connection
2022-03-21 13:47:56.062 [main] INFO  DataBaseTestConfig - Closing Result Set
2022-03-21 13:47:56.062 [main] INFO  DataBaseTestConfig - Closing Prepared Statement
2022-03-21 13:47:56.063 [main] INFO  DataBaseTestConfig - Closing DB connection
2022-03-21 13:47:56.064 [main] INFO  DataBaseTestConfig - Create DB connection
2022-03-21 13:47:56.094 [main] INFO  DataBaseTestConfig - Closing Prepared Statement
2022-03-21 13:47:56.094 [main] INFO  DataBaseTestConfig - Closing DB connection
2022-03-21 13:47:56.095 [main] INFO  DataBaseTestConfig - Create DB connection
2022-03-21 13:47:56.147 [main] INFO  DataBaseTestConfig - Closing DB connection
2022-03-21 13:47:56.148 [main] INFO  DataBaseTestConfig - Create DB connection
2022-03-21 13:47:56.171 [main] INFO  DataBaseTestConfig - Closing Result Set
2022-03-21 13:47:56.171 [main] INFO  DataBaseTestConfig - Closing Prepared Statement
2022-03-21 13:47:56.171 [main] INFO  DataBaseTestConfig - Closing DB connection
2022-03-21 13:47:56.173 [main] INFO  DataBaseTestConfig - Create DB connection
2022-03-21 13:47:56.194 [main] INFO  DataBaseTestConfig - Closing Result Set
2022-03-21 13:47:56.194 [main] INFO  DataBaseTestConfig - Closing Prepared Statement
2022-03-21 13:47:56.195 [main] INFO  DataBaseTestConfig - Closing DB connection
2022-03-21 13:47:56.196 [main] INFO  DataBaseTestConfig - Create DB connection
2022-03-21 13:47:56.216 [main] INFO  DataBaseTestConfig - Closing Result Set
2022-03-21 13:47:56.216 [main] INFO  DataBaseTestConfig - Closing Prepared Statement
2022-03-21 13:47:56.216 [main] INFO  DataBaseTestConfig - Closing DB connection
2022-03-21 13:47:56.216 [main] INFO  DataBaseTestConfig - Create DB connection
2022-03-21 13:47:56.248 [main] INFO  DataBaseTestConfig - Closing DB connection
2022-03-21 13:47:56.249 [main] INFO  DataBaseTestConfig - Create DB connection
2022-03-21 13:47:56.276 [main] INFO  DataBaseTestConfig - Closing Prepared Statement
2022-03-21 13:47:56.276 [main] INFO  DataBaseTestConfig - Closing DB connection
2022-03-21 13:47:56.277 [main] INFO  DataBaseTestConfig - Create DB connection
2022-03-21 13:47:56.301 [main] INFO  DataBaseTestConfig - Closing Result Set
2022-03-21 13:47:56.301 [main] INFO  DataBaseTestConfig - Closing Prepared Statement
2022-03-21 13:47:56.301 [main] INFO  DataBaseTestConfig - Closing DB connection
2022-03-21 13:47:56.304 [main] INFO  DataBaseTestConfig - Create DB connection
2022-03-21 13:47:56.327 [main] INFO  DataBaseTestConfig - Closing Result Set
2022-03-21 13:47:56.328 [main] INFO  DataBaseTestConfig - Closing Prepared Statement
2022-03-21 13:47:56.328 [main] INFO  DataBaseTestConfig - Closing DB connection
2022-03-21 13:49:24.973 [main] INFO  DataBaseTestConfig - Create DB connection
2022-03-21 13:49:25.797 [main] INFO  DataBaseTestConfig - Closing DB connection
2022-03-21 13:49:25.809 [main] INFO  DataBaseTestConfig - Create DB connection
2022-03-21 13:49:25.860 [main] INFO  DataBaseTestConfig - Closing Result Set
2022-03-21 13:49:25.860 [main] INFO  DataBaseTestConfig - Closing Prepared Statement
2022-03-21 13:49:25.861 [main] INFO  DataBaseTestConfig - Closing DB connection
2022-03-21 13:49:25.862 [main] INFO  DataBaseTestConfig - Create DB connection
2022-03-21 13:49:25.893 [main] INFO  DataBaseTestConfig - Closing Prepared Statement
2022-03-21 13:49:25.893 [main] INFO  DataBaseTestConfig - Closing DB connection
2022-03-21 13:49:25.894 [main] INFO  DataBaseTestConfig - Create DB connection
2022-03-21 13:49:25.928 [main] INFO  DataBaseTestConfig - Closing DB connection
2022-03-21 13:49:25.929 [main] INFO  DataBaseTestConfig - Create DB connection
2022-03-21 13:49:25.949 [main] INFO  DataBaseTestConfig - Closing Result Set
2022-03-21 13:49:25.949 [main] INFO  DataBaseTestConfig - Closing Prepared Statement
2022-03-21 13:49:25.950 [main] INFO  DataBaseTestConfig - Closing DB connection
2022-03-21 13:49:25.951 [main] INFO  DataBaseTestConfig - Create DB connection
2022-03-21 13:49:25.972 [main] INFO  DataBaseTestConfig - Closing Result Set
2022-03-21 13:49:25.972 [main] INFO  DataBaseTestConfig - Closing Prepared Statement
2022-03-21 13:49:25.972 [main] INFO  DataBaseTestConfig - Closing DB connection
2022-03-21 13:49:25.972 [main] INFO  DataBaseTestConfig - Create DB connection
2022-03-21 13:49:25.993 [main] INFO  DataBaseTestConfig - Closing Result Set
2022-03-21 13:49:25.993 [main] INFO  DataBaseTestConfig - Closing Prepared Statement
2022-03-21 13:49:25.993 [main] INFO  DataBaseTestConfig - Closing DB connection
2022-03-21 13:49:25.994 [main] ERROR ParkingService - Unable to process exiting vehicle
java.lang.IllegalArgumentException: Out time provided is incorrect:Mon Mar 21 13:49:25 CET 2022
	at com.parkit.parkingsystem.service.FareCalculatorService.calculateFare(FareCalculatorService.java:12) ~[classes/:?]
	at com.parkit.parkingsystem.service.ParkingService.processExitingVehicle(ParkingService.java:106) ~[classes/:?]
	at com.parkit.parkingsystem.integration.ParkingDataBaseIT.testParkingLotExit(ParkingDataBaseIT.java:69) ~[test-classes/:?]
	at sun.reflect.NativeMethodAccessorImpl.invoke0(Native Method) ~[?:1.8.0_202]
	at sun.reflect.NativeMethodAccessorImpl.invoke(NativeMethodAccessorImpl.java:62) ~[?:1.8.0_202]
	at sun.reflect.DelegatingMethodAccessorImpl.invoke(DelegatingMethodAccessorImpl.java:43) ~[?:1.8.0_202]
	at java.lang.reflect.Method.invoke(Method.java:498) ~[?:1.8.0_202]
	at org.junit.platform.commons.util.ReflectionUtils.invokeMethod(ReflectionUtils.java:532) ~[junit-platform-commons-1.3.2.jar:1.3.2]
	at org.junit.jupiter.engine.execution.ExecutableInvoker.invoke(ExecutableInvoker.java:115) ~[junit-jupiter-engine-5.3.2.jar:5.3.2]
	at org.junit.jupiter.engine.descriptor.TestMethodTestDescriptor.lambda$invokeTestMethod$6(TestMethodTestDescriptor.java:171) ~[junit-jupiter-engine-5.3.2.jar:5.3.2]
	at org.junit.platform.engine.support.hierarchical.ThrowableCollector.execute(ThrowableCollector.java:72) ~[junit-platform-engine-1.3.2.jar:1.3.2]
	at org.junit.jupiter.engine.descriptor.TestMethodTestDescriptor.invokeTestMethod(TestMethodTestDescriptor.java:167) ~[junit-jupiter-engine-5.3.2.jar:5.3.2]
	at org.junit.jupiter.engine.descriptor.TestMethodTestDescriptor.execute(TestMethodTestDescriptor.java:114) ~[junit-jupiter-engine-5.3.2.jar:5.3.2]
	at org.junit.jupiter.engine.descriptor.TestMethodTestDescriptor.execute(TestMethodTestDescriptor.java:59) ~[junit-jupiter-engine-5.3.2.jar:5.3.2]
	at org.junit.platform.engine.support.hierarchical.NodeTestTask.lambda$executeRecursively$4(NodeTestTask.java:108) ~[junit-platform-engine-1.3.2.jar:1.3.2]
	at org.junit.platform.engine.support.hierarchical.ThrowableCollector.execute(ThrowableCollector.java:72) ~[junit-platform-engine-1.3.2.jar:1.3.2]
	at org.junit.platform.engine.support.hierarchical.NodeTestTask.executeRecursively(NodeTestTask.java:98) ~[junit-platform-engine-1.3.2.jar:1.3.2]
	at org.junit.platform.engine.support.hierarchical.NodeTestTask.execute(NodeTestTask.java:74) ~[junit-platform-engine-1.3.2.jar:1.3.2]
	at java.util.ArrayList.forEach(ArrayList.java:1257) ~[?:1.8.0_202]
	at org.junit.platform.engine.support.hierarchical.SameThreadHierarchicalTestExecutorService.invokeAll(SameThreadHierarchicalTestExecutorService.java:38) ~[junit-platform-engine-1.3.2.jar:1.3.2]
	at org.junit.platform.engine.support.hierarchical.NodeTestTask.lambda$executeRecursively$4(NodeTestTask.java:112) ~[junit-platform-engine-1.3.2.jar:1.3.2]
	at org.junit.platform.engine.support.hierarchical.ThrowableCollector.execute(ThrowableCollector.java:72) ~[junit-platform-engine-1.3.2.jar:1.3.2]
	at org.junit.platform.engine.support.hierarchical.NodeTestTask.executeRecursively(NodeTestTask.java:98) ~[junit-platform-engine-1.3.2.jar:1.3.2]
	at org.junit.platform.engine.support.hierarchical.NodeTestTask.execute(NodeTestTask.java:74) ~[junit-platform-engine-1.3.2.jar:1.3.2]
	at java.util.ArrayList.forEach(ArrayList.java:1257) ~[?:1.8.0_202]
	at org.junit.platform.engine.support.hierarchical.SameThreadHierarchicalTestExecutorService.invokeAll(SameThreadHierarchicalTestExecutorService.java:38) ~[junit-platform-engine-1.3.2.jar:1.3.2]
	at org.junit.platform.engine.support.hierarchical.NodeTestTask.lambda$executeRecursively$4(NodeTestTask.java:112) ~[junit-platform-engine-1.3.2.jar:1.3.2]
	at org.junit.platform.engine.support.hierarchical.ThrowableCollector.execute(ThrowableCollector.java:72) ~[junit-platform-engine-1.3.2.jar:1.3.2]
	at org.junit.platform.engine.support.hierarchical.NodeTestTask.executeRecursively(NodeTestTask.java:98) ~[junit-platform-engine-1.3.2.jar:1.3.2]
	at org.junit.platform.engine.support.hierarchical.NodeTestTask.execute(NodeTestTask.java:74) ~[junit-platform-engine-1.3.2.jar:1.3.2]
	at org.junit.platform.engine.support.hierarchical.SameThreadHierarchicalTestExecutorService.submit(SameThreadHierarchicalTestExecutorService.java:32) ~[junit-platform-engine-1.3.2.jar:1.3.2]
	at org.junit.platform.engine.support.hierarchical.HierarchicalTestExecutor.execute(HierarchicalTestExecutor.java:57) ~[junit-platform-engine-1.3.2.jar:1.3.2]
	at org.junit.platform.engine.support.hierarchical.HierarchicalTestEngine.execute(HierarchicalTestEngine.java:51) ~[junit-platform-engine-1.3.2.jar:1.3.2]
	at org.junit.platform.launcher.core.DefaultLauncher.execute(DefaultLauncher.java:220) ~[junit-platform-launcher-1.3.2.jar:1.3.2]
	at org.junit.platform.launcher.core.DefaultLauncher.lambda$execute$6(DefaultLauncher.java:188) ~[junit-platform-launcher-1.3.2.jar:1.3.2]
	at org.junit.platform.launcher.core.DefaultLauncher.withInterceptedStreams(DefaultLauncher.java:202) [junit-platform-launcher-1.3.2.jar:1.3.2]
	at org.junit.platform.launcher.core.DefaultLauncher.execute(DefaultLauncher.java:181) [junit-platform-launcher-1.3.2.jar:1.3.2]
	at org.junit.platform.launcher.core.DefaultLauncher.execute(DefaultLauncher.java:128) [junit-platform-launcher-1.3.2.jar:1.3.2]
	at com.intellij.junit5.JUnit5IdeaTestRunner.startRunnerWithArgs(JUnit5IdeaTestRunner.java:71) [junit5-rt.jar:?]
	at com.intellij.rt.junit.IdeaTestRunner$Repeater.startRunnerWithArgs(IdeaTestRunner.java:33) [junit-rt.jar:?]
	at com.intellij.rt.junit.JUnitStarter.prepareStreamsAndStart(JUnitStarter.java:235) [junit-rt.jar:?]
	at com.intellij.rt.junit.JUnitStarter.main(JUnitStarter.java:54) [junit-rt.jar:?]
2022-03-21 13:49:26.008 [main] INFO  DataBaseTestConfig - Create DB connection
2022-03-21 13:49:26.030 [main] INFO  DataBaseTestConfig - Closing Result Set
2022-03-21 13:49:26.031 [main] INFO  DataBaseTestConfig - Closing Prepared Statement
2022-03-21 13:49:26.031 [main] INFO  DataBaseTestConfig - Closing DB connection
2022-03-21 13:49:26.033 [main] INFO  DataBaseTestConfig - Create DB connection
2022-03-21 13:49:26.053 [main] INFO  DataBaseTestConfig - Closing Result Set
2022-03-21 13:49:26.053 [main] INFO  DataBaseTestConfig - Closing Prepared Statement
2022-03-21 13:49:26.055 [main] INFO  DataBaseTestConfig - Closing DB connection
2022-03-21 13:55:48.926 [main] INFO  DataBaseTestConfig - Create DB connection
2022-03-21 13:55:49.745 [main] INFO  DataBaseTestConfig - Closing DB connection
2022-03-21 13:55:49.753 [main] INFO  DataBaseTestConfig - Create DB connection
2022-03-21 13:55:49.800 [main] INFO  DataBaseTestConfig - Closing Result Set
2022-03-21 13:55:49.800 [main] INFO  DataBaseTestConfig - Closing Prepared Statement
2022-03-21 13:55:49.800 [main] INFO  DataBaseTestConfig - Closing DB connection
2022-03-21 13:55:49.802 [main] INFO  DataBaseTestConfig - Create DB connection
2022-03-21 13:55:49.847 [main] INFO  DataBaseTestConfig - Closing Prepared Statement
2022-03-21 13:55:49.847 [main] INFO  DataBaseTestConfig - Closing DB connection
2022-03-21 13:55:49.848 [main] INFO  DataBaseTestConfig - Create DB connection
2022-03-21 13:55:49.880 [main] INFO  DataBaseTestConfig - Closing DB connection
2022-03-21 13:55:49.880 [main] INFO  DataBaseTestConfig - Create DB connection
2022-03-21 13:55:49.902 [main] INFO  DataBaseTestConfig - Closing Result Set
2022-03-21 13:55:49.902 [main] INFO  DataBaseTestConfig - Closing Prepared Statement
2022-03-21 13:55:49.902 [main] INFO  DataBaseTestConfig - Closing DB connection
2022-03-21 13:55:49.904 [main] INFO  DataBaseTestConfig - Create DB connection
2022-03-21 13:55:49.924 [main] INFO  DataBaseTestConfig - Closing Result Set
2022-03-21 13:55:49.924 [main] INFO  DataBaseTestConfig - Closing Prepared Statement
2022-03-21 13:55:49.925 [main] INFO  DataBaseTestConfig - Closing DB connection
2022-03-21 13:55:49.926 [main] INFO  DataBaseTestConfig - Create DB connection
2022-03-21 13:55:49.944 [main] INFO  DataBaseTestConfig - Closing Result Set
2022-03-21 13:55:49.944 [main] INFO  DataBaseTestConfig - Closing Prepared Statement
2022-03-21 13:55:49.945 [main] INFO  DataBaseTestConfig - Closing DB connection
2022-03-21 13:55:49.945 [main] ERROR ParkingService - Unable to process exiting vehicle
java.lang.IllegalArgumentException: Out time provided is incorrect:Mon Mar 21 13:55:49 CET 2022
	at com.parkit.parkingsystem.service.FareCalculatorService.calculateFare(FareCalculatorService.java:12) ~[classes/:?]
	at com.parkit.parkingsystem.service.ParkingService.processExitingVehicle(ParkingService.java:106) ~[classes/:?]
	at com.parkit.parkingsystem.integration.ParkingDataBaseIT.testParkingLotExit(ParkingDataBaseIT.java:69) ~[test-classes/:?]
	at sun.reflect.NativeMethodAccessorImpl.invoke0(Native Method) ~[?:1.8.0_202]
	at sun.reflect.NativeMethodAccessorImpl.invoke(NativeMethodAccessorImpl.java:62) ~[?:1.8.0_202]
	at sun.reflect.DelegatingMethodAccessorImpl.invoke(DelegatingMethodAccessorImpl.java:43) ~[?:1.8.0_202]
	at java.lang.reflect.Method.invoke(Method.java:498) ~[?:1.8.0_202]
	at org.junit.platform.commons.util.ReflectionUtils.invokeMethod(ReflectionUtils.java:532) ~[junit-platform-commons-1.3.2.jar:1.3.2]
	at org.junit.jupiter.engine.execution.ExecutableInvoker.invoke(ExecutableInvoker.java:115) ~[junit-jupiter-engine-5.3.2.jar:5.3.2]
	at org.junit.jupiter.engine.descriptor.TestMethodTestDescriptor.lambda$invokeTestMethod$6(TestMethodTestDescriptor.java:171) ~[junit-jupiter-engine-5.3.2.jar:5.3.2]
	at org.junit.platform.engine.support.hierarchical.ThrowableCollector.execute(ThrowableCollector.java:72) ~[junit-platform-engine-1.3.2.jar:1.3.2]
	at org.junit.jupiter.engine.descriptor.TestMethodTestDescriptor.invokeTestMethod(TestMethodTestDescriptor.java:167) ~[junit-jupiter-engine-5.3.2.jar:5.3.2]
	at org.junit.jupiter.engine.descriptor.TestMethodTestDescriptor.execute(TestMethodTestDescriptor.java:114) ~[junit-jupiter-engine-5.3.2.jar:5.3.2]
	at org.junit.jupiter.engine.descriptor.TestMethodTestDescriptor.execute(TestMethodTestDescriptor.java:59) ~[junit-jupiter-engine-5.3.2.jar:5.3.2]
	at org.junit.platform.engine.support.hierarchical.NodeTestTask.lambda$executeRecursively$4(NodeTestTask.java:108) ~[junit-platform-engine-1.3.2.jar:1.3.2]
	at org.junit.platform.engine.support.hierarchical.ThrowableCollector.execute(ThrowableCollector.java:72) ~[junit-platform-engine-1.3.2.jar:1.3.2]
	at org.junit.platform.engine.support.hierarchical.NodeTestTask.executeRecursively(NodeTestTask.java:98) ~[junit-platform-engine-1.3.2.jar:1.3.2]
	at org.junit.platform.engine.support.hierarchical.NodeTestTask.execute(NodeTestTask.java:74) ~[junit-platform-engine-1.3.2.jar:1.3.2]
	at java.util.ArrayList.forEach(ArrayList.java:1257) ~[?:1.8.0_202]
	at org.junit.platform.engine.support.hierarchical.SameThreadHierarchicalTestExecutorService.invokeAll(SameThreadHierarchicalTestExecutorService.java:38) ~[junit-platform-engine-1.3.2.jar:1.3.2]
	at org.junit.platform.engine.support.hierarchical.NodeTestTask.lambda$executeRecursively$4(NodeTestTask.java:112) ~[junit-platform-engine-1.3.2.jar:1.3.2]
	at org.junit.platform.engine.support.hierarchical.ThrowableCollector.execute(ThrowableCollector.java:72) ~[junit-platform-engine-1.3.2.jar:1.3.2]
	at org.junit.platform.engine.support.hierarchical.NodeTestTask.executeRecursively(NodeTestTask.java:98) ~[junit-platform-engine-1.3.2.jar:1.3.2]
	at org.junit.platform.engine.support.hierarchical.NodeTestTask.execute(NodeTestTask.java:74) ~[junit-platform-engine-1.3.2.jar:1.3.2]
	at java.util.ArrayList.forEach(ArrayList.java:1257) ~[?:1.8.0_202]
	at org.junit.platform.engine.support.hierarchical.SameThreadHierarchicalTestExecutorService.invokeAll(SameThreadHierarchicalTestExecutorService.java:38) ~[junit-platform-engine-1.3.2.jar:1.3.2]
	at org.junit.platform.engine.support.hierarchical.NodeTestTask.lambda$executeRecursively$4(NodeTestTask.java:112) ~[junit-platform-engine-1.3.2.jar:1.3.2]
	at org.junit.platform.engine.support.hierarchical.ThrowableCollector.execute(ThrowableCollector.java:72) ~[junit-platform-engine-1.3.2.jar:1.3.2]
	at org.junit.platform.engine.support.hierarchical.NodeTestTask.executeRecursively(NodeTestTask.java:98) ~[junit-platform-engine-1.3.2.jar:1.3.2]
	at org.junit.platform.engine.support.hierarchical.NodeTestTask.execute(NodeTestTask.java:74) ~[junit-platform-engine-1.3.2.jar:1.3.2]
	at org.junit.platform.engine.support.hierarchical.SameThreadHierarchicalTestExecutorService.submit(SameThreadHierarchicalTestExecutorService.java:32) ~[junit-platform-engine-1.3.2.jar:1.3.2]
	at org.junit.platform.engine.support.hierarchical.HierarchicalTestExecutor.execute(HierarchicalTestExecutor.java:57) ~[junit-platform-engine-1.3.2.jar:1.3.2]
	at org.junit.platform.engine.support.hierarchical.HierarchicalTestEngine.execute(HierarchicalTestEngine.java:51) ~[junit-platform-engine-1.3.2.jar:1.3.2]
	at org.junit.platform.launcher.core.DefaultLauncher.execute(DefaultLauncher.java:220) ~[junit-platform-launcher-1.3.2.jar:1.3.2]
	at org.junit.platform.launcher.core.DefaultLauncher.lambda$execute$6(DefaultLauncher.java:188) ~[junit-platform-launcher-1.3.2.jar:1.3.2]
	at org.junit.platform.launcher.core.DefaultLauncher.withInterceptedStreams(DefaultLauncher.java:202) [junit-platform-launcher-1.3.2.jar:1.3.2]
	at org.junit.platform.launcher.core.DefaultLauncher.execute(DefaultLauncher.java:181) [junit-platform-launcher-1.3.2.jar:1.3.2]
	at org.junit.platform.launcher.core.DefaultLauncher.execute(DefaultLauncher.java:128) [junit-platform-launcher-1.3.2.jar:1.3.2]
	at com.intellij.junit5.JUnit5IdeaTestRunner.startRunnerWithArgs(JUnit5IdeaTestRunner.java:71) [junit5-rt.jar:?]
	at com.intellij.rt.junit.IdeaTestRunner$Repeater.startRunnerWithArgs(IdeaTestRunner.java:33) [junit-rt.jar:?]
	at com.intellij.rt.junit.JUnitStarter.prepareStreamsAndStart(JUnitStarter.java:235) [junit-rt.jar:?]
	at com.intellij.rt.junit.JUnitStarter.main(JUnitStarter.java:54) [junit-rt.jar:?]
2022-03-21 13:55:49.951 [main] INFO  DataBaseTestConfig - Create DB connection
2022-03-21 13:55:49.972 [main] INFO  DataBaseTestConfig - Closing Result Set
2022-03-21 13:55:49.972 [main] INFO  DataBaseTestConfig - Closing Prepared Statement
2022-03-21 13:55:49.972 [main] INFO  DataBaseTestConfig - Closing DB connection
2022-03-21 13:55:49.975 [main] INFO  DataBaseTestConfig - Create DB connection
2022-03-21 13:55:49.998 [main] INFO  DataBaseTestConfig - Closing Result Set
2022-03-21 13:55:49.999 [main] INFO  DataBaseTestConfig - Closing Prepared Statement
2022-03-21 13:55:49.999 [main] INFO  DataBaseTestConfig - Closing DB connection
2022-03-21 13:56:03.519 [main] INFO  DataBaseTestConfig - Create DB connection
2022-03-21 13:56:04.310 [main] INFO  DataBaseTestConfig - Closing DB connection
2022-03-21 13:56:04.327 [main] INFO  DataBaseTestConfig - Create DB connection
2022-03-21 13:56:04.388 [main] INFO  DataBaseTestConfig - Closing Result Set
2022-03-21 13:56:04.388 [main] INFO  DataBaseTestConfig - Closing Prepared Statement
2022-03-21 13:56:04.389 [main] INFO  DataBaseTestConfig - Closing DB connection
2022-03-21 13:56:04.390 [main] INFO  DataBaseTestConfig - Create DB connection
2022-03-21 13:56:04.420 [main] INFO  DataBaseTestConfig - Closing Prepared Statement
2022-03-21 13:56:04.421 [main] INFO  DataBaseTestConfig - Closing DB connection
2022-03-21 13:56:04.421 [main] INFO  DataBaseTestConfig - Create DB connection
2022-03-21 13:56:04.455 [main] INFO  DataBaseTestConfig - Closing DB connection
2022-03-21 13:56:04.455 [main] INFO  DataBaseTestConfig - Create DB connection
2022-03-21 13:56:04.477 [main] INFO  DataBaseTestConfig - Closing Result Set
2022-03-21 13:56:04.478 [main] INFO  DataBaseTestConfig - Closing Prepared Statement
2022-03-21 13:56:04.478 [main] INFO  DataBaseTestConfig - Closing DB connection
2022-03-21 13:56:04.480 [main] INFO  DataBaseTestConfig - Create DB connection
2022-03-21 13:56:04.500 [main] INFO  DataBaseTestConfig - Closing Result Set
2022-03-21 13:56:04.500 [main] INFO  DataBaseTestConfig - Closing Prepared Statement
2022-03-21 13:56:04.501 [main] INFO  DataBaseTestConfig - Closing DB connection
2022-03-21 13:56:04.502 [main] INFO  DataBaseTestConfig - Create DB connection
2022-03-21 13:56:04.529 [main] INFO  DataBaseTestConfig - Closing Result Set
2022-03-21 13:56:04.529 [main] INFO  DataBaseTestConfig - Closing Prepared Statement
2022-03-21 13:56:04.530 [main] INFO  DataBaseTestConfig - Closing DB connection
2022-03-21 13:56:04.530 [main] INFO  DataBaseTestConfig - Create DB connection
2022-03-21 13:56:04.559 [main] INFO  DataBaseTestConfig - Closing DB connection
2022-03-21 13:56:04.560 [main] INFO  DataBaseTestConfig - Create DB connection
2022-03-21 13:56:04.584 [main] INFO  DataBaseTestConfig - Closing Prepared Statement
2022-03-21 13:56:04.585 [main] INFO  DataBaseTestConfig - Closing DB connection
2022-03-21 13:56:04.585 [main] INFO  DataBaseTestConfig - Create DB connection
2022-03-21 13:56:04.609 [main] INFO  DataBaseTestConfig - Closing Result Set
2022-03-21 13:56:04.609 [main] INFO  DataBaseTestConfig - Closing Prepared Statement
2022-03-21 13:56:04.610 [main] INFO  DataBaseTestConfig - Closing DB connection
2022-03-21 13:56:04.612 [main] INFO  DataBaseTestConfig - Create DB connection
2022-03-21 13:56:04.634 [main] INFO  DataBaseTestConfig - Closing Result Set
2022-03-21 13:56:04.635 [main] INFO  DataBaseTestConfig - Closing Prepared Statement
2022-03-21 13:56:04.635 [main] INFO  DataBaseTestConfig - Closing DB connection
